[1.477s] Invoking command in '/home/jairls/robot_incendios_ws/scr/simulacion_ri': PYTHONPATH=/home/jairls/robot_incendios_ws/build/simulacion_ri/prefix_override:/usr/lib/python3/dist-packages/colcon_core/task/python/colcon_distutils_commands:/home/jairls/robot_incendios_ws/install/simulacion_ri/lib/python3.12/site-packages:${PYTHONPATH} /usr/bin/python3 -W ignore:setup.py install is deprecated -W ignore:easy_install command is deprecated setup.py egg_info --egg-base ../../build/simulacion_ri build --build-base /home/jairls/robot_incendios_ws/build/simulacion_ri/build install --record /home/jairls/robot_incendios_ws/build/simulacion_ri/install.log --single-version-externally-managed install_data
[1.966s] running egg_info
[1.998s] writing ../../build/simulacion_ri/simulacion_ri.egg-info/PKG-INFO
[1.998s] writing dependency_links to ../../build/simulacion_ri/simulacion_ri.egg-info/dependency_links.txt
[1.998s] writing entry points to ../../build/simulacion_ri/simulacion_ri.egg-info/entry_points.txt
[1.999s] writing requirements to ../../build/simulacion_ri/simulacion_ri.egg-info/requires.txt
[1.999s] writing top-level names to ../../build/simulacion_ri/simulacion_ri.egg-info/top_level.txt
[2.066s] reading manifest file '../../build/simulacion_ri/simulacion_ri.egg-info/SOURCES.txt'
[2.068s] writing manifest file '../../build/simulacion_ri/simulacion_ri.egg-info/SOURCES.txt'
[2.068s] running build
[2.069s] running build_py
[2.070s] running install
[2.080s] running install_lib
[2.109s] running install_data
[2.110s] running install_egg_info
[2.139s] removing '/home/jairls/robot_incendios_ws/install/simulacion_ri/lib/python3.12/site-packages/simulacion_ri-0.0.0-py3.12.egg-info' (and everything under it)
[2.140s] Copying ../../build/simulacion_ri/simulacion_ri.egg-info to /home/jairls/robot_incendios_ws/install/simulacion_ri/lib/python3.12/site-packages/simulacion_ri-0.0.0-py3.12.egg-info
[2.142s] running install_scripts
[2.401s] Installing robot script to /home/jairls/robot_incendios_ws/install/simulacion_ri/lib/simulacion_ri
[2.401s] writing list of installed files to '/home/jairls/robot_incendios_ws/build/simulacion_ri/install.log'
[2.449s] Invoked command in '/home/jairls/robot_incendios_ws/scr/simulacion_ri' returned '0': PYTHONPATH=/home/jairls/robot_incendios_ws/build/simulacion_ri/prefix_override:/usr/lib/python3/dist-packages/colcon_core/task/python/colcon_distutils_commands:/home/jairls/robot_incendios_ws/install/simulacion_ri/lib/python3.12/site-packages:${PYTHONPATH} /usr/bin/python3 -W ignore:setup.py install is deprecated -W ignore:easy_install command is deprecated setup.py egg_info --egg-base ../../build/simulacion_ri build --build-base /home/jairls/robot_incendios_ws/build/simulacion_ri/build install --record /home/jairls/robot_incendios_ws/build/simulacion_ri/install.log --single-version-externally-managed install_data
