running egg_info
creating ../../build/simulacion_RI/simulacion_RI.egg-info
writing ../../build/simulacion_RI/simulacion_RI.egg-info/PKG-INFO
writing dependency_links to ../../build/simulacion_RI/simulacion_RI.egg-info/dependency_links.txt
writing entry points to ../../build/simulacion_RI/simulacion_RI.egg-info/entry_points.txt
writing requirements to ../../build/simulacion_RI/simulacion_RI.egg-info/requires.txt
writing top-level names to ../../build/simulacion_RI/simulacion_RI.egg-info/top_level.txt
writing manifest file '../../build/simulacion_RI/simulacion_RI.egg-info/SOURCES.txt'
reading manifest file '../../build/simulacion_RI/simulacion_RI.egg-info/SOURCES.txt'
writing manifest file '../../build/simulacion_RI/simulacion_RI.egg-info/SOURCES.txt'
running build
running build_py
creating /home/jairls/robot_incendios_ws/build/simulacion_RI/build
creating /home/jairls/robot_incendios_ws/build/simulacion_RI/build/lib
creating /home/jairls/robot_incendios_ws/build/simulacion_RI/build/lib/simulacion_RI
copying simulacion_RI/__init__.py -> /home/jairls/robot_incendios_ws/build/simulacion_RI/build/lib/simulacion_RI
copying simulacion_RI/robot.py -> /home/jairls/robot_incendios_ws/build/simulacion_RI/build/lib/simulacion_RI
running install
running install_lib
creating /home/jairls/robot_incendios_ws/install/simulacion_RI/lib/python3.12/site-packages/simulacion_RI
copying /home/jairls/robot_incendios_ws/build/simulacion_RI/build/lib/simulacion_RI/__init__.py -> /home/jairls/robot_incendios_ws/install/simulacion_RI/lib/python3.12/site-packages/simulacion_RI
copying /home/jairls/robot_incendios_ws/build/simulacion_RI/build/lib/simulacion_RI/robot.py -> /home/jairls/robot_incendios_ws/install/simulacion_RI/lib/python3.12/site-packages/simulacion_RI
byte-compiling /home/jairls/robot_incendios_ws/install/simulacion_RI/lib/python3.12/site-packages/simulacion_RI/__init__.py to __init__.cpython-312.pyc
byte-compiling /home/jairls/robot_incendios_ws/install/simulacion_RI/lib/python3.12/site-packages/simulacion_RI/robot.py to robot.cpython-312.pyc
running install_data
creating /home/jairls/robot_incendios_ws/install/simulacion_RI/share/ament_index
creating /home/jairls/robot_incendios_ws/install/simulacion_RI/share/ament_index/resource_index
creating /home/jairls/robot_incendios_ws/install/simulacion_RI/share/ament_index/resource_index/packages
copying resource/simulacion_RI -> /home/jairls/robot_incendios_ws/install/simulacion_RI/share/ament_index/resource_index/packages
copying package.xml -> /home/jairls/robot_incendios_ws/install/simulacion_RI/share/simulacion_RI
running install_egg_info
Copying ../../build/simulacion_RI/simulacion_RI.egg-info to /home/jairls/robot_incendios_ws/install/simulacion_RI/lib/python3.12/site-packages/simulacion_RI-0.0.0-py3.12.egg-info
running install_scripts
Installing robot script to /home/jairls/robot_incendios_ws/install/simulacion_RI/lib/simulacion_RI
writing list of installed files to '/home/jairls/robot_incendios_ws/build/simulacion_RI/install.log'
