[2.150s] Invoking command in '/home/jairls/robot_incendios_ws/scr/simulacion_RI': PYTHONPATH=/home/jairls/robot_incendios_ws/build/simulacion_RI/prefix_override:/usr/lib/python3/dist-packages/colcon_core/task/python/colcon_distutils_commands:/home/jairls/robot_incendios_ws/install/simulacion_RI/lib/python3.12/site-packages:${PYTHONPATH} /usr/bin/python3 -W ignore:setup.py install is deprecated -W ignore:easy_install command is deprecated setup.py egg_info --egg-base ../../build/simulacion_RI build --build-base /home/jairls/robot_incendios_ws/build/simulacion_RI/build install --record /home/jairls/robot_incendios_ws/build/simulacion_RI/install.log --single-version-externally-managed install_data
[2.754s] running egg_info
[2.755s] creating ../../build/simulacion_RI/simulacion_RI.egg-info
[2.782s] writing ../../build/simulacion_RI/simulacion_RI.egg-info/PKG-INFO
[2.782s] writing dependency_links to ../../build/simulacion_RI/simulacion_RI.egg-info/dependency_links.txt
[2.784s] writing entry points to ../../build/simulacion_RI/simulacion_RI.egg-info/entry_points.txt
[2.784s] writing requirements to ../../build/simulacion_RI/simulacion_RI.egg-info/requires.txt
[2.785s] writing top-level names to ../../build/simulacion_RI/simulacion_RI.egg-info/top_level.txt
[2.785s] writing manifest file '../../build/simulacion_RI/simulacion_RI.egg-info/SOURCES.txt'
[2.863s] reading manifest file '../../build/simulacion_RI/simulacion_RI.egg-info/SOURCES.txt'
[2.866s] writing manifest file '../../build/simulacion_RI/simulacion_RI.egg-info/SOURCES.txt'
[2.867s] running build
[2.868s] running build_py
[2.868s] creating /home/jairls/robot_incendios_ws/build/simulacion_RI/build
[2.868s] creating /home/jairls/robot_incendios_ws/build/simulacion_RI/build/lib
[2.868s] creating /home/jairls/robot_incendios_ws/build/simulacion_RI/build/lib/simulacion_RI
[2.870s] copying simulacion_RI/__init__.py -> /home/jairls/robot_incendios_ws/build/simulacion_RI/build/lib/simulacion_RI
[2.870s] copying simulacion_RI/robot.py -> /home/jairls/robot_incendios_ws/build/simulacion_RI/build/lib/simulacion_RI
[2.871s] running install
[2.886s] running install_lib
[2.929s] creating /home/jairls/robot_incendios_ws/install/simulacion_RI/lib/python3.12/site-packages/simulacion_RI
[2.931s] copying /home/jairls/robot_incendios_ws/build/simulacion_RI/build/lib/simulacion_RI/__init__.py -> /home/jairls/robot_incendios_ws/install/simulacion_RI/lib/python3.12/site-packages/simulacion_RI
[2.932s] copying /home/jairls/robot_incendios_ws/build/simulacion_RI/build/lib/simulacion_RI/robot.py -> /home/jairls/robot_incendios_ws/install/simulacion_RI/lib/python3.12/site-packages/simulacion_RI
[2.932s] byte-compiling /home/jairls/robot_incendios_ws/install/simulacion_RI/lib/python3.12/site-packages/simulacion_RI/__init__.py to __init__.cpython-312.pyc
[2.933s] byte-compiling /home/jairls/robot_incendios_ws/install/simulacion_RI/lib/python3.12/site-packages/simulacion_RI/robot.py to robot.cpython-312.pyc
[2.933s] running install_data
[2.933s] creating /home/jairls/robot_incendios_ws/install/simulacion_RI/share/ament_index
[2.934s] creating /home/jairls/robot_incendios_ws/install/simulacion_RI/share/ament_index/resource_index
[2.934s] creating /home/jairls/robot_incendios_ws/install/simulacion_RI/share/ament_index/resource_index/packages
[2.935s] copying resource/simulacion_RI -> /home/jairls/robot_incendios_ws/install/simulacion_RI/share/ament_index/resource_index/packages
[2.935s] copying package.xml -> /home/jairls/robot_incendios_ws/install/simulacion_RI/share/simulacion_RI
[2.935s] running install_egg_info
[2.997s] Copying ../../build/simulacion_RI/simulacion_RI.egg-info to /home/jairls/robot_incendios_ws/install/simulacion_RI/lib/python3.12/site-packages/simulacion_RI-0.0.0-py3.12.egg-info
[3.004s] running install_scripts
[3.356s] Installing robot script to /home/jairls/robot_incendios_ws/install/simulacion_RI/lib/simulacion_RI
[3.356s] writing list of installed files to '/home/jairls/robot_incendios_ws/build/simulacion_RI/install.log'
[3.463s] Invoked command in '/home/jairls/robot_incendios_ws/scr/simulacion_RI' returned '0': PYTHONPATH=/home/jairls/robot_incendios_ws/build/simulacion_RI/prefix_override:/usr/lib/python3/dist-packages/colcon_core/task/python/colcon_distutils_commands:/home/jairls/robot_incendios_ws/install/simulacion_RI/lib/python3.12/site-packages:${PYTHONPATH} /usr/bin/python3 -W ignore:setup.py install is deprecated -W ignore:easy_install command is deprecated setup.py egg_info --egg-base ../../build/simulacion_RI build --build-base /home/jairls/robot_incendios_ws/build/simulacion_RI/build install --record /home/jairls/robot_incendios_ws/build/simulacion_RI/install.log --single-version-externally-managed install_data
