[0.010s] Invoking command in '/home/jairls/robot_incendios_ws/build/simulacion_ri': CMAKE_PREFIX_PATH=${CMAKE_PREFIX_PATH}:/home/jairls/robot_incendios_ws/install/simulacion_ri:/home/jairls/robot_incendios_ws/install/simulacion_RI:/home/jairls/robot_incendios_ws/install/robot_incendios:/opt/ros/jazzy /usr/bin/cmake /home/jairls/robot_incendios_ws/scr/simulacion_ri -DCMAKE_INSTALL_PREFIX=/home/jairls/robot_incendios_ws/install/simulacion_ri
[0.021s] -- Found ament_cmake: 2.5.6 (/opt/ros/jazzy/share/ament_cmake/cmake)
[0.273s] -- Configuring done (0.3s)
[0.276s] -- Generating done (0.0s)
[0.278s] -- Build files have been written to: /home/jairls/robot_incendios_ws/build/simulacion_ri
[0.280s] Invoked command in '/home/jairls/robot_incendios_ws/build/simulacion_ri' returned '0': CMAKE_PREFIX_PATH=${CMAKE_PREFIX_PATH}:/home/jairls/robot_incendios_ws/install/simulacion_ri:/home/jairls/robot_incendios_ws/install/simulacion_RI:/home/jairls/robot_incendios_ws/install/robot_incendios:/opt/ros/jazzy /usr/bin/cmake /home/jairls/robot_incendios_ws/scr/simulacion_ri -DCMAKE_INSTALL_PREFIX=/home/jairls/robot_incendios_ws/install/simulacion_ri
[0.281s] Invoking command in '/home/jairls/robot_incendios_ws/build/simulacion_ri': CMAKE_PREFIX_PATH=${CMAKE_PREFIX_PATH}:/home/jairls/robot_incendios_ws/install/simulacion_ri:/home/jairls/robot_incendios_ws/install/simulacion_RI:/home/jairls/robot_incendios_ws/install/robot_incendios:/opt/ros/jazzy /usr/bin/cmake --build /home/jairls/robot_incendios_ws/build/simulacion_ri -- -j12 -l12
[0.315s] Invoked command in '/home/jairls/robot_incendios_ws/build/simulacion_ri' returned '0': CMAKE_PREFIX_PATH=${CMAKE_PREFIX_PATH}:/home/jairls/robot_incendios_ws/install/simulacion_ri:/home/jairls/robot_incendios_ws/install/simulacion_RI:/home/jairls/robot_incendios_ws/install/robot_incendios:/opt/ros/jazzy /usr/bin/cmake --build /home/jairls/robot_incendios_ws/build/simulacion_ri -- -j12 -l12
[0.322s] Invoking command in '/home/jairls/robot_incendios_ws/build/simulacion_ri': CMAKE_PREFIX_PATH=${CMAKE_PREFIX_PATH}:/home/jairls/robot_incendios_ws/install/simulacion_ri:/home/jairls/robot_incendios_ws/install/simulacion_RI:/home/jairls/robot_incendios_ws/install/robot_incendios:/opt/ros/jazzy /usr/bin/cmake --install /home/jairls/robot_incendios_ws/build/simulacion_ri
[0.330s] -- Install configuration: ""
[0.331s] -- Installing: /home/jairls/robot_incendios_ws/install/simulacion_ri/share/simulacion_ri/config
[0.331s] -- Installing: /home/jairls/robot_incendios_ws/install/simulacion_ri/share/simulacion_ri/config/robot.rviz
[0.332s] -- Installing: /home/jairls/robot_incendios_ws/install/simulacion_ri/share/simulacion_ri/config/joint_names_Ensamblaje_V1.yaml
[0.332s] -- Installing: /home/jairls/robot_incendios_ws/install/simulacion_ri/share/simulacion_ri/launch
[0.332s] -- Installing: /home/jairls/robot_incendios_ws/install/simulacion_ri/share/simulacion_ri/launch/gazebo.launch.py
[0.332s] -- Installing: /home/jairls/robot_incendios_ws/install/simulacion_ri/share/simulacion_ri/launch/display.launch
[0.332s] -- Installing: /home/jairls/robot_incendios_ws/install/simulacion_ri/share/simulacion_ri/launch/gazebo.launch
[0.332s] -- Installing: /home/jairls/robot_incendios_ws/install/simulacion_ri/share/simulacion_ri/meshes
[0.332s] -- Installing: /home/jairls/robot_incendios_ws/install/simulacion_ri/share/simulacion_ri/meshes/lidar_link.STL
[0.334s] -- Installing: /home/jairls/robot_incendios_ws/install/simulacion_ri/share/simulacion_ri/meshes/rueda_derecha_trasera_link.STL
[0.335s] -- Installing: /home/jairls/robot_incendios_ws/install/simulacion_ri/share/simulacion_ri/meshes/rueda_izquierda_trasera_link.STL
[0.336s] -- Installing: /home/jairls/robot_incendios_ws/install/simulacion_ri/share/simulacion_ri/meshes/base_link.STL
[0.351s] -- Installing: /home/jairls/robot_incendios_ws/install/simulacion_ri/share/simulacion_ri/meshes/rueda_izquierda_delantera_link.STL
[0.353s] -- Installing: /home/jairls/robot_incendios_ws/install/simulacion_ri/share/simulacion_ri/meshes/rueda_derecha_delantera_link.STL
[0.355s] -- Installing: /home/jairls/robot_incendios_ws/install/simulacion_ri/share/simulacion_ri/urdf
[0.355s] -- Installing: /home/jairls/robot_incendios_ws/install/simulacion_ri/share/simulacion_ri/urdf/Ensamblaje_V1.urdf
[0.355s] -- Installing: /home/jairls/robot_incendios_ws/install/simulacion_ri/share/simulacion_ri/urdf/Ensamblaje_V1.csv
[0.355s] -- Installing: /home/jairls/robot_incendios_ws/install/simulacion_ri/share/simulacion_ri/textures
[0.355s] -- Installing: /home/jairls/robot_incendios_ws/install/simulacion_ri/share/ament_index/resource_index/package_run_dependencies/simulacion_ri
[0.356s] -- Installing: /home/jairls/robot_incendios_ws/install/simulacion_ri/share/ament_index/resource_index/parent_prefix_path/simulacion_ri
[0.356s] -- Installing: /home/jairls/robot_incendios_ws/install/simulacion_ri/share/simulacion_ri/environment/ament_prefix_path.sh
[0.356s] -- Installing: /home/jairls/robot_incendios_ws/install/simulacion_ri/share/simulacion_ri/environment/ament_prefix_path.dsv
[0.357s] -- Installing: /home/jairls/robot_incendios_ws/install/simulacion_ri/share/simulacion_ri/environment/path.sh
[0.357s] -- Installing: /home/jairls/robot_incendios_ws/install/simulacion_ri/share/simulacion_ri/environment/path.dsv
[0.357s] -- Installing: /home/jairls/robot_incendios_ws/install/simulacion_ri/share/simulacion_ri/local_setup.bash
[0.357s] -- Installing: /home/jairls/robot_incendios_ws/install/simulacion_ri/share/simulacion_ri/local_setup.sh
[0.357s] -- Installing: /home/jairls/robot_incendios_ws/install/simulacion_ri/share/simulacion_ri/local_setup.zsh
[0.357s] -- Installing: /home/jairls/robot_incendios_ws/install/simulacion_ri/share/simulacion_ri/local_setup.dsv
[0.357s] -- Installing: /home/jairls/robot_incendios_ws/install/simulacion_ri/share/simulacion_ri/package.dsv
[0.357s] -- Installing: /home/jairls/robot_incendios_ws/install/simulacion_ri/share/ament_index/resource_index/packages/simulacion_ri
[0.357s] -- Installing: /home/jairls/robot_incendios_ws/install/simulacion_ri/share/simulacion_ri/cmake/simulacion_riConfig.cmake
[0.357s] -- Installing: /home/jairls/robot_incendios_ws/install/simulacion_ri/share/simulacion_ri/cmake/simulacion_riConfig-version.cmake
[0.357s] -- Installing: /home/jairls/robot_incendios_ws/install/simulacion_ri/share/simulacion_ri/package.xml
[0.359s] Invoked command in '/home/jairls/robot_incendios_ws/build/simulacion_ri' returned '0': CMAKE_PREFIX_PATH=${CMAKE_PREFIX_PATH}:/home/jairls/robot_incendios_ws/install/simulacion_ri:/home/jairls/robot_incendios_ws/install/simulacion_RI:/home/jairls/robot_incendios_ws/install/robot_incendios:/opt/ros/jazzy /usr/bin/cmake --install /home/jairls/robot_incendios_ws/build/simulacion_ri
