[0.017s] Invoking command in '/home/jairls/robot_incendios_ws/build/simulacion_ri': CMAKE_PREFIX_PATH=${CMAKE_PREFIX_PATH}:/opt/ros/jazzy /usr/bin/cmake /home/jairls/robot_incendios_ws/scr/simulacion_ri -DCMAKE_INSTALL_PREFIX=/home/jairls/robot_incendios_ws/install/simulacion_ri
[0.082s] -- Found ament_cmake: 2.5.6 (/opt/ros/jazzy/share/ament_cmake/cmake)
[0.307s] -- Override CMake install command with custom implementation using symlinks instead of copying resources
[0.412s] -- Configuring done (0.3s)
[0.422s] -- Generating done (0.0s)
[0.424s] -- Build files have been written to: /home/jairls/robot_incendios_ws/build/simulacion_ri
[0.430s] Invoked command in '/home/jairls/robot_incendios_ws/build/simulacion_ri' returned '0': CMAKE_PREFIX_PATH=${CMAKE_PREFIX_PATH}:/opt/ros/jazzy /usr/bin/cmake /home/jairls/robot_incendios_ws/scr/simulacion_ri -DCMAKE_INSTALL_PREFIX=/home/jairls/robot_incendios_ws/install/simulacion_ri
[0.430s] Invoking command in '/home/jairls/robot_incendios_ws/build/simulacion_ri': CMAKE_PREFIX_PATH=${CMAKE_PREFIX_PATH}:/opt/ros/jazzy /usr/bin/cmake --build /home/jairls/robot_incendios_ws/build/simulacion_ri -- -j12 -l12
[0.478s] Invoked command in '/home/jairls/robot_incendios_ws/build/simulacion_ri' returned '0': CMAKE_PREFIX_PATH=${CMAKE_PREFIX_PATH}:/opt/ros/jazzy /usr/bin/cmake --build /home/jairls/robot_incendios_ws/build/simulacion_ri -- -j12 -l12
[0.494s] Invoking command in '/home/jairls/robot_incendios_ws/build/simulacion_ri': CMAKE_PREFIX_PATH=${CMAKE_PREFIX_PATH}:/opt/ros/jazzy /usr/bin/cmake --install /home/jairls/robot_incendios_ws/build/simulacion_ri
[0.503s] -- Install configuration: ""
[0.504s] -- Execute custom install script
[0.509s] -- Up-to-date symlink: /home/jairls/robot_incendios_ws/install/simulacion_ri/share/simulacion_ri/config/joint_names_Ensamblaje_V1.yaml
[0.510s] -- Up-to-date symlink: /home/jairls/robot_incendios_ws/install/simulacion_ri/share/simulacion_ri/config/robot.rviz
[0.512s] -- Up-to-date symlink: /home/jairls/robot_incendios_ws/install/simulacion_ri/share/simulacion_ri/launch/display.launch
[0.512s] -- Up-to-date symlink: /home/jairls/robot_incendios_ws/install/simulacion_ri/share/simulacion_ri/launch/display.launch.py
[0.513s] -- Up-to-date symlink: /home/jairls/robot_incendios_ws/install/simulacion_ri/share/simulacion_ri/launch/gazebo.launch
[0.513s] -- Up-to-date symlink: /home/jairls/robot_incendios_ws/install/simulacion_ri/share/simulacion_ri/launch/gazebo.launch.py
[0.515s] -- Up-to-date symlink: /home/jairls/robot_incendios_ws/install/simulacion_ri/share/simulacion_ri/meshes/base_link.STL
[0.515s] -- Up-to-date symlink: /home/jairls/robot_incendios_ws/install/simulacion_ri/share/simulacion_ri/meshes/lidar_link.STL
[0.516s] -- Up-to-date symlink: /home/jairls/robot_incendios_ws/install/simulacion_ri/share/simulacion_ri/meshes/rueda_derecha_delantera_link.STL
[0.516s] -- Up-to-date symlink: /home/jairls/robot_incendios_ws/install/simulacion_ri/share/simulacion_ri/meshes/rueda_derecha_trasera_link.STL
[0.517s] -- Up-to-date symlink: /home/jairls/robot_incendios_ws/install/simulacion_ri/share/simulacion_ri/meshes/rueda_izquierda_delantera_link.STL
[0.518s] -- Up-to-date symlink: /home/jairls/robot_incendios_ws/install/simulacion_ri/share/simulacion_ri/meshes/rueda_izquierda_trasera_link.STL
[0.519s] -- Up-to-date symlink: /home/jairls/robot_incendios_ws/install/simulacion_ri/share/simulacion_ri/urdf/Ensamblaje_V1.csv
[0.520s] -- Up-to-date symlink: /home/jairls/robot_incendios_ws/install/simulacion_ri/share/simulacion_ri/urdf/Ensamblaje_V1.urdf
[0.523s] -- Up-to-date symlink: /home/jairls/robot_incendios_ws/install/simulacion_ri/share/ament_index/resource_index/package_run_dependencies/simulacion_ri
[0.525s] -- Up-to-date symlink: /home/jairls/robot_incendios_ws/install/simulacion_ri/share/ament_index/resource_index/parent_prefix_path/simulacion_ri
[0.527s] -- Up-to-date symlink: /home/jairls/robot_incendios_ws/install/simulacion_ri/share/simulacion_ri/environment/ament_prefix_path.sh
[0.527s] -- Up-to-date symlink: /home/jairls/robot_incendios_ws/install/simulacion_ri/share/simulacion_ri/environment/ament_prefix_path.dsv
[0.528s] -- Up-to-date symlink: /home/jairls/robot_incendios_ws/install/simulacion_ri/share/simulacion_ri/environment/path.sh
[0.529s] -- Up-to-date symlink: /home/jairls/robot_incendios_ws/install/simulacion_ri/share/simulacion_ri/environment/path.dsv
[0.529s] -- Up-to-date symlink: /home/jairls/robot_incendios_ws/install/simulacion_ri/share/simulacion_ri/local_setup.bash
[0.530s] -- Up-to-date symlink: /home/jairls/robot_incendios_ws/install/simulacion_ri/share/simulacion_ri/local_setup.sh
[0.531s] -- Up-to-date symlink: /home/jairls/robot_incendios_ws/install/simulacion_ri/share/simulacion_ri/local_setup.zsh
[0.532s] -- Up-to-date symlink: /home/jairls/robot_incendios_ws/install/simulacion_ri/share/simulacion_ri/local_setup.dsv
[0.532s] -- Symlinking: /home/jairls/robot_incendios_ws/install/simulacion_ri/share/simulacion_ri/package.dsv
[0.548s] -- Up-to-date symlink: /home/jairls/robot_incendios_ws/install/simulacion_ri/share/ament_index/resource_index/packages/simulacion_ri
[0.549s] -- Up-to-date symlink: /home/jairls/robot_incendios_ws/install/simulacion_ri/share/simulacion_ri/cmake/simulacion_riConfig.cmake
[0.550s] -- Up-to-date symlink: /home/jairls/robot_incendios_ws/install/simulacion_ri/share/simulacion_ri/cmake/simulacion_riConfig-version.cmake
[0.551s] -- Up-to-date symlink: /home/jairls/robot_incendios_ws/install/simulacion_ri/share/simulacion_ri/package.xml
[0.554s] Invoked command in '/home/jairls/robot_incendios_ws/build/simulacion_ri' returned '0': CMAKE_PREFIX_PATH=${CMAKE_PREFIX_PATH}:/opt/ros/jazzy /usr/bin/cmake --install /home/jairls/robot_incendios_ws/build/simulacion_ri
