[4.392s] Invoking command in '/home/jairls/robot_incendios_ws/build/mecanum_robot_sim': PYTHONPATH=/home/jairls/robot_incendios_ws/build/mecanum_robot_sim/prefix_override:/usr/lib/python3/dist-packages/colcon_core/task/python/colcon_distutils_commands:/home/jairls/robot_incendios_ws/install/mecanum_robot_sim/lib/python3.12/site-packages:${PYTHONPATH} /usr/bin/python3 -W ignore:setup.py install is deprecated -W ignore:easy_install command is deprecated setup.py develop --editable --build-directory /home/jairls/robot_incendios_ws/build/mecanum_robot_sim/build --no-deps symlink_data
[5.853s] running develop
[5.853s] running egg_info
[5.853s] creating mecanum_robot_sim.egg-info
[5.853s] writing mecanum_robot_sim.egg-info/PKG-INFO
[5.853s] writing dependency_links to mecanum_robot_sim.egg-info/dependency_links.txt
[5.853s] writing entry points to mecanum_robot_sim.egg-info/entry_points.txt
[5.853s] writing requirements to mecanum_robot_sim.egg-info/requires.txt
[5.853s] writing top-level names to mecanum_robot_sim.egg-info/top_level.txt
[5.853s] writing manifest file 'mecanum_robot_sim.egg-info/SOURCES.txt'
[5.895s] reading manifest file 'mecanum_robot_sim.egg-info/SOURCES.txt'
[5.895s] writing manifest file 'mecanum_robot_sim.egg-info/SOURCES.txt'
[5.970s] running build_ext
[5.971s] Creating /home/jairls/robot_incendios_ws/install/mecanum_robot_sim/lib/python3.12/site-packages/mecanum-robot-sim.egg-link (link to .)
[5.971s] Installing ekf_node script to /home/jairls/robot_incendios_ws/install/mecanum_robot_sim/lib/mecanum_robot_sim
[5.972s] Installing odometry_publisher script to /home/jairls/robot_incendios_ws/install/mecanum_robot_sim/lib/mecanum_robot_sim
[5.972s] 
[5.972s] Installed /home/jairls/robot_incendios_ws/build/mecanum_robot_sim
[5.972s] running symlink_data
[5.972s] creating /home/jairls/robot_incendios_ws/install/mecanum_robot_sim/share/ament_index
[5.972s] creating /home/jairls/robot_incendios_ws/install/mecanum_robot_sim/share/ament_index/resource_index
[5.973s] creating /home/jairls/robot_incendios_ws/install/mecanum_robot_sim/share/ament_index/resource_index/packages
[5.993s] symbolically linking /home/jairls/robot_incendios_ws/build/mecanum_robot_sim/resource/mecanum_robot_sim -> /home/jairls/robot_incendios_ws/install/mecanum_robot_sim/share/ament_index/resource_index/packages
[6.000s] symbolically linking /home/jairls/robot_incendios_ws/build/mecanum_robot_sim/package.xml -> /home/jairls/robot_incendios_ws/install/mecanum_robot_sim/share/mecanum_robot_sim
[6.000s] creating /home/jairls/robot_incendios_ws/install/mecanum_robot_sim/share/mecanum_robot_sim/launch
[6.000s] symbolically linking /home/jairls/robot_incendios_ws/build/mecanum_robot_sim/launch/robot_launch.py -> /home/jairls/robot_incendios_ws/install/mecanum_robot_sim/share/mecanum_robot_sim/launch
[6.001s] symbolically linking /home/jairls/robot_incendios_ws/build/mecanum_robot_sim/launch/robot_camera_launch.py -> /home/jairls/robot_incendios_ws/install/mecanum_robot_sim/share/mecanum_robot_sim/launch
[6.001s] symbolically linking /home/jairls/robot_incendios_ws/build/mecanum_robot_sim/launch/robot_amcl_launch.py -> /home/jairls/robot_incendios_ws/install/mecanum_robot_sim/share/mecanum_robot_sim/launch
[6.001s] creating /home/jairls/robot_incendios_ws/install/mecanum_robot_sim/share/mecanum_robot_sim/resource
[6.009s] symbolically linking /home/jairls/robot_incendios_ws/build/mecanum_robot_sim/resource/robot.urdf -> /home/jairls/robot_incendios_ws/install/mecanum_robot_sim/share/mecanum_robot_sim/resource
[6.009s] symbolically linking /home/jairls/robot_incendios_ws/build/mecanum_robot_sim/resource/robot_camera.urdf -> /home/jairls/robot_incendios_ws/install/mecanum_robot_sim/share/mecanum_robot_sim/resource
[6.009s] symbolically linking /home/jairls/robot_incendios_ws/build/mecanum_robot_sim/resource/rviz_config.rviz -> /home/jairls/robot_incendios_ws/install/mecanum_robot_sim/share/mecanum_robot_sim/resource
[6.009s] symbolically linking /home/jairls/robot_incendios_ws/build/mecanum_robot_sim/resource/rviz_camera_config.rviz -> /home/jairls/robot_incendios_ws/install/mecanum_robot_sim/share/mecanum_robot_sim/resource
[6.009s] symbolically linking /home/jairls/robot_incendios_ws/build/mecanum_robot_sim/resource/ekf_params.yaml -> /home/jairls/robot_incendios_ws/install/mecanum_robot_sim/share/mecanum_robot_sim/resource
[6.015s] symbolically linking /home/jairls/robot_incendios_ws/build/mecanum_robot_sim/resource/slam_toolbox_params.yaml -> /home/jairls/robot_incendios_ws/install/mecanum_robot_sim/share/mecanum_robot_sim/resource
[6.018s] symbolically linking /home/jairls/robot_incendios_ws/build/mecanum_robot_sim/resource/cartographer_params.lua -> /home/jairls/robot_incendios_ws/install/mecanum_robot_sim/share/mecanum_robot_sim/resource
[6.019s] symbolically linking /home/jairls/robot_incendios_ws/build/mecanum_robot_sim/resource/map.yaml -> /home/jairls/robot_incendios_ws/install/mecanum_robot_sim/share/mecanum_robot_sim/resource
[6.019s] symbolically linking /home/jairls/robot_incendios_ws/build/mecanum_robot_sim/resource/map.pgm -> /home/jairls/robot_incendios_ws/install/mecanum_robot_sim/share/mecanum_robot_sim/resource
[6.019s] symbolically linking /home/jairls/robot_incendios_ws/build/mecanum_robot_sim/resource/amcl_params.yaml -> /home/jairls/robot_incendios_ws/install/mecanum_robot_sim/share/mecanum_robot_sim/resource
[6.019s] symbolically linking /home/jairls/robot_incendios_ws/build/mecanum_robot_sim/resource/rviz_amcl_config.rviz -> /home/jairls/robot_incendios_ws/install/mecanum_robot_sim/share/mecanum_robot_sim/resource
[6.019s] creating /home/jairls/robot_incendios_ws/install/mecanum_robot_sim/share/mecanum_robot_sim/worlds
[6.020s] symbolically linking /home/jairls/robot_incendios_ws/build/mecanum_robot_sim/worlds/mecanum_robot.wbt -> /home/jairls/robot_incendios_ws/install/mecanum_robot_sim/share/mecanum_robot_sim/worlds
[6.020s] symbolically linking /home/jairls/robot_incendios_ws/build/mecanum_robot_sim/worlds/mecanum_robot_camera.wbt -> /home/jairls/robot_incendios_ws/install/mecanum_robot_sim/share/mecanum_robot_sim/worlds
[6.247s] Invoked command in '/home/jairls/robot_incendios_ws/build/mecanum_robot_sim' returned '0': PYTHONPATH=/home/jairls/robot_incendios_ws/build/mecanum_robot_sim/prefix_override:/usr/lib/python3/dist-packages/colcon_core/task/python/colcon_distutils_commands:/home/jairls/robot_incendios_ws/install/mecanum_robot_sim/lib/python3.12/site-packages:${PYTHONPATH} /usr/bin/python3 -W ignore:setup.py install is deprecated -W ignore:easy_install command is deprecated setup.py develop --editable --build-directory /home/jairls/robot_incendios_ws/build/mecanum_robot_sim/build --no-deps symlink_data
