[1.145s] Invoking command in '/home/jairls/robot_incendios_ws/scr/simulacion_RI': PYTHONPATH=/home/jairls/robot_incendios_ws/build/simulacion_RI/prefix_override:/usr/lib/python3/dist-packages/colcon_core/task/python/colcon_distutils_commands:/home/jairls/robot_incendios_ws/install/simulacion_RI/lib/python3.12/site-packages:${PYTHONPATH} /usr/bin/python3 -W ignore:setup.py install is deprecated -W ignore:easy_install command is deprecated setup.py egg_info --egg-base ../../build/simulacion_RI build --build-base /home/jairls/robot_incendios_ws/build/simulacion_RI/build install --record /home/jairls/robot_incendios_ws/build/simulacion_RI/install.log --single-version-externally-managed install_data
[1.495s] running egg_info
[1.526s] writing ../../build/simulacion_RI/simulacion_RI.egg-info/PKG-INFO
[1.527s] writing dependency_links to ../../build/simulacion_RI/simulacion_RI.egg-info/dependency_links.txt
[1.528s] writing entry points to ../../build/simulacion_RI/simulacion_RI.egg-info/entry_points.txt
[1.529s] writing requirements to ../../build/simulacion_RI/simulacion_RI.egg-info/requires.txt
[1.531s] writing top-level names to ../../build/simulacion_RI/simulacion_RI.egg-info/top_level.txt
[1.599s] reading manifest file '../../build/simulacion_RI/simulacion_RI.egg-info/SOURCES.txt'
[1.600s] writing manifest file '../../build/simulacion_RI/simulacion_RI.egg-info/SOURCES.txt'
[1.601s] running build
[1.601s] running build_py
[1.601s] running install
[1.611s] running install_lib
[1.637s] running install_data
[1.637s] running install_egg_info
[1.665s] removing '/home/jairls/robot_incendios_ws/install/simulacion_RI/lib/python3.12/site-packages/simulacion_RI-0.0.0-py3.12.egg-info' (and everything under it)
[1.665s] Copying ../../build/simulacion_RI/simulacion_RI.egg-info to /home/jairls/robot_incendios_ws/install/simulacion_RI/lib/python3.12/site-packages/simulacion_RI-0.0.0-py3.12.egg-info
[1.668s] running install_scripts
[1.842s] Installing robot script to /home/jairls/robot_incendios_ws/install/simulacion_RI/lib/simulacion_RI
[1.843s] writing list of installed files to '/home/jairls/robot_incendios_ws/build/simulacion_RI/install.log'
[1.894s] Invoked command in '/home/jairls/robot_incendios_ws/scr/simulacion_RI' returned '0': PYTHONPATH=/home/jairls/robot_incendios_ws/build/simulacion_RI/prefix_override:/usr/lib/python3/dist-packages/colcon_core/task/python/colcon_distutils_commands:/home/jairls/robot_incendios_ws/install/simulacion_RI/lib/python3.12/site-packages:${PYTHONPATH} /usr/bin/python3 -W ignore:setup.py install is deprecated -W ignore:easy_install command is deprecated setup.py egg_info --egg-base ../../build/simulacion_RI build --build-base /home/jairls/robot_incendios_ws/build/simulacion_RI/build install --record /home/jairls/robot_incendios_ws/build/simulacion_RI/install.log --single-version-externally-managed install_data
