[1.633s] Invoking command in '/home/jairls/robot_incendios_ws/scr/simulacion_ri': PYTHONPATH=/home/jairls/robot_incendios_ws/build/simulacion_RI/prefix_override:/usr/lib/python3/dist-packages/colcon_core/task/python/colcon_distutils_commands:/home/jairls/robot_incendios_ws/install/simulacion_RI/lib/python3.12/site-packages:${PYTHONPATH} /usr/bin/python3 -W ignore:setup.py install is deprecated -W ignore:easy_install command is deprecated setup.py egg_info --egg-base ../../build/simulacion_RI build --build-base /home/jairls/robot_incendios_ws/build/simulacion_RI/build install --record /home/jairls/robot_incendios_ws/build/simulacion_RI/install.log --single-version-externally-managed install_data
[2.111s] running egg_info
[2.139s] writing ../../build/simulacion_RI/simulacion_RI.egg-info/PKG-INFO
[2.140s] writing dependency_links to ../../build/simulacion_RI/simulacion_RI.egg-info/dependency_links.txt
[2.141s] writing entry points to ../../build/simulacion_RI/simulacion_RI.egg-info/entry_points.txt
[2.141s] writing requirements to ../../build/simulacion_RI/simulacion_RI.egg-info/requires.txt
[2.141s] writing top-level names to ../../build/simulacion_RI/simulacion_RI.egg-info/top_level.txt
[2.196s] reading manifest file '../../build/simulacion_RI/simulacion_RI.egg-info/SOURCES.txt'
[2.197s] writing manifest file '../../build/simulacion_RI/simulacion_RI.egg-info/SOURCES.txt'
[2.197s] running build
[2.198s] running build_py
[2.198s] creating /home/jairls/robot_incendios_ws/build/simulacion_RI/build/lib/simulacion_ri
[2.199s] copying simulacion_ri/__init__.py -> /home/jairls/robot_incendios_ws/build/simulacion_RI/build/lib/simulacion_ri
[2.199s] copying simulacion_ri/robot.py -> /home/jairls/robot_incendios_ws/build/simulacion_RI/build/lib/simulacion_ri
[2.199s] running install
[2.206s] running install_lib
[2.230s] creating /home/jairls/robot_incendios_ws/install/simulacion_RI/lib/python3.12/site-packages/simulacion_ri
[2.231s] copying /home/jairls/robot_incendios_ws/build/simulacion_RI/build/lib/simulacion_ri/__init__.py -> /home/jairls/robot_incendios_ws/install/simulacion_RI/lib/python3.12/site-packages/simulacion_ri
[2.232s] copying /home/jairls/robot_incendios_ws/build/simulacion_RI/build/lib/simulacion_ri/robot.py -> /home/jairls/robot_incendios_ws/install/simulacion_RI/lib/python3.12/site-packages/simulacion_ri
[2.232s] byte-compiling /home/jairls/robot_incendios_ws/install/simulacion_RI/lib/python3.12/site-packages/simulacion_ri/__init__.py to __init__.cpython-312.pyc
[2.233s] byte-compiling /home/jairls/robot_incendios_ws/install/simulacion_RI/lib/python3.12/site-packages/simulacion_ri/robot.py to robot.cpython-312.pyc
[2.234s] running install_data
[2.235s] running install_egg_info
[2.260s] removing '/home/jairls/robot_incendios_ws/install/simulacion_RI/lib/python3.12/site-packages/simulacion_RI-0.0.0-py3.12.egg-info' (and everything under it)
[2.260s] Copying ../../build/simulacion_RI/simulacion_RI.egg-info to /home/jairls/robot_incendios_ws/install/simulacion_RI/lib/python3.12/site-packages/simulacion_RI-0.0.0-py3.12.egg-info
[2.261s] running install_scripts
[2.437s] Installing robot script to /home/jairls/robot_incendios_ws/install/simulacion_RI/lib/simulacion_RI
[2.438s] writing list of installed files to '/home/jairls/robot_incendios_ws/build/simulacion_RI/install.log'
[2.512s] Invoked command in '/home/jairls/robot_incendios_ws/scr/simulacion_ri' returned '0': PYTHONPATH=/home/jairls/robot_incendios_ws/build/simulacion_RI/prefix_override:/usr/lib/python3/dist-packages/colcon_core/task/python/colcon_distutils_commands:/home/jairls/robot_incendios_ws/install/simulacion_RI/lib/python3.12/site-packages:${PYTHONPATH} /usr/bin/python3 -W ignore:setup.py install is deprecated -W ignore:easy_install command is deprecated setup.py egg_info --egg-base ../../build/simulacion_RI build --build-base /home/jairls/robot_incendios_ws/build/simulacion_RI/build install --record /home/jairls/robot_incendios_ws/build/simulacion_RI/install.log --single-version-externally-managed install_data
