running develop
running egg_info
creating action_package.egg-info
writing action_package.egg-info/PKG-INFO
writing dependency_links to action_package.egg-info/dependency_links.txt
writing entry points to action_package.egg-info/entry_points.txt
writing requirements to action_package.egg-info/requires.txt
writing top-level names to action_package.egg-info/top_level.txt
writing manifest file 'action_package.egg-info/SOURCES.txt'
reading manifest file 'action_package.egg-info/SOURCES.txt'
writing manifest file 'action_package.egg-info/SOURCES.txt'
running build_ext
Creating /home/jairls/robot_incendios_ws/install/action_package/lib/python3.12/site-packages/action-package.egg-link (link to .)
Installing action script to /home/jairls/robot_incendios_ws/install/action_package/lib/action_package
Installing adv_action script to /home/jairls/robot_incendios_ws/install/action_package/lib/action_package
Installing adv_client script to /home/jairls/robot_incendios_ws/install/action_package/lib/action_package
Installing client script to /home/jairls/robot_incendios_ws/install/action_package/lib/action_package

Installed /home/jairls/robot_incendios_ws/build/action_package
running symlink_data
creating /home/jairls/robot_incendios_ws/install/action_package/share/ament_index
creating /home/jairls/robot_incendios_ws/install/action_package/share/ament_index/resource_index
creating /home/jairls/robot_incendios_ws/install/action_package/share/ament_index/resource_index/packages
symbolically linking /home/jairls/robot_incendios_ws/build/action_package/resource/action_package -> /home/jairls/robot_incendios_ws/install/action_package/share/ament_index/resource_index/packages
symbolically linking /home/jairls/robot_incendios_ws/build/action_package/package.xml -> /home/jairls/robot_incendios_ws/install/action_package/share/action_package
