[0.385s] DEBUG:colcon:Command line arguments: ['/usr/bin/colcon', 'build', '--packages-select', 'simulacion_ri']
[0.385s] DEBUG:colcon:Parsed command line arguments: Namespace(log_base=None, log_level=None, verb_name='build', build_base='build', install_base='install', merge_install=False, symlink_install=False, test_result_base=None, continue_on_error=False, executor='parallel', parallel_workers=12, event_handlers=None, ignore_user_meta=False, metas=['./colcon.meta'], base_paths=['.'], packages_ignore=None, packages_ignore_regex=None, paths=None, packages_up_to=None, packages_up_to_regex=None, packages_above=None, packages_above_and_dependencies=None, packages_above_depth=None, packages_select_by_dep=None, packages_skip_by_dep=None, packages_skip_up_to=None, packages_select_build_failed=False, packages_skip_build_finished=False, packages_select_test_failures=False, packages_skip_test_passed=False, packages_select=['simulacion_ri'], packages_skip=None, packages_select_regex=None, packages_skip_regex=None, packages_start=None, packages_end=None, allow_overriding=[], cmake_args=None, cmake_target=None, cmake_target_skip_unavailable=False, cmake_clean_cache=False, cmake_clean_first=False, cmake_force_configure=False, ament_cmake_args=None, catkin_cmake_args=None, catkin_skip_building_tests=False, mixin_files=None, mixin=None, verb_parser=<colcon_mixin.mixin.mixin_argument.MixinArgumentDecorator object at 0x75068f88b0b0>, verb_extension=<colcon_core.verb.build.BuildVerb object at 0x75068f88ae10>, main=<bound method BuildVerb.main of <colcon_core.verb.build.BuildVerb object at 0x75068f88ae10>>, mixin_verb=('build',))
[0.447s] Level 1:colcon.colcon_core.package_discovery:discover_packages(colcon_meta) check parameters
[0.447s] Level 1:colcon.colcon_core.package_discovery:discover_packages(recursive) check parameters
[0.447s] Level 1:colcon.colcon_core.package_discovery:discover_packages(ignore) check parameters
[0.447s] Level 1:colcon.colcon_core.package_discovery:discover_packages(path) check parameters
[0.447s] Level 1:colcon.colcon_core.package_discovery:discover_packages(colcon_meta) discover
[0.448s] Level 1:colcon.colcon_core.package_discovery:discover_packages(recursive) discover
[0.448s] INFO:colcon.colcon_core.package_discovery:Crawling recursively for packages in '/home/jairls/robot_incendios_ws'
[0.448s] Level 1:colcon.colcon_core.package_identification:_identify(.) by extensions ['ignore', 'ignore_ament_install']
[0.448s] Level 1:colcon.colcon_core.package_identification:_identify(.) by extension 'ignore'
[0.448s] Level 1:colcon.colcon_core.package_identification:_identify(.) by extension 'ignore_ament_install'
[0.448s] Level 1:colcon.colcon_core.package_identification:_identify(.) by extensions ['colcon_pkg']
[0.448s] Level 1:colcon.colcon_core.package_identification:_identify(.) by extension 'colcon_pkg'
[0.449s] Level 1:colcon.colcon_core.package_identification:_identify(.) by extensions ['colcon_meta']
[0.449s] Level 1:colcon.colcon_core.package_identification:_identify(.) by extension 'colcon_meta'
[0.449s] Level 1:colcon.colcon_core.package_identification:_identify(.) by extensions ['ros']
[0.449s] Level 1:colcon.colcon_core.package_identification:_identify(.) by extension 'ros'
[0.494s] Level 1:colcon.colcon_core.package_identification:_identify(.) by extensions ['cmake', 'python']
[0.495s] Level 1:colcon.colcon_core.package_identification:_identify(.) by extension 'cmake'
[0.495s] Level 1:colcon.colcon_core.package_identification:_identify(.) by extension 'python'
[0.495s] Level 1:colcon.colcon_core.package_identification:_identify(.) by extensions ['python_setup_py']
[0.495s] Level 1:colcon.colcon_core.package_identification:_identify(.) by extension 'python_setup_py'
[0.495s] Level 1:colcon.colcon_core.package_identification:_identify(build) by extensions ['ignore', 'ignore_ament_install']
[0.495s] Level 1:colcon.colcon_core.package_identification:_identify(build) by extension 'ignore'
[0.495s] Level 1:colcon.colcon_core.package_identification:_identify(build) ignored
[0.496s] Level 1:colcon.colcon_core.package_identification:_identify(install) by extensions ['ignore', 'ignore_ament_install']
[0.496s] Level 1:colcon.colcon_core.package_identification:_identify(install) by extension 'ignore'
[0.496s] Level 1:colcon.colcon_core.package_identification:_identify(install) ignored
[0.496s] Level 1:colcon.colcon_core.package_identification:_identify(log) by extensions ['ignore', 'ignore_ament_install']
[0.496s] Level 1:colcon.colcon_core.package_identification:_identify(log) by extension 'ignore'
[0.496s] Level 1:colcon.colcon_core.package_identification:_identify(log) ignored
[0.496s] Level 1:colcon.colcon_core.package_identification:_identify(scr) by extensions ['ignore', 'ignore_ament_install']
[0.497s] Level 1:colcon.colcon_core.package_identification:_identify(scr) by extension 'ignore'
[0.497s] Level 1:colcon.colcon_core.package_identification:_identify(scr) by extension 'ignore_ament_install'
[0.497s] Level 1:colcon.colcon_core.package_identification:_identify(scr) by extensions ['colcon_pkg']
[0.497s] Level 1:colcon.colcon_core.package_identification:_identify(scr) by extension 'colcon_pkg'
[0.497s] Level 1:colcon.colcon_core.package_identification:_identify(scr) by extensions ['colcon_meta']
[0.497s] Level 1:colcon.colcon_core.package_identification:_identify(scr) by extension 'colcon_meta'
[0.497s] Level 1:colcon.colcon_core.package_identification:_identify(scr) by extensions ['ros']
[0.497s] Level 1:colcon.colcon_core.package_identification:_identify(scr) by extension 'ros'
[0.497s] Level 1:colcon.colcon_core.package_identification:_identify(scr) by extensions ['cmake', 'python']
[0.497s] Level 1:colcon.colcon_core.package_identification:_identify(scr) by extension 'cmake'
[0.497s] Level 1:colcon.colcon_core.package_identification:_identify(scr) by extension 'python'
[0.497s] Level 1:colcon.colcon_core.package_identification:_identify(scr) by extensions ['python_setup_py']
[0.497s] Level 1:colcon.colcon_core.package_identification:_identify(scr) by extension 'python_setup_py'
[0.498s] Level 1:colcon.colcon_core.package_identification:_identify(scr/robot_incendios) by extensions ['ignore', 'ignore_ament_install']
[0.498s] Level 1:colcon.colcon_core.package_identification:_identify(scr/robot_incendios) by extension 'ignore'
[0.498s] Level 1:colcon.colcon_core.package_identification:_identify(scr/robot_incendios) by extension 'ignore_ament_install'
[0.498s] Level 1:colcon.colcon_core.package_identification:_identify(scr/robot_incendios) by extensions ['colcon_pkg']
[0.498s] Level 1:colcon.colcon_core.package_identification:_identify(scr/robot_incendios) by extension 'colcon_pkg'
[0.498s] Level 1:colcon.colcon_core.package_identification:_identify(scr/robot_incendios) by extensions ['colcon_meta']
[0.498s] Level 1:colcon.colcon_core.package_identification:_identify(scr/robot_incendios) by extension 'colcon_meta'
[0.499s] Level 1:colcon.colcon_core.package_identification:_identify(scr/robot_incendios) by extensions ['ros']
[0.499s] Level 1:colcon.colcon_core.package_identification:_identify(scr/robot_incendios) by extension 'ros'
[0.502s] DEBUG:colcon.colcon_core.package_identification:Package 'scr/robot_incendios' with type 'ros.ament_python' and name 'robot_incendios'
[0.503s] Level 1:colcon.colcon_core.package_identification:_identify(scr/simulacion_ri) by extensions ['ignore', 'ignore_ament_install']
[0.503s] Level 1:colcon.colcon_core.package_identification:_identify(scr/simulacion_ri) by extension 'ignore'
[0.503s] Level 1:colcon.colcon_core.package_identification:_identify(scr/simulacion_ri) by extension 'ignore_ament_install'
[0.503s] Level 1:colcon.colcon_core.package_identification:_identify(scr/simulacion_ri) by extensions ['colcon_pkg']
[0.503s] Level 1:colcon.colcon_core.package_identification:_identify(scr/simulacion_ri) by extension 'colcon_pkg'
[0.503s] Level 1:colcon.colcon_core.package_identification:_identify(scr/simulacion_ri) by extensions ['colcon_meta']
[0.503s] Level 1:colcon.colcon_core.package_identification:_identify(scr/simulacion_ri) by extension 'colcon_meta'
[0.503s] Level 1:colcon.colcon_core.package_identification:_identify(scr/simulacion_ri) by extensions ['ros']
[0.503s] Level 1:colcon.colcon_core.package_identification:_identify(scr/simulacion_ri) by extension 'ros'
[0.504s] DEBUG:colcon.colcon_core.package_identification:Package 'scr/simulacion_ri' with type 'ros.ament_python' and name 'simulacion_ri'
[0.504s] Level 1:colcon.colcon_core.package_discovery:discover_packages(recursive) using defaults
[0.504s] Level 1:colcon.colcon_core.package_discovery:discover_packages(ignore) discover
[0.504s] Level 1:colcon.colcon_core.package_discovery:discover_packages(ignore) using defaults
[0.504s] Level 1:colcon.colcon_core.package_discovery:discover_packages(path) discover
[0.504s] Level 1:colcon.colcon_core.package_discovery:discover_packages(path) using defaults
[0.540s] INFO:colcon.colcon_core.package_selection:Skipping not selected package 'robot_incendios' in 'scr/robot_incendios'
[0.542s] Level 1:colcon.colcon_core.package_discovery:discover_packages(prefix_path) check parameters
[0.542s] Level 1:colcon.colcon_core.package_discovery:discover_packages(prefix_path) discover
[0.546s] DEBUG:colcon.colcon_installed_package_information.package_discovery:Found 3 installed packages in /home/jairls/robot_incendios_ws/install
[0.549s] DEBUG:colcon.colcon_installed_package_information.package_discovery:Found 443 installed packages in /opt/ros/jazzy
[0.557s] Level 1:colcon.colcon_core.package_discovery:discover_packages(prefix_path) using defaults
[0.644s] Level 5:colcon.colcon_core.verb:set package 'simulacion_ri' build argument 'cmake_args' from command line to 'None'
[0.644s] Level 5:colcon.colcon_core.verb:set package 'simulacion_ri' build argument 'cmake_target' from command line to 'None'
[0.644s] Level 5:colcon.colcon_core.verb:set package 'simulacion_ri' build argument 'cmake_target_skip_unavailable' from command line to 'False'
[0.644s] Level 5:colcon.colcon_core.verb:set package 'simulacion_ri' build argument 'cmake_clean_cache' from command line to 'False'
[0.644s] Level 5:colcon.colcon_core.verb:set package 'simulacion_ri' build argument 'cmake_clean_first' from command line to 'False'
[0.644s] Level 5:colcon.colcon_core.verb:set package 'simulacion_ri' build argument 'cmake_force_configure' from command line to 'False'
[0.644s] Level 5:colcon.colcon_core.verb:set package 'simulacion_ri' build argument 'ament_cmake_args' from command line to 'None'
[0.644s] Level 5:colcon.colcon_core.verb:set package 'simulacion_ri' build argument 'catkin_cmake_args' from command line to 'None'
[0.644s] Level 5:colcon.colcon_core.verb:set package 'simulacion_ri' build argument 'catkin_skip_building_tests' from command line to 'False'
[0.644s] DEBUG:colcon.colcon_core.verb:Building package 'simulacion_ri' with the following arguments: {'ament_cmake_args': None, 'build_base': '/home/jairls/robot_incendios_ws/build/simulacion_ri', 'catkin_cmake_args': None, 'catkin_skip_building_tests': False, 'cmake_args': None, 'cmake_clean_cache': False, 'cmake_clean_first': False, 'cmake_force_configure': False, 'cmake_target': None, 'cmake_target_skip_unavailable': False, 'install_base': '/home/jairls/robot_incendios_ws/install/simulacion_ri', 'merge_install': False, 'path': '/home/jairls/robot_incendios_ws/scr/simulacion_ri', 'symlink_install': False, 'test_result_base': None}
[0.645s] INFO:colcon.colcon_core.executor:Executing jobs using 'parallel' executor
[0.646s] DEBUG:colcon.colcon_parallel_executor.executor.parallel:run_until_complete
[0.648s] INFO:colcon.colcon_ros.task.ament_python.build:Building ROS package in '/home/jairls/robot_incendios_ws/scr/simulacion_ri' with build type 'ament_python'
[0.648s] Level 1:colcon.colcon_core.shell:create_environment_hook('simulacion_ri', 'ament_prefix_path')
[0.652s] INFO:colcon.colcon_core.plugin_system:Skipping extension 'colcon_core.shell.bat': Not used on non-Windows systems
[0.652s] INFO:colcon.colcon_core.shell:Creating environment hook '/home/jairls/robot_incendios_ws/install/simulacion_ri/share/simulacion_ri/hook/ament_prefix_path.ps1'
[0.654s] INFO:colcon.colcon_core.shell:Creating environment descriptor '/home/jairls/robot_incendios_ws/install/simulacion_ri/share/simulacion_ri/hook/ament_prefix_path.dsv'
[0.656s] INFO:colcon.colcon_core.shell:Creating environment hook '/home/jairls/robot_incendios_ws/install/simulacion_ri/share/simulacion_ri/hook/ament_prefix_path.sh'
[0.657s] INFO:colcon.colcon_core.shell:Skip shell extension 'powershell' for command environment: Not usable outside of PowerShell
[0.657s] DEBUG:colcon.colcon_core.shell:Skip shell extension 'dsv' for command environment
[1.053s] INFO:colcon.colcon_core.task.python.build:Building Python package in '/home/jairls/robot_incendios_ws/scr/simulacion_ri'
[1.054s] INFO:colcon.colcon_core.shell:Skip shell extension 'powershell' for command environment: Not usable outside of PowerShell
[1.055s] DEBUG:colcon.colcon_core.shell:Skip shell extension 'dsv' for command environment
[2.125s] DEBUG:colcon.colcon_core.event_handler.log_command:Invoking command in '/home/jairls/robot_incendios_ws/scr/simulacion_ri': PYTHONPATH=/home/jairls/robot_incendios_ws/build/simulacion_ri/prefix_override:/usr/lib/python3/dist-packages/colcon_core/task/python/colcon_distutils_commands:/home/jairls/robot_incendios_ws/install/simulacion_ri/lib/python3.12/site-packages:${PYTHONPATH} /usr/bin/python3 -W ignore:setup.py install is deprecated -W ignore:easy_install command is deprecated setup.py egg_info --egg-base ../../build/simulacion_ri build --build-base /home/jairls/robot_incendios_ws/build/simulacion_ri/build install --record /home/jairls/robot_incendios_ws/build/simulacion_ri/install.log --single-version-externally-managed install_data
[3.097s] DEBUG:colcon.colcon_core.event_handler.log_command:Invoked command in '/home/jairls/robot_incendios_ws/scr/simulacion_ri' returned '0': PYTHONPATH=/home/jairls/robot_incendios_ws/build/simulacion_ri/prefix_override:/usr/lib/python3/dist-packages/colcon_core/task/python/colcon_distutils_commands:/home/jairls/robot_incendios_ws/install/simulacion_ri/lib/python3.12/site-packages:${PYTHONPATH} /usr/bin/python3 -W ignore:setup.py install is deprecated -W ignore:easy_install command is deprecated setup.py egg_info --egg-base ../../build/simulacion_ri build --build-base /home/jairls/robot_incendios_ws/build/simulacion_ri/build install --record /home/jairls/robot_incendios_ws/build/simulacion_ri/install.log --single-version-externally-managed install_data
[3.100s] Level 1:colcon.colcon_core.environment:checking '/home/jairls/robot_incendios_ws/install/simulacion_ri' for CMake module files
[3.100s] Level 1:colcon.colcon_core.environment:checking '/home/jairls/robot_incendios_ws/install/simulacion_ri' for CMake config files
[3.102s] Level 1:colcon.colcon_core.environment:checking '/home/jairls/robot_incendios_ws/install/simulacion_ri/lib'
[3.102s] Level 1:colcon.colcon_core.environment:checking '/home/jairls/robot_incendios_ws/install/simulacion_ri/bin'
[3.102s] Level 1:colcon.colcon_core.environment:checking '/home/jairls/robot_incendios_ws/install/simulacion_ri/lib/pkgconfig/simulacion_ri.pc'
[3.103s] Level 1:colcon.colcon_core.environment:checking '/home/jairls/robot_incendios_ws/install/simulacion_ri/lib/python3.12/site-packages'
[3.103s] Level 1:colcon.colcon_core.shell:create_environment_hook('simulacion_ri', 'pythonpath')
[3.104s] INFO:colcon.colcon_core.shell:Creating environment hook '/home/jairls/robot_incendios_ws/install/simulacion_ri/share/simulacion_ri/hook/pythonpath.ps1'
[3.105s] INFO:colcon.colcon_core.shell:Creating environment descriptor '/home/jairls/robot_incendios_ws/install/simulacion_ri/share/simulacion_ri/hook/pythonpath.dsv'
[3.105s] INFO:colcon.colcon_core.shell:Creating environment hook '/home/jairls/robot_incendios_ws/install/simulacion_ri/share/simulacion_ri/hook/pythonpath.sh'
[3.107s] Level 1:colcon.colcon_core.environment:checking '/home/jairls/robot_incendios_ws/install/simulacion_ri/bin'
[3.107s] Level 1:colcon.colcon_core.environment:create_environment_scripts_only(simulacion_ri)
[3.107s] INFO:colcon.colcon_core.shell:Creating package script '/home/jairls/robot_incendios_ws/install/simulacion_ri/share/simulacion_ri/package.ps1'
[3.109s] INFO:colcon.colcon_core.shell:Creating package descriptor '/home/jairls/robot_incendios_ws/install/simulacion_ri/share/simulacion_ri/package.dsv'
[3.111s] INFO:colcon.colcon_core.shell:Creating package script '/home/jairls/robot_incendios_ws/install/simulacion_ri/share/simulacion_ri/package.sh'
[3.114s] INFO:colcon.colcon_core.shell:Creating package script '/home/jairls/robot_incendios_ws/install/simulacion_ri/share/simulacion_ri/package.bash'
[3.115s] INFO:colcon.colcon_core.shell:Creating package script '/home/jairls/robot_incendios_ws/install/simulacion_ri/share/simulacion_ri/package.zsh'
[3.116s] Level 1:colcon.colcon_core.environment:create_file_with_runtime_dependencies(/home/jairls/robot_incendios_ws/install/simulacion_ri/share/colcon-core/packages/simulacion_ri)
[3.117s] DEBUG:colcon.colcon_parallel_executor.executor.parallel:closing loop
[3.118s] DEBUG:colcon.colcon_parallel_executor.executor.parallel:loop closed
[3.120s] DEBUG:colcon.colcon_parallel_executor.executor.parallel:run_until_complete finished with '0'
[3.120s] DEBUG:colcon.colcon_core.event_reactor:joining thread
[3.299s] INFO:colcon.colcon_core.plugin_system:Skipping extension 'colcon_notification.desktop_notification.notify_send': Could not find 'notify-send'
[3.299s] INFO:colcon.colcon_core.plugin_system:Skipping extension 'colcon_notification.desktop_notification.terminal_notifier': Not used on non-Darwin systems
[3.300s] INFO:colcon.colcon_core.plugin_system:Skipping extension 'colcon_notification.desktop_notification.win32': Not used on non-Windows systems
[3.300s] INFO:colcon.colcon_notification.desktop_notification:Sending desktop notification using 'notify2'
[3.303s] DEBUG:colcon.colcon_notification.desktop_notification.notify2:Failed to initialize notify2: org.freedesktop.DBus.Error.ServiceUnknown: The name org.freedesktop.Notifications was not provided by any .service files
[3.303s] DEBUG:colcon.colcon_core.event_reactor:joined thread
[3.304s] INFO:colcon.colcon_core.shell:Creating prefix script '/home/jairls/robot_incendios_ws/install/local_setup.ps1'
[3.306s] INFO:colcon.colcon_core.shell:Creating prefix util module '/home/jairls/robot_incendios_ws/install/_local_setup_util_ps1.py'
[3.308s] INFO:colcon.colcon_core.shell:Creating prefix chain script '/home/jairls/robot_incendios_ws/install/setup.ps1'
[3.310s] INFO:colcon.colcon_core.shell:Creating prefix script '/home/jairls/robot_incendios_ws/install/local_setup.sh'
[3.311s] INFO:colcon.colcon_core.shell:Creating prefix util module '/home/jairls/robot_incendios_ws/install/_local_setup_util_sh.py'
[3.313s] INFO:colcon.colcon_core.shell:Creating prefix chain script '/home/jairls/robot_incendios_ws/install/setup.sh'
[3.315s] INFO:colcon.colcon_core.shell:Creating prefix script '/home/jairls/robot_incendios_ws/install/local_setup.bash'
[3.316s] INFO:colcon.colcon_core.shell:Creating prefix chain script '/home/jairls/robot_incendios_ws/install/setup.bash'
[3.318s] INFO:colcon.colcon_core.shell:Creating prefix script '/home/jairls/robot_incendios_ws/install/local_setup.zsh'
[3.320s] INFO:colcon.colcon_core.shell:Creating prefix chain script '/home/jairls/robot_incendios_ws/install/setup.zsh'
