[0.395s] DEBUG:colcon:Command line arguments: ['/usr/bin/colcon', 'build', '--packages-select', 'simulacion_ri']
[0.395s] DEBUG:colcon:Parsed command line arguments: Namespace(log_base=None, log_level=None, verb_name='build', build_base='build', install_base='install', merge_install=False, symlink_install=False, test_result_base=None, continue_on_error=False, executor='parallel', parallel_workers=12, event_handlers=None, ignore_user_meta=False, metas=['./colcon.meta'], base_paths=['.'], packages_ignore=None, packages_ignore_regex=None, paths=None, packages_up_to=None, packages_up_to_regex=None, packages_above=None, packages_above_and_dependencies=None, packages_above_depth=None, packages_select_by_dep=None, packages_skip_by_dep=None, packages_skip_up_to=None, packages_select_build_failed=False, packages_skip_build_finished=False, packages_select_test_failures=False, packages_skip_test_passed=False, packages_select=['simulacion_ri'], packages_skip=None, packages_select_regex=None, packages_skip_regex=None, packages_start=None, packages_end=None, allow_overriding=[], cmake_args=None, cmake_target=None, cmake_target_skip_unavailable=False, cmake_clean_cache=False, cmake_clean_first=False, cmake_force_configure=False, ament_cmake_args=None, catkin_cmake_args=None, catkin_skip_building_tests=False, mixin_files=None, mixin=None, verb_parser=<colcon_mixin.mixin.mixin_argument.MixinArgumentDecorator object at 0x7bbf35692c00>, verb_extension=<colcon_core.verb.build.BuildVerb object at 0x7bbf35692b40>, main=<bound method BuildVerb.main of <colcon_core.verb.build.BuildVerb object at 0x7bbf35692b40>>, mixin_verb=('build',))
[0.435s] Level 1:colcon.colcon_core.package_discovery:discover_packages(colcon_meta) check parameters
[0.435s] Level 1:colcon.colcon_core.package_discovery:discover_packages(recursive) check parameters
[0.435s] Level 1:colcon.colcon_core.package_discovery:discover_packages(ignore) check parameters
[0.435s] Level 1:colcon.colcon_core.package_discovery:discover_packages(path) check parameters
[0.435s] Level 1:colcon.colcon_core.package_discovery:discover_packages(colcon_meta) discover
[0.436s] Level 1:colcon.colcon_core.package_discovery:discover_packages(recursive) discover
[0.436s] INFO:colcon.colcon_core.package_discovery:Crawling recursively for packages in '/home/jairls/robot_incendios_ws'
[0.436s] Level 1:colcon.colcon_core.package_identification:_identify(.) by extensions ['ignore', 'ignore_ament_install']
[0.436s] Level 1:colcon.colcon_core.package_identification:_identify(.) by extension 'ignore'
[0.436s] Level 1:colcon.colcon_core.package_identification:_identify(.) by extension 'ignore_ament_install'
[0.436s] Level 1:colcon.colcon_core.package_identification:_identify(.) by extensions ['colcon_pkg']
[0.436s] Level 1:colcon.colcon_core.package_identification:_identify(.) by extension 'colcon_pkg'
[0.436s] Level 1:colcon.colcon_core.package_identification:_identify(.) by extensions ['colcon_meta']
[0.436s] Level 1:colcon.colcon_core.package_identification:_identify(.) by extension 'colcon_meta'
[0.436s] Level 1:colcon.colcon_core.package_identification:_identify(.) by extensions ['ros']
[0.436s] Level 1:colcon.colcon_core.package_identification:_identify(.) by extension 'ros'
[0.467s] Level 1:colcon.colcon_core.package_identification:_identify(.) by extensions ['cmake', 'python']
[0.467s] Level 1:colcon.colcon_core.package_identification:_identify(.) by extension 'cmake'
[0.467s] Level 1:colcon.colcon_core.package_identification:_identify(.) by extension 'python'
[0.467s] Level 1:colcon.colcon_core.package_identification:_identify(.) by extensions ['python_setup_py']
[0.467s] Level 1:colcon.colcon_core.package_identification:_identify(.) by extension 'python_setup_py'
[0.467s] Level 1:colcon.colcon_core.package_identification:_identify(build) by extensions ['ignore', 'ignore_ament_install']
[0.467s] Level 1:colcon.colcon_core.package_identification:_identify(build) by extension 'ignore'
[0.467s] Level 1:colcon.colcon_core.package_identification:_identify(build) ignored
[0.467s] Level 1:colcon.colcon_core.package_identification:_identify(install) by extensions ['ignore', 'ignore_ament_install']
[0.467s] Level 1:colcon.colcon_core.package_identification:_identify(install) by extension 'ignore'
[0.467s] Level 1:colcon.colcon_core.package_identification:_identify(install) ignored
[0.468s] Level 1:colcon.colcon_core.package_identification:_identify(log) by extensions ['ignore', 'ignore_ament_install']
[0.468s] Level 1:colcon.colcon_core.package_identification:_identify(log) by extension 'ignore'
[0.468s] Level 1:colcon.colcon_core.package_identification:_identify(log) ignored
[0.468s] Level 1:colcon.colcon_core.package_identification:_identify(scr) by extensions ['ignore', 'ignore_ament_install']
[0.468s] Level 1:colcon.colcon_core.package_identification:_identify(scr) by extension 'ignore'
[0.468s] Level 1:colcon.colcon_core.package_identification:_identify(scr) by extension 'ignore_ament_install'
[0.468s] Level 1:colcon.colcon_core.package_identification:_identify(scr) by extensions ['colcon_pkg']
[0.468s] Level 1:colcon.colcon_core.package_identification:_identify(scr) by extension 'colcon_pkg'
[0.468s] Level 1:colcon.colcon_core.package_identification:_identify(scr) by extensions ['colcon_meta']
[0.468s] Level 1:colcon.colcon_core.package_identification:_identify(scr) by extension 'colcon_meta'
[0.468s] Level 1:colcon.colcon_core.package_identification:_identify(scr) by extensions ['ros']
[0.468s] Level 1:colcon.colcon_core.package_identification:_identify(scr) by extension 'ros'
[0.468s] Level 1:colcon.colcon_core.package_identification:_identify(scr) by extensions ['cmake', 'python']
[0.468s] Level 1:colcon.colcon_core.package_identification:_identify(scr) by extension 'cmake'
[0.468s] Level 1:colcon.colcon_core.package_identification:_identify(scr) by extension 'python'
[0.468s] Level 1:colcon.colcon_core.package_identification:_identify(scr) by extensions ['python_setup_py']
[0.468s] Level 1:colcon.colcon_core.package_identification:_identify(scr) by extension 'python_setup_py'
[0.468s] Level 1:colcon.colcon_core.package_identification:_identify(scr/robot_incendios) by extensions ['ignore', 'ignore_ament_install']
[0.468s] Level 1:colcon.colcon_core.package_identification:_identify(scr/robot_incendios) by extension 'ignore'
[0.468s] Level 1:colcon.colcon_core.package_identification:_identify(scr/robot_incendios) by extension 'ignore_ament_install'
[0.468s] Level 1:colcon.colcon_core.package_identification:_identify(scr/robot_incendios) by extensions ['colcon_pkg']
[0.468s] Level 1:colcon.colcon_core.package_identification:_identify(scr/robot_incendios) by extension 'colcon_pkg'
[0.469s] Level 1:colcon.colcon_core.package_identification:_identify(scr/robot_incendios) by extensions ['colcon_meta']
[0.469s] Level 1:colcon.colcon_core.package_identification:_identify(scr/robot_incendios) by extension 'colcon_meta'
[0.469s] Level 1:colcon.colcon_core.package_identification:_identify(scr/robot_incendios) by extensions ['ros']
[0.469s] Level 1:colcon.colcon_core.package_identification:_identify(scr/robot_incendios) by extension 'ros'
[0.472s] DEBUG:colcon.colcon_core.package_identification:Package 'scr/robot_incendios' with type 'ros.ament_python' and name 'robot_incendios'
[0.472s] Level 1:colcon.colcon_core.package_identification:_identify(scr/ros2-tutorials-ws) by extensions ['ignore', 'ignore_ament_install']
[0.472s] Level 1:colcon.colcon_core.package_identification:_identify(scr/ros2-tutorials-ws) by extension 'ignore'
[0.472s] Level 1:colcon.colcon_core.package_identification:_identify(scr/ros2-tutorials-ws) by extension 'ignore_ament_install'
[0.472s] Level 1:colcon.colcon_core.package_identification:_identify(scr/ros2-tutorials-ws) by extensions ['colcon_pkg']
[0.472s] Level 1:colcon.colcon_core.package_identification:_identify(scr/ros2-tutorials-ws) by extension 'colcon_pkg'
[0.472s] Level 1:colcon.colcon_core.package_identification:_identify(scr/ros2-tutorials-ws) by extensions ['colcon_meta']
[0.472s] Level 1:colcon.colcon_core.package_identification:_identify(scr/ros2-tutorials-ws) by extension 'colcon_meta'
[0.472s] Level 1:colcon.colcon_core.package_identification:_identify(scr/ros2-tutorials-ws) by extensions ['ros']
[0.472s] Level 1:colcon.colcon_core.package_identification:_identify(scr/ros2-tutorials-ws) by extension 'ros'
[0.472s] Level 1:colcon.colcon_core.package_identification:_identify(scr/ros2-tutorials-ws) by extensions ['cmake', 'python']
[0.473s] Level 1:colcon.colcon_core.package_identification:_identify(scr/ros2-tutorials-ws) by extension 'cmake'
[0.473s] Level 1:colcon.colcon_core.package_identification:_identify(scr/ros2-tutorials-ws) by extension 'python'
[0.473s] Level 1:colcon.colcon_core.package_identification:_identify(scr/ros2-tutorials-ws) by extensions ['python_setup_py']
[0.473s] Level 1:colcon.colcon_core.package_identification:_identify(scr/ros2-tutorials-ws) by extension 'python_setup_py'
[0.473s] Level 1:colcon.colcon_core.package_identification:_identify(scr/ros2-tutorials-ws/src) by extensions ['ignore', 'ignore_ament_install']
[0.473s] Level 1:colcon.colcon_core.package_identification:_identify(scr/ros2-tutorials-ws/src) by extension 'ignore'
[0.473s] Level 1:colcon.colcon_core.package_identification:_identify(scr/ros2-tutorials-ws/src) by extension 'ignore_ament_install'
[0.473s] Level 1:colcon.colcon_core.package_identification:_identify(scr/ros2-tutorials-ws/src) by extensions ['colcon_pkg']
[0.473s] Level 1:colcon.colcon_core.package_identification:_identify(scr/ros2-tutorials-ws/src) by extension 'colcon_pkg'
[0.473s] Level 1:colcon.colcon_core.package_identification:_identify(scr/ros2-tutorials-ws/src) by extensions ['colcon_meta']
[0.473s] Level 1:colcon.colcon_core.package_identification:_identify(scr/ros2-tutorials-ws/src) by extension 'colcon_meta'
[0.473s] Level 1:colcon.colcon_core.package_identification:_identify(scr/ros2-tutorials-ws/src) by extensions ['ros']
[0.473s] Level 1:colcon.colcon_core.package_identification:_identify(scr/ros2-tutorials-ws/src) by extension 'ros'
[0.473s] Level 1:colcon.colcon_core.package_identification:_identify(scr/ros2-tutorials-ws/src) by extensions ['cmake', 'python']
[0.473s] Level 1:colcon.colcon_core.package_identification:_identify(scr/ros2-tutorials-ws/src) by extension 'cmake'
[0.473s] Level 1:colcon.colcon_core.package_identification:_identify(scr/ros2-tutorials-ws/src) by extension 'python'
[0.473s] Level 1:colcon.colcon_core.package_identification:_identify(scr/ros2-tutorials-ws/src) by extensions ['python_setup_py']
[0.473s] Level 1:colcon.colcon_core.package_identification:_identify(scr/ros2-tutorials-ws/src) by extension 'python_setup_py'
[0.473s] Level 1:colcon.colcon_core.package_identification:_identify(scr/ros2-tutorials-ws/src/action_package) by extensions ['ignore', 'ignore_ament_install']
[0.473s] Level 1:colcon.colcon_core.package_identification:_identify(scr/ros2-tutorials-ws/src/action_package) by extension 'ignore'
[0.473s] Level 1:colcon.colcon_core.package_identification:_identify(scr/ros2-tutorials-ws/src/action_package) by extension 'ignore_ament_install'
[0.473s] Level 1:colcon.colcon_core.package_identification:_identify(scr/ros2-tutorials-ws/src/action_package) by extensions ['colcon_pkg']
[0.473s] Level 1:colcon.colcon_core.package_identification:_identify(scr/ros2-tutorials-ws/src/action_package) by extension 'colcon_pkg'
[0.473s] Level 1:colcon.colcon_core.package_identification:_identify(scr/ros2-tutorials-ws/src/action_package) by extensions ['colcon_meta']
[0.473s] Level 1:colcon.colcon_core.package_identification:_identify(scr/ros2-tutorials-ws/src/action_package) by extension 'colcon_meta'
[0.473s] Level 1:colcon.colcon_core.package_identification:_identify(scr/ros2-tutorials-ws/src/action_package) by extensions ['ros']
[0.473s] Level 1:colcon.colcon_core.package_identification:_identify(scr/ros2-tutorials-ws/src/action_package) by extension 'ros'
[0.474s] DEBUG:colcon.colcon_core.package_identification:Package 'scr/ros2-tutorials-ws/src/action_package' with type 'ros.ament_python' and name 'action_package'
[0.474s] Level 1:colcon.colcon_core.package_identification:_identify(scr/ros2-tutorials-ws/src/diff_drive_sim) by extensions ['ignore', 'ignore_ament_install']
[0.474s] Level 1:colcon.colcon_core.package_identification:_identify(scr/ros2-tutorials-ws/src/diff_drive_sim) by extension 'ignore'
[0.474s] Level 1:colcon.colcon_core.package_identification:_identify(scr/ros2-tutorials-ws/src/diff_drive_sim) by extension 'ignore_ament_install'
[0.474s] Level 1:colcon.colcon_core.package_identification:_identify(scr/ros2-tutorials-ws/src/diff_drive_sim) by extensions ['colcon_pkg']
[0.474s] Level 1:colcon.colcon_core.package_identification:_identify(scr/ros2-tutorials-ws/src/diff_drive_sim) by extension 'colcon_pkg'
[0.474s] Level 1:colcon.colcon_core.package_identification:_identify(scr/ros2-tutorials-ws/src/diff_drive_sim) by extensions ['colcon_meta']
[0.474s] Level 1:colcon.colcon_core.package_identification:_identify(scr/ros2-tutorials-ws/src/diff_drive_sim) by extension 'colcon_meta'
[0.474s] Level 1:colcon.colcon_core.package_identification:_identify(scr/ros2-tutorials-ws/src/diff_drive_sim) by extensions ['ros']
[0.474s] Level 1:colcon.colcon_core.package_identification:_identify(scr/ros2-tutorials-ws/src/diff_drive_sim) by extension 'ros'
[0.474s] DEBUG:colcon.colcon_core.package_identification:Package 'scr/ros2-tutorials-ws/src/diff_drive_sim' with type 'ros.ament_python' and name 'diff_drive_sim'
[0.474s] Level 1:colcon.colcon_core.package_identification:_identify(scr/ros2-tutorials-ws/src/diff_drive_sim_gazebo) by extensions ['ignore', 'ignore_ament_install']
[0.474s] Level 1:colcon.colcon_core.package_identification:_identify(scr/ros2-tutorials-ws/src/diff_drive_sim_gazebo) by extension 'ignore'
[0.474s] Level 1:colcon.colcon_core.package_identification:_identify(scr/ros2-tutorials-ws/src/diff_drive_sim_gazebo) by extension 'ignore_ament_install'
[0.474s] Level 1:colcon.colcon_core.package_identification:_identify(scr/ros2-tutorials-ws/src/diff_drive_sim_gazebo) by extensions ['colcon_pkg']
[0.474s] Level 1:colcon.colcon_core.package_identification:_identify(scr/ros2-tutorials-ws/src/diff_drive_sim_gazebo) by extension 'colcon_pkg'
[0.474s] Level 1:colcon.colcon_core.package_identification:_identify(scr/ros2-tutorials-ws/src/diff_drive_sim_gazebo) by extensions ['colcon_meta']
[0.475s] Level 1:colcon.colcon_core.package_identification:_identify(scr/ros2-tutorials-ws/src/diff_drive_sim_gazebo) by extension 'colcon_meta'
[0.475s] Level 1:colcon.colcon_core.package_identification:_identify(scr/ros2-tutorials-ws/src/diff_drive_sim_gazebo) by extensions ['ros']
[0.475s] Level 1:colcon.colcon_core.package_identification:_identify(scr/ros2-tutorials-ws/src/diff_drive_sim_gazebo) by extension 'ros'
[0.475s] DEBUG:colcon.colcon_core.package_identification:Package 'scr/ros2-tutorials-ws/src/diff_drive_sim_gazebo' with type 'ros.ament_python' and name 'diff_drive_sim_gazebo'
[0.475s] Level 1:colcon.colcon_core.package_identification:_identify(scr/ros2-tutorials-ws/src/interfaces_tutorial) by extensions ['ignore', 'ignore_ament_install']
[0.475s] Level 1:colcon.colcon_core.package_identification:_identify(scr/ros2-tutorials-ws/src/interfaces_tutorial) by extension 'ignore'
[0.475s] Level 1:colcon.colcon_core.package_identification:_identify(scr/ros2-tutorials-ws/src/interfaces_tutorial) by extension 'ignore_ament_install'
[0.475s] Level 1:colcon.colcon_core.package_identification:_identify(scr/ros2-tutorials-ws/src/interfaces_tutorial) by extensions ['colcon_pkg']
[0.475s] Level 1:colcon.colcon_core.package_identification:_identify(scr/ros2-tutorials-ws/src/interfaces_tutorial) by extension 'colcon_pkg'
[0.475s] Level 1:colcon.colcon_core.package_identification:_identify(scr/ros2-tutorials-ws/src/interfaces_tutorial) by extensions ['colcon_meta']
[0.475s] Level 1:colcon.colcon_core.package_identification:_identify(scr/ros2-tutorials-ws/src/interfaces_tutorial) by extension 'colcon_meta'
[0.475s] Level 1:colcon.colcon_core.package_identification:_identify(scr/ros2-tutorials-ws/src/interfaces_tutorial) by extensions ['ros']
[0.475s] Level 1:colcon.colcon_core.package_identification:_identify(scr/ros2-tutorials-ws/src/interfaces_tutorial) by extension 'ros'
[0.476s] DEBUG:colcon.colcon_core.package_identification:Package 'scr/ros2-tutorials-ws/src/interfaces_tutorial' with type 'ros.ament_cmake' and name 'interfaces_tutorial'
[0.476s] Level 1:colcon.colcon_core.package_identification:_identify(scr/ros2-tutorials-ws/src/lifecycle_nodes) by extensions ['ignore', 'ignore_ament_install']
[0.476s] Level 1:colcon.colcon_core.package_identification:_identify(scr/ros2-tutorials-ws/src/lifecycle_nodes) by extension 'ignore'
[0.476s] Level 1:colcon.colcon_core.package_identification:_identify(scr/ros2-tutorials-ws/src/lifecycle_nodes) by extension 'ignore_ament_install'
[0.476s] Level 1:colcon.colcon_core.package_identification:_identify(scr/ros2-tutorials-ws/src/lifecycle_nodes) by extensions ['colcon_pkg']
[0.476s] Level 1:colcon.colcon_core.package_identification:_identify(scr/ros2-tutorials-ws/src/lifecycle_nodes) by extension 'colcon_pkg'
[0.476s] Level 1:colcon.colcon_core.package_identification:_identify(scr/ros2-tutorials-ws/src/lifecycle_nodes) by extensions ['colcon_meta']
[0.476s] Level 1:colcon.colcon_core.package_identification:_identify(scr/ros2-tutorials-ws/src/lifecycle_nodes) by extension 'colcon_meta'
[0.476s] Level 1:colcon.colcon_core.package_identification:_identify(scr/ros2-tutorials-ws/src/lifecycle_nodes) by extensions ['ros']
[0.476s] Level 1:colcon.colcon_core.package_identification:_identify(scr/ros2-tutorials-ws/src/lifecycle_nodes) by extension 'ros'
[0.476s] DEBUG:colcon.colcon_core.package_identification:Package 'scr/ros2-tutorials-ws/src/lifecycle_nodes' with type 'ros.ament_python' and name 'lifecycle_nodes'
[0.476s] Level 1:colcon.colcon_core.package_identification:_identify(scr/ros2-tutorials-ws/src/mecanum_robot_sim) by extensions ['ignore', 'ignore_ament_install']
[0.476s] Level 1:colcon.colcon_core.package_identification:_identify(scr/ros2-tutorials-ws/src/mecanum_robot_sim) by extension 'ignore'
[0.476s] Level 1:colcon.colcon_core.package_identification:_identify(scr/ros2-tutorials-ws/src/mecanum_robot_sim) by extension 'ignore_ament_install'
[0.476s] Level 1:colcon.colcon_core.package_identification:_identify(scr/ros2-tutorials-ws/src/mecanum_robot_sim) by extensions ['colcon_pkg']
[0.477s] Level 1:colcon.colcon_core.package_identification:_identify(scr/ros2-tutorials-ws/src/mecanum_robot_sim) by extension 'colcon_pkg'
[0.477s] Level 1:colcon.colcon_core.package_identification:_identify(scr/ros2-tutorials-ws/src/mecanum_robot_sim) by extensions ['colcon_meta']
[0.477s] Level 1:colcon.colcon_core.package_identification:_identify(scr/ros2-tutorials-ws/src/mecanum_robot_sim) by extension 'colcon_meta'
[0.477s] Level 1:colcon.colcon_core.package_identification:_identify(scr/ros2-tutorials-ws/src/mecanum_robot_sim) by extensions ['ros']
[0.477s] Level 1:colcon.colcon_core.package_identification:_identify(scr/ros2-tutorials-ws/src/mecanum_robot_sim) by extension 'ros'
[0.477s] DEBUG:colcon.colcon_core.package_identification:Package 'scr/ros2-tutorials-ws/src/mecanum_robot_sim' with type 'ros.ament_python' and name 'mecanum_robot_sim'
[0.477s] Level 1:colcon.colcon_core.package_identification:_identify(scr/ros2-tutorials-ws/src/my_first_package) by extensions ['ignore', 'ignore_ament_install']
[0.477s] Level 1:colcon.colcon_core.package_identification:_identify(scr/ros2-tutorials-ws/src/my_first_package) by extension 'ignore'
[0.477s] Level 1:colcon.colcon_core.package_identification:_identify(scr/ros2-tutorials-ws/src/my_first_package) by extension 'ignore_ament_install'
[0.477s] Level 1:colcon.colcon_core.package_identification:_identify(scr/ros2-tutorials-ws/src/my_first_package) by extensions ['colcon_pkg']
[0.477s] Level 1:colcon.colcon_core.package_identification:_identify(scr/ros2-tutorials-ws/src/my_first_package) by extension 'colcon_pkg'
[0.477s] Level 1:colcon.colcon_core.package_identification:_identify(scr/ros2-tutorials-ws/src/my_first_package) by extensions ['colcon_meta']
[0.477s] Level 1:colcon.colcon_core.package_identification:_identify(scr/ros2-tutorials-ws/src/my_first_package) by extension 'colcon_meta'
[0.477s] Level 1:colcon.colcon_core.package_identification:_identify(scr/ros2-tutorials-ws/src/my_first_package) by extensions ['ros']
[0.477s] Level 1:colcon.colcon_core.package_identification:_identify(scr/ros2-tutorials-ws/src/my_first_package) by extension 'ros'
[0.477s] DEBUG:colcon.colcon_core.package_identification:Package 'scr/ros2-tutorials-ws/src/my_first_package' with type 'ros.ament_python' and name 'my_first_package'
[0.478s] Level 1:colcon.colcon_core.package_identification:_identify(scr/ros2-tutorials-ws/src/my_second_package) by extensions ['ignore', 'ignore_ament_install']
[0.478s] Level 1:colcon.colcon_core.package_identification:_identify(scr/ros2-tutorials-ws/src/my_second_package) by extension 'ignore'
[0.478s] Level 1:colcon.colcon_core.package_identification:_identify(scr/ros2-tutorials-ws/src/my_second_package) by extension 'ignore_ament_install'
[0.478s] Level 1:colcon.colcon_core.package_identification:_identify(scr/ros2-tutorials-ws/src/my_second_package) by extensions ['colcon_pkg']
[0.478s] Level 1:colcon.colcon_core.package_identification:_identify(scr/ros2-tutorials-ws/src/my_second_package) by extension 'colcon_pkg'
[0.478s] Level 1:colcon.colcon_core.package_identification:_identify(scr/ros2-tutorials-ws/src/my_second_package) by extensions ['colcon_meta']
[0.478s] Level 1:colcon.colcon_core.package_identification:_identify(scr/ros2-tutorials-ws/src/my_second_package) by extension 'colcon_meta'
[0.478s] Level 1:colcon.colcon_core.package_identification:_identify(scr/ros2-tutorials-ws/src/my_second_package) by extensions ['ros']
[0.478s] Level 1:colcon.colcon_core.package_identification:_identify(scr/ros2-tutorials-ws/src/my_second_package) by extension 'ros'
[0.478s] DEBUG:colcon.colcon_core.package_identification:Package 'scr/ros2-tutorials-ws/src/my_second_package' with type 'ros.ament_python' and name 'my_second_package'
[0.478s] Level 1:colcon.colcon_core.package_identification:_identify(scr/ros2-tutorials-ws/src/parameters_tutorial) by extensions ['ignore', 'ignore_ament_install']
[0.478s] Level 1:colcon.colcon_core.package_identification:_identify(scr/ros2-tutorials-ws/src/parameters_tutorial) by extension 'ignore'
[0.478s] Level 1:colcon.colcon_core.package_identification:_identify(scr/ros2-tutorials-ws/src/parameters_tutorial) by extension 'ignore_ament_install'
[0.478s] Level 1:colcon.colcon_core.package_identification:_identify(scr/ros2-tutorials-ws/src/parameters_tutorial) by extensions ['colcon_pkg']
[0.478s] Level 1:colcon.colcon_core.package_identification:_identify(scr/ros2-tutorials-ws/src/parameters_tutorial) by extension 'colcon_pkg'
[0.478s] Level 1:colcon.colcon_core.package_identification:_identify(scr/ros2-tutorials-ws/src/parameters_tutorial) by extensions ['colcon_meta']
[0.478s] Level 1:colcon.colcon_core.package_identification:_identify(scr/ros2-tutorials-ws/src/parameters_tutorial) by extension 'colcon_meta'
[0.478s] Level 1:colcon.colcon_core.package_identification:_identify(scr/ros2-tutorials-ws/src/parameters_tutorial) by extensions ['ros']
[0.478s] Level 1:colcon.colcon_core.package_identification:_identify(scr/ros2-tutorials-ws/src/parameters_tutorial) by extension 'ros'
[0.479s] DEBUG:colcon.colcon_core.package_identification:Package 'scr/ros2-tutorials-ws/src/parameters_tutorial' with type 'ros.ament_python' and name 'parameters_tutorial'
[0.479s] Level 1:colcon.colcon_core.package_identification:_identify(scr/ros2-tutorials-ws/src/pubsub_package) by extensions ['ignore', 'ignore_ament_install']
[0.479s] Level 1:colcon.colcon_core.package_identification:_identify(scr/ros2-tutorials-ws/src/pubsub_package) by extension 'ignore'
[0.479s] Level 1:colcon.colcon_core.package_identification:_identify(scr/ros2-tutorials-ws/src/pubsub_package) by extension 'ignore_ament_install'
[0.479s] Level 1:colcon.colcon_core.package_identification:_identify(scr/ros2-tutorials-ws/src/pubsub_package) by extensions ['colcon_pkg']
[0.479s] Level 1:colcon.colcon_core.package_identification:_identify(scr/ros2-tutorials-ws/src/pubsub_package) by extension 'colcon_pkg'
[0.479s] Level 1:colcon.colcon_core.package_identification:_identify(scr/ros2-tutorials-ws/src/pubsub_package) by extensions ['colcon_meta']
[0.479s] Level 1:colcon.colcon_core.package_identification:_identify(scr/ros2-tutorials-ws/src/pubsub_package) by extension 'colcon_meta'
[0.479s] Level 1:colcon.colcon_core.package_identification:_identify(scr/ros2-tutorials-ws/src/pubsub_package) by extensions ['ros']
[0.479s] Level 1:colcon.colcon_core.package_identification:_identify(scr/ros2-tutorials-ws/src/pubsub_package) by extension 'ros'
[0.480s] DEBUG:colcon.colcon_core.package_identification:Package 'scr/ros2-tutorials-ws/src/pubsub_package' with type 'ros.ament_python' and name 'pubsub_package'
[0.480s] Level 1:colcon.colcon_core.package_identification:_identify(scr/ros2-tutorials-ws/src/rosmasterx3_sim) by extensions ['ignore', 'ignore_ament_install']
[0.480s] Level 1:colcon.colcon_core.package_identification:_identify(scr/ros2-tutorials-ws/src/rosmasterx3_sim) by extension 'ignore'
[0.480s] Level 1:colcon.colcon_core.package_identification:_identify(scr/ros2-tutorials-ws/src/rosmasterx3_sim) by extension 'ignore_ament_install'
[0.481s] Level 1:colcon.colcon_core.package_identification:_identify(scr/ros2-tutorials-ws/src/rosmasterx3_sim) by extensions ['colcon_pkg']
[0.481s] Level 1:colcon.colcon_core.package_identification:_identify(scr/ros2-tutorials-ws/src/rosmasterx3_sim) by extension 'colcon_pkg'
[0.481s] Level 1:colcon.colcon_core.package_identification:_identify(scr/ros2-tutorials-ws/src/rosmasterx3_sim) by extensions ['colcon_meta']
[0.481s] Level 1:colcon.colcon_core.package_identification:_identify(scr/ros2-tutorials-ws/src/rosmasterx3_sim) by extension 'colcon_meta'
[0.481s] Level 1:colcon.colcon_core.package_identification:_identify(scr/ros2-tutorials-ws/src/rosmasterx3_sim) by extensions ['ros']
[0.481s] Level 1:colcon.colcon_core.package_identification:_identify(scr/ros2-tutorials-ws/src/rosmasterx3_sim) by extension 'ros'
[0.482s] DEBUG:colcon.colcon_core.package_identification:Package 'scr/ros2-tutorials-ws/src/rosmasterx3_sim' with type 'ros.ament_python' and name 'rosmasterx3_sim'
[0.482s] Level 1:colcon.colcon_core.package_identification:_identify(scr/ros2-tutorials-ws/src/srvcli_package) by extensions ['ignore', 'ignore_ament_install']
[0.482s] Level 1:colcon.colcon_core.package_identification:_identify(scr/ros2-tutorials-ws/src/srvcli_package) by extension 'ignore'
[0.482s] Level 1:colcon.colcon_core.package_identification:_identify(scr/ros2-tutorials-ws/src/srvcli_package) by extension 'ignore_ament_install'
[0.482s] Level 1:colcon.colcon_core.package_identification:_identify(scr/ros2-tutorials-ws/src/srvcli_package) by extensions ['colcon_pkg']
[0.482s] Level 1:colcon.colcon_core.package_identification:_identify(scr/ros2-tutorials-ws/src/srvcli_package) by extension 'colcon_pkg'
[0.482s] Level 1:colcon.colcon_core.package_identification:_identify(scr/ros2-tutorials-ws/src/srvcli_package) by extensions ['colcon_meta']
[0.482s] Level 1:colcon.colcon_core.package_identification:_identify(scr/ros2-tutorials-ws/src/srvcli_package) by extension 'colcon_meta'
[0.482s] Level 1:colcon.colcon_core.package_identification:_identify(scr/ros2-tutorials-ws/src/srvcli_package) by extensions ['ros']
[0.482s] Level 1:colcon.colcon_core.package_identification:_identify(scr/ros2-tutorials-ws/src/srvcli_package) by extension 'ros'
[0.483s] DEBUG:colcon.colcon_core.package_identification:Package 'scr/ros2-tutorials-ws/src/srvcli_package' with type 'ros.ament_python' and name 'srvcli_package'
[0.483s] Level 1:colcon.colcon_core.package_identification:_identify(scr/simulacion_ri) by extensions ['ignore', 'ignore_ament_install']
[0.483s] Level 1:colcon.colcon_core.package_identification:_identify(scr/simulacion_ri) by extension 'ignore'
[0.483s] Level 1:colcon.colcon_core.package_identification:_identify(scr/simulacion_ri) by extension 'ignore_ament_install'
[0.484s] Level 1:colcon.colcon_core.package_identification:_identify(scr/simulacion_ri) by extensions ['colcon_pkg']
[0.484s] Level 1:colcon.colcon_core.package_identification:_identify(scr/simulacion_ri) by extension 'colcon_pkg'
[0.484s] Level 1:colcon.colcon_core.package_identification:_identify(scr/simulacion_ri) by extensions ['colcon_meta']
[0.484s] Level 1:colcon.colcon_core.package_identification:_identify(scr/simulacion_ri) by extension 'colcon_meta'
[0.484s] Level 1:colcon.colcon_core.package_identification:_identify(scr/simulacion_ri) by extensions ['ros']
[0.484s] Level 1:colcon.colcon_core.package_identification:_identify(scr/simulacion_ri) by extension 'ros'
[0.485s] DEBUG:colcon.colcon_core.package_identification:Package 'scr/simulacion_ri' with type 'ros.ament_cmake' and name 'simulacion_ri'
[0.485s] Level 1:colcon.colcon_core.package_discovery:discover_packages(recursive) using defaults
[0.485s] Level 1:colcon.colcon_core.package_discovery:discover_packages(ignore) discover
[0.485s] Level 1:colcon.colcon_core.package_discovery:discover_packages(ignore) using defaults
[0.485s] Level 1:colcon.colcon_core.package_discovery:discover_packages(path) discover
[0.485s] Level 1:colcon.colcon_core.package_discovery:discover_packages(path) using defaults
[0.507s] INFO:colcon.colcon_core.package_selection:Skipping not selected package 'action_package' in 'scr/ros2-tutorials-ws/src/action_package'
[0.507s] INFO:colcon.colcon_core.package_selection:Skipping not selected package 'diff_drive_sim' in 'scr/ros2-tutorials-ws/src/diff_drive_sim'
[0.507s] INFO:colcon.colcon_core.package_selection:Skipping not selected package 'diff_drive_sim_gazebo' in 'scr/ros2-tutorials-ws/src/diff_drive_sim_gazebo'
[0.507s] INFO:colcon.colcon_core.package_selection:Skipping not selected package 'interfaces_tutorial' in 'scr/ros2-tutorials-ws/src/interfaces_tutorial'
[0.507s] INFO:colcon.colcon_core.package_selection:Skipping not selected package 'lifecycle_nodes' in 'scr/ros2-tutorials-ws/src/lifecycle_nodes'
[0.507s] INFO:colcon.colcon_core.package_selection:Skipping not selected package 'mecanum_robot_sim' in 'scr/ros2-tutorials-ws/src/mecanum_robot_sim'
[0.507s] INFO:colcon.colcon_core.package_selection:Skipping not selected package 'my_first_package' in 'scr/ros2-tutorials-ws/src/my_first_package'
[0.507s] INFO:colcon.colcon_core.package_selection:Skipping not selected package 'my_second_package' in 'scr/ros2-tutorials-ws/src/my_second_package'
[0.507s] INFO:colcon.colcon_core.package_selection:Skipping not selected package 'parameters_tutorial' in 'scr/ros2-tutorials-ws/src/parameters_tutorial'
[0.507s] INFO:colcon.colcon_core.package_selection:Skipping not selected package 'robot_incendios' in 'scr/robot_incendios'
[0.507s] INFO:colcon.colcon_core.package_selection:Skipping not selected package 'rosmasterx3_sim' in 'scr/ros2-tutorials-ws/src/rosmasterx3_sim'
[0.507s] INFO:colcon.colcon_core.package_selection:Skipping not selected package 'pubsub_package' in 'scr/ros2-tutorials-ws/src/pubsub_package'
[0.507s] INFO:colcon.colcon_core.package_selection:Skipping not selected package 'srvcli_package' in 'scr/ros2-tutorials-ws/src/srvcli_package'
[0.508s] Level 1:colcon.colcon_core.package_discovery:discover_packages(prefix_path) check parameters
[0.508s] Level 1:colcon.colcon_core.package_discovery:discover_packages(prefix_path) discover
[0.512s] DEBUG:colcon.colcon_installed_package_information.package_discovery:Found 444 installed packages in /opt/ros/jazzy
[0.513s] Level 1:colcon.colcon_core.package_discovery:discover_packages(prefix_path) using defaults
[0.578s] Level 5:colcon.colcon_core.verb:set package 'simulacion_ri' build argument 'cmake_args' from command line to 'None'
[0.579s] Level 5:colcon.colcon_core.verb:set package 'simulacion_ri' build argument 'cmake_target' from command line to 'None'
[0.579s] Level 5:colcon.colcon_core.verb:set package 'simulacion_ri' build argument 'cmake_target_skip_unavailable' from command line to 'False'
[0.579s] Level 5:colcon.colcon_core.verb:set package 'simulacion_ri' build argument 'cmake_clean_cache' from command line to 'False'
[0.579s] Level 5:colcon.colcon_core.verb:set package 'simulacion_ri' build argument 'cmake_clean_first' from command line to 'False'
[0.579s] Level 5:colcon.colcon_core.verb:set package 'simulacion_ri' build argument 'cmake_force_configure' from command line to 'False'
[0.579s] Level 5:colcon.colcon_core.verb:set package 'simulacion_ri' build argument 'ament_cmake_args' from command line to 'None'
[0.579s] Level 5:colcon.colcon_core.verb:set package 'simulacion_ri' build argument 'catkin_cmake_args' from command line to 'None'
[0.579s] Level 5:colcon.colcon_core.verb:set package 'simulacion_ri' build argument 'catkin_skip_building_tests' from command line to 'False'
[0.579s] DEBUG:colcon.colcon_core.verb:Building package 'simulacion_ri' with the following arguments: {'ament_cmake_args': None, 'build_base': '/home/jairls/robot_incendios_ws/build/simulacion_ri', 'catkin_cmake_args': None, 'catkin_skip_building_tests': False, 'cmake_args': None, 'cmake_clean_cache': False, 'cmake_clean_first': False, 'cmake_force_configure': False, 'cmake_target': None, 'cmake_target_skip_unavailable': False, 'install_base': '/home/jairls/robot_incendios_ws/install/simulacion_ri', 'merge_install': False, 'path': '/home/jairls/robot_incendios_ws/scr/simulacion_ri', 'symlink_install': False, 'test_result_base': None}
[0.579s] INFO:colcon.colcon_core.executor:Executing jobs using 'parallel' executor
[0.580s] DEBUG:colcon.colcon_parallel_executor.executor.parallel:run_until_complete
[0.580s] INFO:colcon.colcon_ros.task.ament_cmake.build:Building ROS package in '/home/jairls/robot_incendios_ws/scr/simulacion_ri' with build type 'ament_cmake'
[0.580s] INFO:colcon.colcon_cmake.task.cmake.build:Building CMake package in '/home/jairls/robot_incendios_ws/scr/simulacion_ri'
[0.589s] INFO:colcon.colcon_core.plugin_system:Skipping extension 'colcon_core.shell.bat': Not used on non-Windows systems
[0.589s] INFO:colcon.colcon_core.shell:Skip shell extension 'powershell' for command environment: Not usable outside of PowerShell
[0.589s] DEBUG:colcon.colcon_core.shell:Skip shell extension 'dsv' for command environment
[0.602s] DEBUG:colcon.colcon_core.event_handler.log_command:Invoking command in '/home/jairls/robot_incendios_ws/build/simulacion_ri': CMAKE_PREFIX_PATH=${CMAKE_PREFIX_PATH}:/opt/ros/jazzy /usr/bin/cmake --build /home/jairls/robot_incendios_ws/build/simulacion_ri -- -j12 -l12
[0.694s] DEBUG:colcon.colcon_core.event_handler.log_command:Invoked command in '/home/jairls/robot_incendios_ws/build/simulacion_ri' returned '0': CMAKE_PREFIX_PATH=${CMAKE_PREFIX_PATH}:/opt/ros/jazzy /usr/bin/cmake --build /home/jairls/robot_incendios_ws/build/simulacion_ri -- -j12 -l12
[0.706s] DEBUG:colcon.colcon_core.event_handler.log_command:Invoking command in '/home/jairls/robot_incendios_ws/build/simulacion_ri': CMAKE_PREFIX_PATH=${CMAKE_PREFIX_PATH}:/opt/ros/jazzy /usr/bin/cmake --install /home/jairls/robot_incendios_ws/build/simulacion_ri
[0.757s] Level 1:colcon.colcon_core.environment:create_environment_scripts_only(simulacion_ri)
[0.757s] DEBUG:colcon.colcon_core.event_handler.log_command:Invoked command in '/home/jairls/robot_incendios_ws/build/simulacion_ri' returned '0': CMAKE_PREFIX_PATH=${CMAKE_PREFIX_PATH}:/opt/ros/jazzy /usr/bin/cmake --install /home/jairls/robot_incendios_ws/build/simulacion_ri
[0.763s] Level 1:colcon.colcon_core.environment:checking '/home/jairls/robot_incendios_ws/install/simulacion_ri' for CMake module files
[0.764s] Level 1:colcon.colcon_core.environment:checking '/home/jairls/robot_incendios_ws/install/simulacion_ri' for CMake config files
[0.767s] Level 1:colcon.colcon_core.shell:create_environment_hook('simulacion_ri', 'cmake_prefix_path')
[0.767s] INFO:colcon.colcon_core.shell:Creating environment hook '/home/jairls/robot_incendios_ws/install/simulacion_ri/share/simulacion_ri/hook/cmake_prefix_path.ps1'
[0.768s] INFO:colcon.colcon_core.shell:Creating environment descriptor '/home/jairls/robot_incendios_ws/install/simulacion_ri/share/simulacion_ri/hook/cmake_prefix_path.dsv'
[0.769s] INFO:colcon.colcon_core.shell:Creating environment hook '/home/jairls/robot_incendios_ws/install/simulacion_ri/share/simulacion_ri/hook/cmake_prefix_path.sh'
[0.769s] Level 1:colcon.colcon_core.environment:checking '/home/jairls/robot_incendios_ws/install/simulacion_ri/lib'
[0.769s] Level 1:colcon.colcon_core.environment:checking '/home/jairls/robot_incendios_ws/install/simulacion_ri/bin'
[0.770s] Level 1:colcon.colcon_core.environment:checking '/home/jairls/robot_incendios_ws/install/simulacion_ri/lib/pkgconfig/simulacion_ri.pc'
[0.770s] Level 1:colcon.colcon_core.environment:checking '/home/jairls/robot_incendios_ws/install/simulacion_ri/lib/python3.12/site-packages'
[0.770s] Level 1:colcon.colcon_core.shell:create_environment_hook('simulacion_ri', 'pythonpath')
[0.770s] INFO:colcon.colcon_core.shell:Creating environment hook '/home/jairls/robot_incendios_ws/install/simulacion_ri/share/simulacion_ri/hook/pythonpath.ps1'
[0.770s] INFO:colcon.colcon_core.shell:Creating environment descriptor '/home/jairls/robot_incendios_ws/install/simulacion_ri/share/simulacion_ri/hook/pythonpath.dsv'
[0.771s] INFO:colcon.colcon_core.shell:Creating environment hook '/home/jairls/robot_incendios_ws/install/simulacion_ri/share/simulacion_ri/hook/pythonpath.sh'
[0.771s] Level 1:colcon.colcon_core.environment:checking '/home/jairls/robot_incendios_ws/install/simulacion_ri/bin'
[0.771s] INFO:colcon.colcon_core.shell:Creating package script '/home/jairls/robot_incendios_ws/install/simulacion_ri/share/simulacion_ri/package.ps1'
[0.772s] INFO:colcon.colcon_core.shell:Creating package descriptor '/home/jairls/robot_incendios_ws/install/simulacion_ri/share/simulacion_ri/package.dsv'
[0.773s] INFO:colcon.colcon_core.shell:Creating package script '/home/jairls/robot_incendios_ws/install/simulacion_ri/share/simulacion_ri/package.sh'
[0.774s] INFO:colcon.colcon_core.shell:Creating package script '/home/jairls/robot_incendios_ws/install/simulacion_ri/share/simulacion_ri/package.bash'
[0.775s] INFO:colcon.colcon_core.shell:Creating package script '/home/jairls/robot_incendios_ws/install/simulacion_ri/share/simulacion_ri/package.zsh'
[0.775s] Level 1:colcon.colcon_core.environment:create_file_with_runtime_dependencies(/home/jairls/robot_incendios_ws/install/simulacion_ri/share/colcon-core/packages/simulacion_ri)
[0.776s] Level 1:colcon.colcon_core.environment:create_environment_scripts_only(simulacion_ri)
[0.777s] Level 1:colcon.colcon_core.environment:checking '/home/jairls/robot_incendios_ws/install/simulacion_ri' for CMake module files
[0.777s] Level 1:colcon.colcon_core.environment:checking '/home/jairls/robot_incendios_ws/install/simulacion_ri' for CMake config files
[0.777s] Level 1:colcon.colcon_core.shell:create_environment_hook('simulacion_ri', 'cmake_prefix_path')
[0.777s] INFO:colcon.colcon_core.shell:Creating environment hook '/home/jairls/robot_incendios_ws/install/simulacion_ri/share/simulacion_ri/hook/cmake_prefix_path.ps1'
[0.778s] INFO:colcon.colcon_core.shell:Creating environment descriptor '/home/jairls/robot_incendios_ws/install/simulacion_ri/share/simulacion_ri/hook/cmake_prefix_path.dsv'
[0.778s] INFO:colcon.colcon_core.shell:Creating environment hook '/home/jairls/robot_incendios_ws/install/simulacion_ri/share/simulacion_ri/hook/cmake_prefix_path.sh'
[0.778s] Level 1:colcon.colcon_core.environment:checking '/home/jairls/robot_incendios_ws/install/simulacion_ri/lib'
[0.778s] Level 1:colcon.colcon_core.environment:checking '/home/jairls/robot_incendios_ws/install/simulacion_ri/bin'
[0.778s] Level 1:colcon.colcon_core.environment:checking '/home/jairls/robot_incendios_ws/install/simulacion_ri/lib/pkgconfig/simulacion_ri.pc'
[0.778s] Level 1:colcon.colcon_core.environment:checking '/home/jairls/robot_incendios_ws/install/simulacion_ri/lib/python3.12/site-packages'
[0.779s] Level 1:colcon.colcon_core.shell:create_environment_hook('simulacion_ri', 'pythonpath')
[0.779s] INFO:colcon.colcon_core.shell:Creating environment hook '/home/jairls/robot_incendios_ws/install/simulacion_ri/share/simulacion_ri/hook/pythonpath.ps1'
[0.779s] INFO:colcon.colcon_core.shell:Creating environment descriptor '/home/jairls/robot_incendios_ws/install/simulacion_ri/share/simulacion_ri/hook/pythonpath.dsv'
[0.779s] INFO:colcon.colcon_core.shell:Creating environment hook '/home/jairls/robot_incendios_ws/install/simulacion_ri/share/simulacion_ri/hook/pythonpath.sh'
[0.780s] Level 1:colcon.colcon_core.environment:checking '/home/jairls/robot_incendios_ws/install/simulacion_ri/bin'
[0.780s] INFO:colcon.colcon_core.shell:Creating package script '/home/jairls/robot_incendios_ws/install/simulacion_ri/share/simulacion_ri/package.ps1'
[0.781s] INFO:colcon.colcon_core.shell:Creating package descriptor '/home/jairls/robot_incendios_ws/install/simulacion_ri/share/simulacion_ri/package.dsv'
[0.782s] INFO:colcon.colcon_core.shell:Creating package script '/home/jairls/robot_incendios_ws/install/simulacion_ri/share/simulacion_ri/package.sh'
[0.782s] INFO:colcon.colcon_core.shell:Creating package script '/home/jairls/robot_incendios_ws/install/simulacion_ri/share/simulacion_ri/package.bash'
[0.783s] INFO:colcon.colcon_core.shell:Creating package script '/home/jairls/robot_incendios_ws/install/simulacion_ri/share/simulacion_ri/package.zsh'
[0.783s] Level 1:colcon.colcon_core.environment:create_file_with_runtime_dependencies(/home/jairls/robot_incendios_ws/install/simulacion_ri/share/colcon-core/packages/simulacion_ri)
[0.783s] DEBUG:colcon.colcon_parallel_executor.executor.parallel:closing loop
[0.784s] DEBUG:colcon.colcon_parallel_executor.executor.parallel:loop closed
[0.784s] DEBUG:colcon.colcon_parallel_executor.executor.parallel:run_until_complete finished with '0'
[0.784s] DEBUG:colcon.colcon_core.event_reactor:joining thread
[0.850s] INFO:colcon.colcon_core.plugin_system:Skipping extension 'colcon_notification.desktop_notification.notify_send': Could not find 'notify-send'
[0.850s] INFO:colcon.colcon_core.plugin_system:Skipping extension 'colcon_notification.desktop_notification.terminal_notifier': Not used on non-Darwin systems
[0.850s] INFO:colcon.colcon_core.plugin_system:Skipping extension 'colcon_notification.desktop_notification.win32': Not used on non-Windows systems
[0.850s] INFO:colcon.colcon_notification.desktop_notification:Sending desktop notification using 'notify2'
[0.876s] DEBUG:colcon.colcon_notification.desktop_notification.notify2:Failed to initialize notify2: org.freedesktop.DBus.Error.ServiceUnknown: The name org.freedesktop.Notifications was not provided by any .service files
[0.877s] DEBUG:colcon.colcon_core.event_reactor:joined thread
[0.877s] INFO:colcon.colcon_core.shell:Creating prefix script '/home/jairls/robot_incendios_ws/install/local_setup.ps1'
[0.878s] INFO:colcon.colcon_core.shell:Creating prefix util module '/home/jairls/robot_incendios_ws/install/_local_setup_util_ps1.py'
[0.879s] INFO:colcon.colcon_core.shell:Creating prefix chain script '/home/jairls/robot_incendios_ws/install/setup.ps1'
[0.880s] INFO:colcon.colcon_core.shell:Creating prefix script '/home/jairls/robot_incendios_ws/install/local_setup.sh'
[0.881s] INFO:colcon.colcon_core.shell:Creating prefix util module '/home/jairls/robot_incendios_ws/install/_local_setup_util_sh.py'
[0.881s] INFO:colcon.colcon_core.shell:Creating prefix chain script '/home/jairls/robot_incendios_ws/install/setup.sh'
[0.882s] INFO:colcon.colcon_core.shell:Creating prefix script '/home/jairls/robot_incendios_ws/install/local_setup.bash'
[0.883s] INFO:colcon.colcon_core.shell:Creating prefix chain script '/home/jairls/robot_incendios_ws/install/setup.bash'
[0.883s] INFO:colcon.colcon_core.shell:Creating prefix script '/home/jairls/robot_incendios_ws/install/local_setup.zsh'
[0.884s] INFO:colcon.colcon_core.shell:Creating prefix chain script '/home/jairls/robot_incendios_ws/install/setup.zsh'
