running egg_info
creating ../../build/robot_incendios/robot_incendios.egg-info
writing ../../build/robot_incendios/robot_incendios.egg-info/PKG-INFO
writing dependency_links to ../../build/robot_incendios/robot_incendios.egg-info/dependency_links.txt
writing entry points to ../../build/robot_incendios/robot_incendios.egg-info/entry_points.txt
writing requirements to ../../build/robot_incendios/robot_incendios.egg-info/requires.txt
writing top-level names to ../../build/robot_incendios/robot_incendios.egg-info/top_level.txt
writing manifest file '../../build/robot_incendios/robot_incendios.egg-info/SOURCES.txt'
reading manifest file '../../build/robot_incendios/robot_incendios.egg-info/SOURCES.txt'
writing manifest file '../../build/robot_incendios/robot_incendios.egg-info/SOURCES.txt'
running build
running build_py
creating /home/jairls/robot_incendios_ws/build/robot_incendios/build
creating /home/jairls/robot_incendios_ws/build/robot_incendios/build/lib
creating /home/jairls/robot_incendios_ws/build/robot_incendios/build/lib/robot_incendios
copying robot_incendios/LiDAR.py -> /home/jairls/robot_incendios_ws/build/robot_incendios/build/lib/robot_incendios
copying robot_incendios/__init__.py -> /home/jairls/robot_incendios_ws/build/robot_incendios/build/lib/robot_incendios
running install
running install_lib
creating /home/jairls/robot_incendios_ws/install/robot_incendios/lib/python3.12/site-packages/robot_incendios
copying /home/jairls/robot_incendios_ws/build/robot_incendios/build/lib/robot_incendios/LiDAR.py -> /home/jairls/robot_incendios_ws/install/robot_incendios/lib/python3.12/site-packages/robot_incendios
copying /home/jairls/robot_incendios_ws/build/robot_incendios/build/lib/robot_incendios/__init__.py -> /home/jairls/robot_incendios_ws/install/robot_incendios/lib/python3.12/site-packages/robot_incendios
byte-compiling /home/jairls/robot_incendios_ws/install/robot_incendios/lib/python3.12/site-packages/robot_incendios/LiDAR.py to LiDAR.cpython-312.pyc
byte-compiling /home/jairls/robot_incendios_ws/install/robot_incendios/lib/python3.12/site-packages/robot_incendios/__init__.py to __init__.cpython-312.pyc
running install_data
creating /home/jairls/robot_incendios_ws/install/robot_incendios/share/ament_index
creating /home/jairls/robot_incendios_ws/install/robot_incendios/share/ament_index/resource_index
creating /home/jairls/robot_incendios_ws/install/robot_incendios/share/ament_index/resource_index/packages
copying resource/robot_incendios -> /home/jairls/robot_incendios_ws/install/robot_incendios/share/ament_index/resource_index/packages
copying package.xml -> /home/jairls/robot_incendios_ws/install/robot_incendios/share/robot_incendios
running install_egg_info
Copying ../../build/robot_incendios/robot_incendios.egg-info to /home/jairls/robot_incendios_ws/install/robot_incendios/lib/python3.12/site-packages/robot_incendios-0.0.0-py3.12.egg-info
running install_scripts
Installing LiDAR script to /home/jairls/robot_incendios_ws/install/robot_incendios/lib/robot_incendios
writing list of installed files to '/home/jairls/robot_incendios_ws/build/robot_incendios/install.log'
