[2.412s] Invoking command in '/home/jairls/robot_incendios_ws/scr/robot_incendios': PYTHONPATH=/home/jairls/robot_incendios_ws/build/robot_incendios/prefix_override:/usr/lib/python3/dist-packages/colcon_core/task/python/colcon_distutils_commands:/home/jairls/robot_incendios_ws/install/robot_incendios/lib/python3.12/site-packages:${PYTHONPATH} /usr/bin/python3 -W ignore:setup.py install is deprecated -W ignore:easy_install command is deprecated setup.py egg_info --egg-base ../../build/robot_incendios build --build-base /home/jairls/robot_incendios_ws/build/robot_incendios/build install --record /home/jairls/robot_incendios_ws/build/robot_incendios/install.log --single-version-externally-managed install_data
[2.933s] running egg_info
[2.934s] creating ../../build/robot_incendios/robot_incendios.egg-info
[2.991s] writing ../../build/robot_incendios/robot_incendios.egg-info/PKG-INFO
[2.992s] writing dependency_links to ../../build/robot_incendios/robot_incendios.egg-info/dependency_links.txt
[2.993s] writing entry points to ../../build/robot_incendios/robot_incendios.egg-info/entry_points.txt
[2.994s] writing requirements to ../../build/robot_incendios/robot_incendios.egg-info/requires.txt
[2.994s] writing top-level names to ../../build/robot_incendios/robot_incendios.egg-info/top_level.txt
[2.994s] writing manifest file '../../build/robot_incendios/robot_incendios.egg-info/SOURCES.txt'
[3.071s] reading manifest file '../../build/robot_incendios/robot_incendios.egg-info/SOURCES.txt'
[3.073s] writing manifest file '../../build/robot_incendios/robot_incendios.egg-info/SOURCES.txt'
[3.073s] running build
[3.073s] running build_py
[3.074s] creating /home/jairls/robot_incendios_ws/build/robot_incendios/build
[3.074s] creating /home/jairls/robot_incendios_ws/build/robot_incendios/build/lib
[3.075s] creating /home/jairls/robot_incendios_ws/build/robot_incendios/build/lib/robot_incendios
[3.075s] copying robot_incendios/LiDAR.py -> /home/jairls/robot_incendios_ws/build/robot_incendios/build/lib/robot_incendios
[3.076s] copying robot_incendios/__init__.py -> /home/jairls/robot_incendios_ws/build/robot_incendios/build/lib/robot_incendios
[3.076s] running install
[3.093s] running install_lib
[3.138s] creating /home/jairls/robot_incendios_ws/install/robot_incendios/lib/python3.12/site-packages/robot_incendios
[3.139s] copying /home/jairls/robot_incendios_ws/build/robot_incendios/build/lib/robot_incendios/LiDAR.py -> /home/jairls/robot_incendios_ws/install/robot_incendios/lib/python3.12/site-packages/robot_incendios
[3.140s] copying /home/jairls/robot_incendios_ws/build/robot_incendios/build/lib/robot_incendios/__init__.py -> /home/jairls/robot_incendios_ws/install/robot_incendios/lib/python3.12/site-packages/robot_incendios
[3.140s] byte-compiling /home/jairls/robot_incendios_ws/install/robot_incendios/lib/python3.12/site-packages/robot_incendios/LiDAR.py to LiDAR.cpython-312.pyc
[3.141s] byte-compiling /home/jairls/robot_incendios_ws/install/robot_incendios/lib/python3.12/site-packages/robot_incendios/__init__.py to __init__.cpython-312.pyc
[3.141s] running install_data
[3.142s] creating /home/jairls/robot_incendios_ws/install/robot_incendios/share/ament_index
[3.142s] creating /home/jairls/robot_incendios_ws/install/robot_incendios/share/ament_index/resource_index
[3.142s] creating /home/jairls/robot_incendios_ws/install/robot_incendios/share/ament_index/resource_index/packages
[3.143s] copying resource/robot_incendios -> /home/jairls/robot_incendios_ws/install/robot_incendios/share/ament_index/resource_index/packages
[3.144s] copying package.xml -> /home/jairls/robot_incendios_ws/install/robot_incendios/share/robot_incendios
[3.144s] running install_egg_info
[3.191s] Copying ../../build/robot_incendios/robot_incendios.egg-info to /home/jairls/robot_incendios_ws/install/robot_incendios/lib/python3.12/site-packages/robot_incendios-0.0.0-py3.12.egg-info
[3.193s] running install_scripts
[3.435s] Installing LiDAR script to /home/jairls/robot_incendios_ws/install/robot_incendios/lib/robot_incendios
[3.436s] writing list of installed files to '/home/jairls/robot_incendios_ws/build/robot_incendios/install.log'
[3.488s] Invoked command in '/home/jairls/robot_incendios_ws/scr/robot_incendios' returned '0': PYTHONPATH=/home/jairls/robot_incendios_ws/build/robot_incendios/prefix_override:/usr/lib/python3/dist-packages/colcon_core/task/python/colcon_distutils_commands:/home/jairls/robot_incendios_ws/install/robot_incendios/lib/python3.12/site-packages:${PYTHONPATH} /usr/bin/python3 -W ignore:setup.py install is deprecated -W ignore:easy_install command is deprecated setup.py egg_info --egg-base ../../build/robot_incendios build --build-base /home/jairls/robot_incendios_ws/build/robot_incendios/build install --record /home/jairls/robot_incendios_ws/build/robot_incendios/install.log --single-version-externally-managed install_data
