-- Install configuration: ""
-- Up-to-date: /home/jairls/robot_incendios_ws/install/simulacion_ri/share/simulacion_ri/config
-- Up-to-date: /home/jairls/robot_incendios_ws/install/simulacion_ri/share/simulacion_ri/config/robot.rviz
-- Up-to-date: /home/jairls/robot_incendios_ws/install/simulacion_ri/share/simulacion_ri/config/joint_names_Ensamblaje_V1.yaml
-- Up-to-date: /home/jairls/robot_incendios_ws/install/simulacion_ri/share/simulacion_ri/launch
-- Up-to-date: /home/jairls/robot_incendios_ws/install/simulacion_ri/share/simulacion_ri/launch/gazebo.launch.py
-- Up-to-date: /home/jairls/robot_incendios_ws/install/simulacion_ri/share/simulacion_ri/launch/display.launch
-- Up-to-date: /home/jairls/robot_incendios_ws/install/simulacion_ri/share/simulacion_ri/launch/gazebo.launch
-- Up-to-date: /home/jairls/robot_incendios_ws/install/simulacion_ri/share/simulacion_ri/launch/display.launch.py
-- Up-to-date: /home/jairls/robot_incendios_ws/install/simulacion_ri/share/simulacion_ri/meshes
-- Up-to-date: /home/jairls/robot_incendios_ws/install/simulacion_ri/share/simulacion_ri/meshes/lidar_link.STL
-- Up-to-date: /home/jairls/robot_incendios_ws/install/simulacion_ri/share/simulacion_ri/meshes/rueda_derecha_trasera_link.STL
-- Up-to-date: /home/jairls/robot_incendios_ws/install/simulacion_ri/share/simulacion_ri/meshes/rueda_izquierda_trasera_link.STL
-- Up-to-date: /home/jairls/robot_incendios_ws/install/simulacion_ri/share/simulacion_ri/meshes/base_link.STL
-- Up-to-date: /home/jairls/robot_incendios_ws/install/simulacion_ri/share/simulacion_ri/meshes/rueda_izquierda_delantera_link.STL
-- Up-to-date: /home/jairls/robot_incendios_ws/install/simulacion_ri/share/simulacion_ri/meshes/rueda_derecha_delantera_link.STL
-- Up-to-date: /home/jairls/robot_incendios_ws/install/simulacion_ri/share/simulacion_ri/urdf
-- Installing: /home/jairls/robot_incendios_ws/install/simulacion_ri/share/simulacion_ri/urdf/Ensamblaje_V1.urdf
-- Up-to-date: /home/jairls/robot_incendios_ws/install/simulacion_ri/share/simulacion_ri/urdf/Ensamblaje_V1.csv
-- Up-to-date: /home/jairls/robot_incendios_ws/install/simulacion_ri/share/simulacion_ri/textures
-- Up-to-date: /home/jairls/robot_incendios_ws/install/simulacion_ri/share/ament_index/resource_index/package_run_dependencies/simulacion_ri
-- Up-to-date: /home/jairls/robot_incendios_ws/install/simulacion_ri/share/ament_index/resource_index/parent_prefix_path/simulacion_ri
-- Up-to-date: /home/jairls/robot_incendios_ws/install/simulacion_ri/share/simulacion_ri/environment/ament_prefix_path.sh
-- Up-to-date: /home/jairls/robot_incendios_ws/install/simulacion_ri/share/simulacion_ri/environment/ament_prefix_path.dsv
-- Up-to-date: /home/jairls/robot_incendios_ws/install/simulacion_ri/share/simulacion_ri/environment/path.sh
-- Up-to-date: /home/jairls/robot_incendios_ws/install/simulacion_ri/share/simulacion_ri/environment/path.dsv
-- Up-to-date: /home/jairls/robot_incendios_ws/install/simulacion_ri/share/simulacion_ri/local_setup.bash
-- Up-to-date: /home/jairls/robot_incendios_ws/install/simulacion_ri/share/simulacion_ri/local_setup.sh
-- Up-to-date: /home/jairls/robot_incendios_ws/install/simulacion_ri/share/simulacion_ri/local_setup.zsh
-- Up-to-date: /home/jairls/robot_incendios_ws/install/simulacion_ri/share/simulacion_ri/local_setup.dsv
-- Installing: /home/jairls/robot_incendios_ws/install/simulacion_ri/share/simulacion_ri/package.dsv
-- Up-to-date: /home/jairls/robot_incendios_ws/install/simulacion_ri/share/ament_index/resource_index/packages/simulacion_ri
-- Up-to-date: /home/jairls/robot_incendios_ws/install/simulacion_ri/share/simulacion_ri/cmake/simulacion_riConfig.cmake
-- Up-to-date: /home/jairls/robot_incendios_ws/install/simulacion_ri/share/simulacion_ri/cmake/simulacion_riConfig-version.cmake
-- Up-to-date: /home/jairls/robot_incendios_ws/install/simulacion_ri/share/simulacion_ri/package.xml
