[0.086s] Invoking command in '/home/jairls/robot_incendios_ws/build/interfaces_tutorial': CMAKE_PREFIX_PATH=${CMAKE_PREFIX_PATH}:/home/jairls/robot_incendios_ws/install/simulacion_RI:/home/jairls/robot_incendios_ws/install/robot_incendios:/opt/ros/jazzy /usr/bin/cmake /home/jairls/robot_incendios_ws/scr/ros2-tutorials-ws/src/interfaces_tutorial -DAMENT_CMAKE_SYMLINK_INSTALL=1 -DCMAKE_INSTALL_PREFIX=/home/jairls/robot_incendios_ws/install/interfaces_tutorial
[1.964s] -- The C compiler identification is GNU 13.3.0
[1.965s] -- The CXX compiler identification is GNU 13.3.0
[2.257s] -- Detecting C compiler ABI info
[2.789s] -- Detecting C compiler ABI info - done
[2.806s] -- Check for working C compiler: /usr/bin/cc - skipped
[2.808s] -- Detecting C compile features
[2.810s] -- Detecting C compile features - done
[3.059s] -- Detecting CXX compiler ABI info
[3.849s] -- Detecting CXX compiler ABI info - done
[3.883s] -- Check for working CXX compiler: /usr/bin/c++ - skipped
[3.889s] -- Detecting CXX compile features
[3.889s] -- Detecting CXX compile features - done
[3.950s] -- Found ament_cmake: 2.5.6 (/opt/ros/jazzy/share/ament_cmake/cmake)
[4.441s] -- Found Python3: /usr/bin/python3 (found version "3.12.3") found components: Interpreter 
[4.629s] -- Override CMake install command with custom implementation using symlinks instead of copying resources
[4.776s] -- Found geometry_msgs: 5.3.7 (/opt/ros/jazzy/share/geometry_msgs/cmake)
[5.449s] -- Found rosidl_generator_c: 4.6.7 (/opt/ros/jazzy/share/rosidl_generator_c/cmake)
[5.527s] -- Found rosidl_generator_cpp: 4.6.7 (/opt/ros/jazzy/share/rosidl_generator_cpp/cmake)
[5.669s] -- Using all available rosidl_typesupport_c: rosidl_typesupport_fastrtps_c;rosidl_typesupport_introspection_c
[5.862s] -- Using all available rosidl_typesupport_cpp: rosidl_typesupport_fastrtps_cpp;rosidl_typesupport_introspection_cpp
[6.253s] -- Found rosidl_default_generators: 1.6.0 (/opt/ros/jazzy/share/rosidl_default_generators/cmake)
[6.320s] -- Found rosidl_adapter: 4.6.7 (/opt/ros/jazzy/share/rosidl_adapter/cmake)
[7.311s] -- Found ament_cmake_ros: 0.12.0 (/opt/ros/jazzy/share/ament_cmake_ros/cmake)
[8.106s] -- Using all available rosidl_typesupport_c: rosidl_typesupport_fastrtps_c;rosidl_typesupport_introspection_c
[8.385s] -- Using all available rosidl_typesupport_cpp: rosidl_typesupport_fastrtps_cpp;rosidl_typesupport_introspection_cpp
[8.393s] -- Found python_cmake_module: 0.11.1 (/opt/ros/jazzy/share/python_cmake_module/cmake)
[8.506s] -- Found PythonExtra: /usr/bin/python3  
[8.886s] -- Found Python3: /usr/bin/python3 (found version "3.12.3") found components: Interpreter Development NumPy Development.Module Development.Embed 
[9.023s] -- Found Python3: /usr/bin/python3 (found version "3.12.3") found components: Interpreter 
[9.030s] -- Found ament_lint_auto: 0.17.5 (/opt/ros/jazzy/share/ament_lint_auto/cmake)
[9.084s] -- Added test 'lint_cmake' to check CMake code style
[9.086s] -- Added test 'xmllint' to check XML markup files
[9.090s] -- Configuring done (9.0s)
[9.149s] -- Generating done (0.0s)
[9.162s] -- Build files have been written to: /home/jairls/robot_incendios_ws/build/interfaces_tutorial
[9.171s] Invoked command in '/home/jairls/robot_incendios_ws/build/interfaces_tutorial' returned '0': CMAKE_PREFIX_PATH=${CMAKE_PREFIX_PATH}:/home/jairls/robot_incendios_ws/install/simulacion_RI:/home/jairls/robot_incendios_ws/install/robot_incendios:/opt/ros/jazzy /usr/bin/cmake /home/jairls/robot_incendios_ws/scr/ros2-tutorials-ws/src/interfaces_tutorial -DAMENT_CMAKE_SYMLINK_INSTALL=1 -DCMAKE_INSTALL_PREFIX=/home/jairls/robot_incendios_ws/install/interfaces_tutorial
[9.172s] Invoking command in '/home/jairls/robot_incendios_ws/build/interfaces_tutorial': CMAKE_PREFIX_PATH=${CMAKE_PREFIX_PATH}:/home/jairls/robot_incendios_ws/install/simulacion_RI:/home/jairls/robot_incendios_ws/install/robot_incendios:/opt/ros/jazzy /usr/bin/cmake --build /home/jairls/robot_incendios_ws/build/interfaces_tutorial -- -j12 -l12
[9.228s] [  1%] [34m[1mGenerating type hashes for ROS interfaces[0m
[9.228s] [  3%] [34m[1mGenerating Rust code for ROS interfaces[0m
[9.245s] [  3%] Built target ament_cmake_python_symlink_interfaces_tutorial
[9.528s] [  3%] Built target interfaces_tutorial__rosidl_generator_type_description
[9.536s] running egg_info
[9.538s] creating interfaces_tutorial.egg-info
[9.545s] [  4%] [34m[1mGenerating C code for ROS interfaces[0m
[9.567s] [  6%] [34m[1mGenerating C++ code for ROS interfaces[0m
[9.569s] writing interfaces_tutorial.egg-info/PKG-INFO
[9.570s] writing dependency_links to interfaces_tutorial.egg-info/dependency_links.txt
[9.571s] writing top-level names to interfaces_tutorial.egg-info/top_level.txt
[9.571s] writing manifest file 'interfaces_tutorial.egg-info/SOURCES.txt'
[9.633s] [  6%] Built target interfaces_tutorial__rs
[9.661s] reading manifest file 'interfaces_tutorial.egg-info/SOURCES.txt'
[9.662s] writing manifest file 'interfaces_tutorial.egg-info/SOURCES.txt'
[9.706s] [  6%] Built target ament_cmake_python_build_interfaces_tutorial_egg
[10.313s] [  6%] Built target interfaces_tutorial__cpp
[10.426s] [  7%] [32mBuilding C object CMakeFiles/interfaces_tutorial__rosidl_generator_c.dir/rosidl_generator_c/interfaces_tutorial/msg/detail/num__description.c.o[0m
[10.426s] [  9%] [32mBuilding C object CMakeFiles/interfaces_tutorial__rosidl_generator_c.dir/rosidl_generator_c/interfaces_tutorial/msg/detail/sphere__functions.c.o[0m
[10.426s] [ 10%] [32mBuilding C object CMakeFiles/interfaces_tutorial__rosidl_generator_c.dir/rosidl_generator_c/interfaces_tutorial/srv/detail/add_two_ints__type_support.c.o[0m
[10.426s] [ 12%] [32mBuilding C object CMakeFiles/interfaces_tutorial__rosidl_generator_c.dir/rosidl_generator_c/interfaces_tutorial/msg/detail/num__type_support.c.o[0m
[10.427s] [ 13%] [32mBuilding C object CMakeFiles/interfaces_tutorial__rosidl_generator_c.dir/rosidl_generator_c/interfaces_tutorial/msg/detail/sphere__description.c.o[0m
[10.427s] [ 16%] [32mBuilding C object CMakeFiles/interfaces_tutorial__rosidl_generator_c.dir/rosidl_generator_c/interfaces_tutorial/msg/detail/num__functions.c.o[0m
[10.427s] [ 16%] [32mBuilding C object CMakeFiles/interfaces_tutorial__rosidl_generator_c.dir/rosidl_generator_c/interfaces_tutorial/msg/detail/sphere__type_support.c.o[0m
[10.430s] [ 18%] [32mBuilding C object CMakeFiles/interfaces_tutorial__rosidl_generator_c.dir/rosidl_generator_c/interfaces_tutorial/srv/detail/add_two_ints__functions.c.o[0m
[10.430s] [ 20%] [32mBuilding C object CMakeFiles/interfaces_tutorial__rosidl_generator_c.dir/rosidl_generator_c/interfaces_tutorial/action/detail/counter__description.c.o[0m
[10.431s] [ 21%] [32mBuilding C object CMakeFiles/interfaces_tutorial__rosidl_generator_c.dir/rosidl_generator_c/interfaces_tutorial/srv/detail/add_two_ints__description.c.o[0m
[10.440s] [ 23%] [32mBuilding C object CMakeFiles/interfaces_tutorial__rosidl_generator_c.dir/rosidl_generator_c/interfaces_tutorial/action/detail/counter__functions.c.o[0m
[10.446s] [ 24%] [32mBuilding C object CMakeFiles/interfaces_tutorial__rosidl_generator_c.dir/rosidl_generator_c/interfaces_tutorial/action/detail/counter__type_support.c.o[0m
[10.673s] [ 26%] [32m[1mLinking C shared library libinterfaces_tutorial__rosidl_generator_c.so[0m
[10.850s] [ 26%] Built target interfaces_tutorial__rosidl_generator_c
[10.861s] [ 29%] [34m[1mGenerating C type support dispatch for ROS interfaces[0m
[10.861s] [ 29%] [34m[1mGenerating C introspection for ROS interfaces[0m
[10.864s] [ 32%] [34m[1mGenerating C++ type support for eProsima Fast-RTPS[0m
[10.865s] [ 30%] [34m[1mGenerating C type support for eProsima Fast-RTPS[0m
[10.866s] [ 33%] [34m[1mGenerating C++ type support dispatch for ROS interfaces[0m
[10.867s] [ 35%] [34m[1mGenerating C++ introspection for ROS interfaces[0m
[11.308s] [ 36%] [32mBuilding CXX object CMakeFiles/interfaces_tutorial__rosidl_typesupport_c.dir/rosidl_typesupport_c/interfaces_tutorial/msg/sphere__type_support.cpp.o[0m
[11.312s] [ 38%] [32mBuilding CXX object CMakeFiles/interfaces_tutorial__rosidl_typesupport_c.dir/rosidl_typesupport_c/interfaces_tutorial/msg/num__type_support.cpp.o[0m
[11.312s] [ 40%] [32mBuilding CXX object CMakeFiles/interfaces_tutorial__rosidl_typesupport_c.dir/rosidl_typesupport_c/interfaces_tutorial/srv/add_two_ints__type_support.cpp.o[0m
[11.313s] [ 41%] [32mBuilding CXX object CMakeFiles/interfaces_tutorial__rosidl_typesupport_c.dir/rosidl_typesupport_c/interfaces_tutorial/action/counter__type_support.cpp.o[0m
[11.371s] [ 43%] [32mBuilding CXX object CMakeFiles/interfaces_tutorial__rosidl_typesupport_cpp.dir/rosidl_typesupport_cpp/interfaces_tutorial/msg/sphere__type_support.cpp.o[0m
[11.371s] [ 44%] [32mBuilding CXX object CMakeFiles/interfaces_tutorial__rosidl_typesupport_cpp.dir/rosidl_typesupport_cpp/interfaces_tutorial/action/counter__type_support.cpp.o[0m
[11.371s] [ 46%] [32mBuilding CXX object CMakeFiles/interfaces_tutorial__rosidl_typesupport_cpp.dir/rosidl_typesupport_cpp/interfaces_tutorial/msg/num__type_support.cpp.o[0m
[11.372s] [ 47%] [32mBuilding CXX object CMakeFiles/interfaces_tutorial__rosidl_typesupport_cpp.dir/rosidl_typesupport_cpp/interfaces_tutorial/srv/add_two_ints__type_support.cpp.o[0m
[11.443s] [ 49%] [32m[1mLinking CXX shared library libinterfaces_tutorial__rosidl_typesupport_c.so[0m
[11.486s] [ 50%] [32mBuilding CXX object CMakeFiles/interfaces_tutorial__rosidl_typesupport_introspection_cpp.dir/rosidl_typesupport_introspection_cpp/interfaces_tutorial/msg/detail/num__type_support.cpp.o[0m
[11.489s] [ 52%] [32mBuilding CXX object CMakeFiles/interfaces_tutorial__rosidl_typesupport_introspection_cpp.dir/rosidl_typesupport_introspection_cpp/interfaces_tutorial/msg/detail/sphere__type_support.cpp.o[0m
[11.493s] [ 53%] [32mBuilding CXX object CMakeFiles/interfaces_tutorial__rosidl_typesupport_introspection_cpp.dir/rosidl_typesupport_introspection_cpp/interfaces_tutorial/srv/detail/add_two_ints__type_support.cpp.o[0m
[11.496s] [ 55%] [32mBuilding CXX object CMakeFiles/interfaces_tutorial__rosidl_typesupport_introspection_cpp.dir/rosidl_typesupport_introspection_cpp/interfaces_tutorial/action/detail/counter__type_support.cpp.o[0m
[11.523s] [ 56%] [32mBuilding C object CMakeFiles/interfaces_tutorial__rosidl_typesupport_introspection_c.dir/rosidl_typesupport_introspection_c/interfaces_tutorial/msg/detail/num__type_support.c.o[0m
[11.597s] [ 58%] [32mBuilding C object CMakeFiles/interfaces_tutorial__rosidl_typesupport_introspection_c.dir/rosidl_typesupport_introspection_c/interfaces_tutorial/msg/detail/sphere__type_support.c.o[0m
[11.696s] [ 60%] [32mBuilding C object CMakeFiles/interfaces_tutorial__rosidl_typesupport_introspection_c.dir/rosidl_typesupport_introspection_c/interfaces_tutorial/srv/detail/add_two_ints__type_support.c.o[0m
[11.705s] [ 60%] Built target interfaces_tutorial__rosidl_typesupport_c
[11.725s] [ 61%] [32mBuilding C object CMakeFiles/interfaces_tutorial__rosidl_typesupport_introspection_c.dir/rosidl_typesupport_introspection_c/interfaces_tutorial/action/detail/counter__type_support.c.o[0m
[11.886s] [ 63%] [32m[1mLinking C shared library libinterfaces_tutorial__rosidl_typesupport_introspection_c.so[0m
[11.893s] [ 64%] [32mBuilding CXX object CMakeFiles/interfaces_tutorial__rosidl_typesupport_fastrtps_cpp.dir/rosidl_typesupport_fastrtps_cpp/interfaces_tutorial/msg/detail/dds_fastrtps/num__type_support.cpp.o[0m
[11.920s] [ 66%] [32mBuilding CXX object CMakeFiles/interfaces_tutorial__rosidl_typesupport_fastrtps_cpp.dir/rosidl_typesupport_fastrtps_cpp/interfaces_tutorial/msg/detail/dds_fastrtps/sphere__type_support.cpp.o[0m
[12.071s] [ 67%] [32mBuilding CXX object CMakeFiles/interfaces_tutorial__rosidl_typesupport_fastrtps_c.dir/rosidl_typesupport_fastrtps_c/interfaces_tutorial/msg/detail/num__type_support_c.cpp.o[0m
[12.206s] [ 67%] Built target interfaces_tutorial__rosidl_typesupport_introspection_c
[12.227s] [ 69%] [32mBuilding CXX object CMakeFiles/interfaces_tutorial__rosidl_typesupport_fastrtps_c.dir/rosidl_typesupport_fastrtps_c/interfaces_tutorial/msg/detail/sphere__type_support_c.cpp.o[0m
[12.282s] [ 70%] [32mBuilding CXX object CMakeFiles/interfaces_tutorial__rosidl_typesupport_fastrtps_cpp.dir/rosidl_typesupport_fastrtps_cpp/interfaces_tutorial/srv/detail/dds_fastrtps/add_two_ints__type_support.cpp.o[0m
[12.307s] [ 72%] [32mBuilding CXX object CMakeFiles/interfaces_tutorial__rosidl_typesupport_fastrtps_c.dir/rosidl_typesupport_fastrtps_c/interfaces_tutorial/srv/detail/add_two_ints__type_support_c.cpp.o[0m
[12.317s] [ 73%] [32mBuilding CXX object CMakeFiles/interfaces_tutorial__rosidl_typesupport_fastrtps_c.dir/rosidl_typesupport_fastrtps_c/interfaces_tutorial/action/detail/counter__type_support_c.cpp.o[0m
[12.343s] [ 75%] [32mBuilding CXX object CMakeFiles/interfaces_tutorial__rosidl_typesupport_fastrtps_cpp.dir/rosidl_typesupport_fastrtps_cpp/interfaces_tutorial/action/detail/dds_fastrtps/counter__type_support.cpp.o[0m
[13.277s] [ 76%] [32m[1mLinking CXX shared library libinterfaces_tutorial__rosidl_typesupport_cpp.so[0m
[13.550s] [ 78%] [32m[1mLinking CXX shared library libinterfaces_tutorial__rosidl_typesupport_introspection_cpp.so[0m
[13.651s] [ 78%] Built target interfaces_tutorial__rosidl_typesupport_cpp
[13.671s] [ 80%] [32m[1mLinking CXX shared library libinterfaces_tutorial__rosidl_typesupport_fastrtps_c.so[0m
[13.828s] [ 80%] Built target interfaces_tutorial__rosidl_typesupport_introspection_cpp
[13.867s] [ 80%] Built target interfaces_tutorial__rosidl_typesupport_fastrtps_c
[14.113s] [ 81%] [32m[1mLinking CXX shared library libinterfaces_tutorial__rosidl_typesupport_fastrtps_cpp.so[0m
[14.326s] [ 81%] Built target interfaces_tutorial__rosidl_typesupport_fastrtps_cpp
[14.346s] [ 81%] Built target interfaces_tutorial
[14.367s] [ 83%] [34m[1mGenerating Python code for ROS interfaces[0m
[15.005s] [ 83%] Built target interfaces_tutorial__py
[15.026s] [ 86%] [32mBuilding C object CMakeFiles/interfaces_tutorial__rosidl_generator_py.dir/rosidl_generator_py/interfaces_tutorial/action/_counter_s.c.o[0m
[15.026s] [ 86%] [32mBuilding C object CMakeFiles/interfaces_tutorial__rosidl_generator_py.dir/rosidl_generator_py/interfaces_tutorial/msg/_num_s.c.o[0m
[15.027s] [ 87%] [32mBuilding C object CMakeFiles/interfaces_tutorial__rosidl_generator_py.dir/rosidl_generator_py/interfaces_tutorial/msg/_sphere_s.c.o[0m
[15.029s] [ 89%] [32mBuilding C object CMakeFiles/interfaces_tutorial__rosidl_generator_py.dir/rosidl_generator_py/interfaces_tutorial/srv/_add_two_ints_s.c.o[0m
[15.339s] [ 90%] [32m[1mLinking C shared library libinterfaces_tutorial__rosidl_generator_py.so[0m
[15.502s] [ 90%] Built target interfaces_tutorial__rosidl_generator_py
[15.521s] [ 92%] [32mBuilding C object CMakeFiles/interfaces_tutorial_s__rosidl_typesupport_fastrtps_c.dir/rosidl_generator_py/interfaces_tutorial/_interfaces_tutorial_s.ep.rosidl_typesupport_fastrtps_c.c.o[0m
[15.522s] [ 93%] [32mBuilding C object CMakeFiles/interfaces_tutorial_s__rosidl_typesupport_c.dir/rosidl_generator_py/interfaces_tutorial/_interfaces_tutorial_s.ep.rosidl_typesupport_c.c.o[0m
[15.525s] [ 95%] [32mBuilding C object CMakeFiles/interfaces_tutorial_s__rosidl_typesupport_introspection_c.dir/rosidl_generator_py/interfaces_tutorial/_interfaces_tutorial_s.ep.rosidl_typesupport_introspection_c.c.o[0m
[15.662s] [ 96%] [32m[1mLinking C shared module rosidl_generator_py/interfaces_tutorial/interfaces_tutorial_s__rosidl_typesupport_c.so[0m
[15.672s] [ 98%] [32m[1mLinking C shared module rosidl_generator_py/interfaces_tutorial/interfaces_tutorial_s__rosidl_typesupport_fastrtps_c.so[0m
[15.676s] [100%] [32m[1mLinking C shared module rosidl_generator_py/interfaces_tutorial/interfaces_tutorial_s__rosidl_typesupport_introspection_c.so[0m
[15.772s] [100%] Built target interfaces_tutorial_s__rosidl_typesupport_c
[15.772s] [100%] Built target interfaces_tutorial_s__rosidl_typesupport_fastrtps_c
[15.813s] [100%] Built target interfaces_tutorial_s__rosidl_typesupport_introspection_c
[15.826s] Invoked command in '/home/jairls/robot_incendios_ws/build/interfaces_tutorial' returned '0': CMAKE_PREFIX_PATH=${CMAKE_PREFIX_PATH}:/home/jairls/robot_incendios_ws/install/simulacion_RI:/home/jairls/robot_incendios_ws/install/robot_incendios:/opt/ros/jazzy /usr/bin/cmake --build /home/jairls/robot_incendios_ws/build/interfaces_tutorial -- -j12 -l12
[15.826s] Invoking command in '/home/jairls/robot_incendios_ws/build/interfaces_tutorial': CMAKE_PREFIX_PATH=${CMAKE_PREFIX_PATH}:/home/jairls/robot_incendios_ws/install/simulacion_RI:/home/jairls/robot_incendios_ws/install/robot_incendios:/opt/ros/jazzy /usr/bin/cmake --install /home/jairls/robot_incendios_ws/build/interfaces_tutorial
[15.834s] -- Install configuration: ""
[15.834s] -- Execute custom install script
[15.835s] -- Symlinking: /home/jairls/robot_incendios_ws/install/interfaces_tutorial/share/ament_index/resource_index/rosidl_interfaces/interfaces_tutorial
[15.845s] -- Symlinking: /home/jairls/robot_incendios_ws/install/interfaces_tutorial/share/interfaces_tutorial/msg/Num.json
[15.854s] -- Symlinking: /home/jairls/robot_incendios_ws/install/interfaces_tutorial/share/interfaces_tutorial/msg/Sphere.json
[15.863s] -- Symlinking: /home/jairls/robot_incendios_ws/install/interfaces_tutorial/share/interfaces_tutorial/srv/AddTwoInts.json
[15.870s] -- Symlinking: /home/jairls/robot_incendios_ws/install/interfaces_tutorial/share/interfaces_tutorial/action/Counter.json
[15.880s] -- Symlinking: /home/jairls/robot_incendios_ws/install/interfaces_tutorial/include/interfaces_tutorial/interfaces_tutorial/action/counter.h
[15.887s] -- Symlinking: /home/jairls/robot_incendios_ws/install/interfaces_tutorial/include/interfaces_tutorial/interfaces_tutorial/action/detail/counter__functions.h
[15.895s] -- Symlinking: /home/jairls/robot_incendios_ws/install/interfaces_tutorial/include/interfaces_tutorial/interfaces_tutorial/action/detail/counter__struct.h
[15.902s] -- Symlinking: /home/jairls/robot_incendios_ws/install/interfaces_tutorial/include/interfaces_tutorial/interfaces_tutorial/action/detail/counter__type_support.h
[15.911s] -- Symlinking: /home/jairls/robot_incendios_ws/install/interfaces_tutorial/include/interfaces_tutorial/interfaces_tutorial/msg/detail/num__functions.h
[15.921s] -- Symlinking: /home/jairls/robot_incendios_ws/install/interfaces_tutorial/include/interfaces_tutorial/interfaces_tutorial/msg/detail/num__struct.h
[15.930s] -- Symlinking: /home/jairls/robot_incendios_ws/install/interfaces_tutorial/include/interfaces_tutorial/interfaces_tutorial/msg/detail/num__type_support.h
[15.940s] -- Symlinking: /home/jairls/robot_incendios_ws/install/interfaces_tutorial/include/interfaces_tutorial/interfaces_tutorial/msg/detail/sphere__functions.h
[15.950s] -- Symlinking: /home/jairls/robot_incendios_ws/install/interfaces_tutorial/include/interfaces_tutorial/interfaces_tutorial/msg/detail/sphere__struct.h
[15.959s] -- Symlinking: /home/jairls/robot_incendios_ws/install/interfaces_tutorial/include/interfaces_tutorial/interfaces_tutorial/msg/detail/sphere__type_support.h
[15.968s] -- Symlinking: /home/jairls/robot_incendios_ws/install/interfaces_tutorial/include/interfaces_tutorial/interfaces_tutorial/msg/num.h
[15.977s] -- Symlinking: /home/jairls/robot_incendios_ws/install/interfaces_tutorial/include/interfaces_tutorial/interfaces_tutorial/msg/rosidl_generator_c__visibility_control.h
[15.986s] -- Symlinking: /home/jairls/robot_incendios_ws/install/interfaces_tutorial/include/interfaces_tutorial/interfaces_tutorial/msg/sphere.h
[15.995s] -- Symlinking: /home/jairls/robot_incendios_ws/install/interfaces_tutorial/include/interfaces_tutorial/interfaces_tutorial/srv/add_two_ints.h
[16.003s] -- Symlinking: /home/jairls/robot_incendios_ws/install/interfaces_tutorial/include/interfaces_tutorial/interfaces_tutorial/srv/detail/add_two_ints__functions.h
[16.013s] -- Symlinking: /home/jairls/robot_incendios_ws/install/interfaces_tutorial/include/interfaces_tutorial/interfaces_tutorial/srv/detail/add_two_ints__struct.h
[16.022s] -- Symlinking: /home/jairls/robot_incendios_ws/install/interfaces_tutorial/include/interfaces_tutorial/interfaces_tutorial/srv/detail/add_two_ints__type_support.h
[16.032s] -- Symlinking: /home/jairls/robot_incendios_ws/install/interfaces_tutorial/share/interfaces_tutorial/environment/library_path.sh
[16.041s] -- Symlinking: /home/jairls/robot_incendios_ws/install/interfaces_tutorial/share/interfaces_tutorial/environment/library_path.dsv
[16.050s] -- Symlinking: /home/jairls/robot_incendios_ws/install/interfaces_tutorial/include/interfaces_tutorial/interfaces_tutorial/action/detail/counter__rosidl_typesupport_fastrtps_c.h
[16.058s] -- Symlinking: /home/jairls/robot_incendios_ws/install/interfaces_tutorial/include/interfaces_tutorial/interfaces_tutorial/msg/detail/num__rosidl_typesupport_fastrtps_c.h
[16.067s] -- Symlinking: /home/jairls/robot_incendios_ws/install/interfaces_tutorial/include/interfaces_tutorial/interfaces_tutorial/msg/detail/sphere__rosidl_typesupport_fastrtps_c.h
[16.076s] -- Symlinking: /home/jairls/robot_incendios_ws/install/interfaces_tutorial/include/interfaces_tutorial/interfaces_tutorial/msg/rosidl_typesupport_fastrtps_c__visibility_control.h
[16.085s] -- Symlinking: /home/jairls/robot_incendios_ws/install/interfaces_tutorial/include/interfaces_tutorial/interfaces_tutorial/srv/detail/add_two_ints__rosidl_typesupport_fastrtps_c.h
[16.094s] -- Symlinking: /home/jairls/robot_incendios_ws/install/interfaces_tutorial/include/interfaces_tutorial/interfaces_tutorial/action/counter.hpp
[16.101s] -- Symlinking: /home/jairls/robot_incendios_ws/install/interfaces_tutorial/include/interfaces_tutorial/interfaces_tutorial/action/detail/counter__builder.hpp
[16.110s] -- Symlinking: /home/jairls/robot_incendios_ws/install/interfaces_tutorial/include/interfaces_tutorial/interfaces_tutorial/action/detail/counter__struct.hpp
[16.120s] -- Symlinking: /home/jairls/robot_incendios_ws/install/interfaces_tutorial/include/interfaces_tutorial/interfaces_tutorial/action/detail/counter__traits.hpp
[16.128s] -- Symlinking: /home/jairls/robot_incendios_ws/install/interfaces_tutorial/include/interfaces_tutorial/interfaces_tutorial/action/detail/counter__type_support.hpp
[16.137s] -- Symlinking: /home/jairls/robot_incendios_ws/install/interfaces_tutorial/include/interfaces_tutorial/interfaces_tutorial/msg/detail/num__builder.hpp
[16.145s] -- Symlinking: /home/jairls/robot_incendios_ws/install/interfaces_tutorial/include/interfaces_tutorial/interfaces_tutorial/msg/detail/num__struct.hpp
[16.155s] -- Symlinking: /home/jairls/robot_incendios_ws/install/interfaces_tutorial/include/interfaces_tutorial/interfaces_tutorial/msg/detail/num__traits.hpp
[16.165s] -- Symlinking: /home/jairls/robot_incendios_ws/install/interfaces_tutorial/include/interfaces_tutorial/interfaces_tutorial/msg/detail/num__type_support.hpp
[16.174s] -- Symlinking: /home/jairls/robot_incendios_ws/install/interfaces_tutorial/include/interfaces_tutorial/interfaces_tutorial/msg/detail/sphere__builder.hpp
[16.184s] -- Symlinking: /home/jairls/robot_incendios_ws/install/interfaces_tutorial/include/interfaces_tutorial/interfaces_tutorial/msg/detail/sphere__struct.hpp
[16.193s] -- Symlinking: /home/jairls/robot_incendios_ws/install/interfaces_tutorial/include/interfaces_tutorial/interfaces_tutorial/msg/detail/sphere__traits.hpp
[16.202s] -- Symlinking: /home/jairls/robot_incendios_ws/install/interfaces_tutorial/include/interfaces_tutorial/interfaces_tutorial/msg/detail/sphere__type_support.hpp
[16.212s] -- Symlinking: /home/jairls/robot_incendios_ws/install/interfaces_tutorial/include/interfaces_tutorial/interfaces_tutorial/msg/num.hpp
[16.223s] -- Symlinking: /home/jairls/robot_incendios_ws/install/interfaces_tutorial/include/interfaces_tutorial/interfaces_tutorial/msg/rosidl_generator_cpp__visibility_control.hpp
[16.234s] -- Symlinking: /home/jairls/robot_incendios_ws/install/interfaces_tutorial/include/interfaces_tutorial/interfaces_tutorial/msg/sphere.hpp
[16.247s] -- Symlinking: /home/jairls/robot_incendios_ws/install/interfaces_tutorial/include/interfaces_tutorial/interfaces_tutorial/srv/add_two_ints.hpp
[16.259s] -- Symlinking: /home/jairls/robot_incendios_ws/install/interfaces_tutorial/include/interfaces_tutorial/interfaces_tutorial/srv/detail/add_two_ints__builder.hpp
[16.270s] -- Symlinking: /home/jairls/robot_incendios_ws/install/interfaces_tutorial/include/interfaces_tutorial/interfaces_tutorial/srv/detail/add_two_ints__struct.hpp
[16.281s] -- Symlinking: /home/jairls/robot_incendios_ws/install/interfaces_tutorial/include/interfaces_tutorial/interfaces_tutorial/srv/detail/add_two_ints__traits.hpp
[16.295s] -- Symlinking: /home/jairls/robot_incendios_ws/install/interfaces_tutorial/include/interfaces_tutorial/interfaces_tutorial/srv/detail/add_two_ints__type_support.hpp
[16.306s] -- Symlinking: /home/jairls/robot_incendios_ws/install/interfaces_tutorial/include/interfaces_tutorial/interfaces_tutorial/action/detail/counter__rosidl_typesupport_fastrtps_cpp.hpp
[16.316s] -- Symlinking: /home/jairls/robot_incendios_ws/install/interfaces_tutorial/include/interfaces_tutorial/interfaces_tutorial/msg/detail/num__rosidl_typesupport_fastrtps_cpp.hpp
[16.326s] -- Symlinking: /home/jairls/robot_incendios_ws/install/interfaces_tutorial/include/interfaces_tutorial/interfaces_tutorial/msg/detail/sphere__rosidl_typesupport_fastrtps_cpp.hpp
[16.363s] -- Symlinking: /home/jairls/robot_incendios_ws/install/interfaces_tutorial/include/interfaces_tutorial/interfaces_tutorial/msg/rosidl_typesupport_fastrtps_cpp__visibility_control.h
[16.378s] -- Symlinking: /home/jairls/robot_incendios_ws/install/interfaces_tutorial/include/interfaces_tutorial/interfaces_tutorial/srv/detail/add_two_ints__rosidl_typesupport_fastrtps_cpp.hpp
[16.389s] -- Symlinking: /home/jairls/robot_incendios_ws/install/interfaces_tutorial/include/interfaces_tutorial/interfaces_tutorial/action/detail/counter__rosidl_typesupport_introspection_c.h
[16.403s] -- Symlinking: /home/jairls/robot_incendios_ws/install/interfaces_tutorial/include/interfaces_tutorial/interfaces_tutorial/msg/detail/num__rosidl_typesupport_introspection_c.h
[16.419s] -- Symlinking: /home/jairls/robot_incendios_ws/install/interfaces_tutorial/include/interfaces_tutorial/interfaces_tutorial/msg/detail/sphere__rosidl_typesupport_introspection_c.h
[16.434s] -- Symlinking: /home/jairls/robot_incendios_ws/install/interfaces_tutorial/include/interfaces_tutorial/interfaces_tutorial/msg/rosidl_typesupport_introspection_c__visibility_control.h
[16.451s] -- Symlinking: /home/jairls/robot_incendios_ws/install/interfaces_tutorial/include/interfaces_tutorial/interfaces_tutorial/srv/detail/add_two_ints__rosidl_typesupport_introspection_c.h
[16.472s] -- Symlinking: /home/jairls/robot_incendios_ws/install/interfaces_tutorial/include/interfaces_tutorial/interfaces_tutorial/action/detail/counter__rosidl_typesupport_introspection_cpp.hpp
[16.486s] -- Symlinking: /home/jairls/robot_incendios_ws/install/interfaces_tutorial/include/interfaces_tutorial/interfaces_tutorial/msg/detail/num__rosidl_typesupport_introspection_cpp.hpp
[16.498s] -- Symlinking: /home/jairls/robot_incendios_ws/install/interfaces_tutorial/include/interfaces_tutorial/interfaces_tutorial/msg/detail/sphere__rosidl_typesupport_introspection_cpp.hpp
[16.513s] -- Symlinking: /home/jairls/robot_incendios_ws/install/interfaces_tutorial/include/interfaces_tutorial/interfaces_tutorial/srv/detail/add_two_ints__rosidl_typesupport_introspection_cpp.hpp
[16.526s] -- Symlinking: /home/jairls/robot_incendios_ws/install/interfaces_tutorial/share/interfaces_tutorial/environment/pythonpath.sh
[16.536s] -- Symlinking: /home/jairls/robot_incendios_ws/install/interfaces_tutorial/share/interfaces_tutorial/environment/pythonpath.dsv
[16.545s] -- Symlinking: /home/jairls/robot_incendios_ws/install/interfaces_tutorial/lib/python3.12/site-packages/interfaces_tutorial-0.0.0-py3.12.egg-info/PKG-INFO
[16.555s] -- Symlinking: /home/jairls/robot_incendios_ws/install/interfaces_tutorial/lib/python3.12/site-packages/interfaces_tutorial-0.0.0-py3.12.egg-info/SOURCES.txt
[16.563s] -- Symlinking: /home/jairls/robot_incendios_ws/install/interfaces_tutorial/lib/python3.12/site-packages/interfaces_tutorial-0.0.0-py3.12.egg-info/dependency_links.txt
[16.572s] -- Symlinking: /home/jairls/robot_incendios_ws/install/interfaces_tutorial/lib/python3.12/site-packages/interfaces_tutorial-0.0.0-py3.12.egg-info/top_level.txt
[16.582s] -- Symlinking: /home/jairls/robot_incendios_ws/install/interfaces_tutorial/lib/python3.12/site-packages/interfaces_tutorial/__init__.py
[16.591s] -- Symlinking: /home/jairls/robot_incendios_ws/install/interfaces_tutorial/lib/python3.12/site-packages/interfaces_tutorial/_interfaces_tutorial_s.ep.rosidl_typesupport_c.c
[16.600s] -- Symlinking: /home/jairls/robot_incendios_ws/install/interfaces_tutorial/lib/python3.12/site-packages/interfaces_tutorial/_interfaces_tutorial_s.ep.rosidl_typesupport_fastrtps_c.c
[16.610s] -- Symlinking: /home/jairls/robot_incendios_ws/install/interfaces_tutorial/lib/python3.12/site-packages/interfaces_tutorial/_interfaces_tutorial_s.ep.rosidl_typesupport_introspection_c.c
[16.619s] -- Symlinking: /home/jairls/robot_incendios_ws/install/interfaces_tutorial/lib/python3.12/site-packages/interfaces_tutorial/action/__init__.py
[16.628s] -- Symlinking: /home/jairls/robot_incendios_ws/install/interfaces_tutorial/lib/python3.12/site-packages/interfaces_tutorial/action/_counter.py
[16.637s] -- Symlinking: /home/jairls/robot_incendios_ws/install/interfaces_tutorial/lib/python3.12/site-packages/interfaces_tutorial/action/_counter_s.c
[16.646s] -- Symlinking: /home/jairls/robot_incendios_ws/install/interfaces_tutorial/lib/python3.12/site-packages/interfaces_tutorial/interfaces_tutorial_s__rosidl_typesupport_c.so
[16.654s] -- Symlinking: /home/jairls/robot_incendios_ws/install/interfaces_tutorial/lib/python3.12/site-packages/interfaces_tutorial/interfaces_tutorial_s__rosidl_typesupport_fastrtps_c.so
[16.662s] -- Symlinking: /home/jairls/robot_incendios_ws/install/interfaces_tutorial/lib/python3.12/site-packages/interfaces_tutorial/interfaces_tutorial_s__rosidl_typesupport_introspection_c.so
[16.669s] -- Symlinking: /home/jairls/robot_incendios_ws/install/interfaces_tutorial/lib/python3.12/site-packages/interfaces_tutorial/msg/__init__.py
[16.678s] -- Symlinking: /home/jairls/robot_incendios_ws/install/interfaces_tutorial/lib/python3.12/site-packages/interfaces_tutorial/msg/_num.py
[16.686s] -- Symlinking: /home/jairls/robot_incendios_ws/install/interfaces_tutorial/lib/python3.12/site-packages/interfaces_tutorial/msg/_num_s.c
[16.694s] -- Symlinking: /home/jairls/robot_incendios_ws/install/interfaces_tutorial/lib/python3.12/site-packages/interfaces_tutorial/msg/_sphere.py
[16.702s] -- Symlinking: /home/jairls/robot_incendios_ws/install/interfaces_tutorial/lib/python3.12/site-packages/interfaces_tutorial/msg/_sphere_s.c
[16.710s] -- Symlinking: /home/jairls/robot_incendios_ws/install/interfaces_tutorial/lib/python3.12/site-packages/interfaces_tutorial/srv/__init__.py
[16.718s] -- Symlinking: /home/jairls/robot_incendios_ws/install/interfaces_tutorial/lib/python3.12/site-packages/interfaces_tutorial/srv/_add_two_ints.py
[16.726s] -- Symlinking: /home/jairls/robot_incendios_ws/install/interfaces_tutorial/lib/python3.12/site-packages/interfaces_tutorial/srv/_add_two_ints_s.c
[16.735s] -- Up-to-date symlink: /home/jairls/robot_incendios_ws/install/interfaces_tutorial/lib/python3.12/site-packages/interfaces_tutorial/interfaces_tutorial_s__rosidl_typesupport_fastrtps_c.so
[16.735s] -- Up-to-date symlink: /home/jairls/robot_incendios_ws/install/interfaces_tutorial/lib/python3.12/site-packages/interfaces_tutorial/interfaces_tutorial_s__rosidl_typesupport_introspection_c.so
[16.735s] -- Up-to-date symlink: /home/jairls/robot_incendios_ws/install/interfaces_tutorial/lib/python3.12/site-packages/interfaces_tutorial/interfaces_tutorial_s__rosidl_typesupport_c.so
[16.735s] -- Symlinking: /home/jairls/robot_incendios_ws/install/interfaces_tutorial/share/ament_index/resource_index/rust_packages/interfaces_tutorial
[16.744s] -- Symlinking: /home/jairls/robot_incendios_ws/install/interfaces_tutorial/share/interfaces_tutorial/rust/Cargo.toml
[16.751s] -- Symlinking: /home/jairls/robot_incendios_ws/install/interfaces_tutorial/share/interfaces_tutorial/rust/build.rs
[16.760s] -- Symlinking: /home/jairls/robot_incendios_ws/install/interfaces_tutorial/share/interfaces_tutorial/rust/src/action.rs
[16.768s] -- Symlinking: /home/jairls/robot_incendios_ws/install/interfaces_tutorial/share/interfaces_tutorial/rust/src/action/rmw.rs
[16.776s] -- Symlinking: /home/jairls/robot_incendios_ws/install/interfaces_tutorial/share/interfaces_tutorial/rust/src/lib.rs
[16.783s] -- Symlinking: /home/jairls/robot_incendios_ws/install/interfaces_tutorial/share/interfaces_tutorial/rust/src/msg.rs
[16.791s] -- Symlinking: /home/jairls/robot_incendios_ws/install/interfaces_tutorial/share/interfaces_tutorial/rust/src/msg/rmw.rs
[16.799s] -- Symlinking: /home/jairls/robot_incendios_ws/install/interfaces_tutorial/share/interfaces_tutorial/rust/src/srv.rs
[16.806s] -- Symlinking: /home/jairls/robot_incendios_ws/install/interfaces_tutorial/share/interfaces_tutorial/rust/src/srv/rmw.rs
[16.815s] -- Symlinking: /home/jairls/robot_incendios_ws/install/interfaces_tutorial/share/interfaces_tutorial/msg/Num.idl
[16.824s] -- Symlinking: /home/jairls/robot_incendios_ws/install/interfaces_tutorial/share/interfaces_tutorial/msg/Sphere.idl
[16.831s] -- Symlinking: /home/jairls/robot_incendios_ws/install/interfaces_tutorial/share/interfaces_tutorial/srv/AddTwoInts.idl
[16.840s] -- Symlinking: /home/jairls/robot_incendios_ws/install/interfaces_tutorial/share/interfaces_tutorial/action/Counter.idl
[16.848s] -- Symlinking: /home/jairls/robot_incendios_ws/install/interfaces_tutorial/share/interfaces_tutorial/msg/Num.msg
[16.856s] -- Symlinking: /home/jairls/robot_incendios_ws/install/interfaces_tutorial/share/interfaces_tutorial/msg/Sphere.msg
[16.863s] -- Symlinking: /home/jairls/robot_incendios_ws/install/interfaces_tutorial/share/interfaces_tutorial/srv/AddTwoInts.srv
[16.873s] -- Symlinking: /home/jairls/robot_incendios_ws/install/interfaces_tutorial/share/interfaces_tutorial/action/Counter.action
[16.881s] -- Symlinking: /home/jairls/robot_incendios_ws/install/interfaces_tutorial/share/ament_index/resource_index/package_run_dependencies/interfaces_tutorial
[16.890s] -- Symlinking: /home/jairls/robot_incendios_ws/install/interfaces_tutorial/share/ament_index/resource_index/parent_prefix_path/interfaces_tutorial
[16.897s] -- Symlinking: /home/jairls/robot_incendios_ws/install/interfaces_tutorial/share/interfaces_tutorial/environment/ament_prefix_path.sh
[16.906s] -- Symlinking: /home/jairls/robot_incendios_ws/install/interfaces_tutorial/share/interfaces_tutorial/environment/ament_prefix_path.dsv
[16.916s] -- Symlinking: /home/jairls/robot_incendios_ws/install/interfaces_tutorial/share/interfaces_tutorial/environment/path.sh
[16.925s] -- Symlinking: /home/jairls/robot_incendios_ws/install/interfaces_tutorial/share/interfaces_tutorial/environment/path.dsv
[16.936s] -- Symlinking: /home/jairls/robot_incendios_ws/install/interfaces_tutorial/share/interfaces_tutorial/local_setup.bash
[16.946s] -- Symlinking: /home/jairls/robot_incendios_ws/install/interfaces_tutorial/share/interfaces_tutorial/local_setup.sh
[16.956s] -- Symlinking: /home/jairls/robot_incendios_ws/install/interfaces_tutorial/share/interfaces_tutorial/local_setup.zsh
[16.965s] -- Symlinking: /home/jairls/robot_incendios_ws/install/interfaces_tutorial/share/interfaces_tutorial/local_setup.dsv
[16.974s] -- Symlinking: /home/jairls/robot_incendios_ws/install/interfaces_tutorial/share/interfaces_tutorial/package.dsv
[16.983s] -- Symlinking: /home/jairls/robot_incendios_ws/install/interfaces_tutorial/share/ament_index/resource_index/packages/interfaces_tutorial
[16.993s] -- Symlinking: /home/jairls/robot_incendios_ws/install/interfaces_tutorial/share/interfaces_tutorial/cmake/rosidl_cmake-extras.cmake
[17.002s] -- Symlinking: /home/jairls/robot_incendios_ws/install/interfaces_tutorial/share/interfaces_tutorial/cmake/ament_cmake_export_dependencies-extras.cmake
[17.010s] -- Symlinking: /home/jairls/robot_incendios_ws/install/interfaces_tutorial/share/interfaces_tutorial/cmake/ament_cmake_export_include_directories-extras.cmake
[17.019s] -- Symlinking: /home/jairls/robot_incendios_ws/install/interfaces_tutorial/share/interfaces_tutorial/cmake/ament_cmake_export_libraries-extras.cmake
[17.029s] -- Symlinking: /home/jairls/robot_incendios_ws/install/interfaces_tutorial/share/interfaces_tutorial/cmake/ament_cmake_export_targets-extras.cmake
[17.038s] -- Symlinking: /home/jairls/robot_incendios_ws/install/interfaces_tutorial/share/interfaces_tutorial/cmake/rosidl_cmake_export_typesupport_targets-extras.cmake
[17.047s] -- Symlinking: /home/jairls/robot_incendios_ws/install/interfaces_tutorial/share/interfaces_tutorial/cmake/rosidl_cmake_export_typesupport_libraries-extras.cmake
[17.056s] -- Symlinking: /home/jairls/robot_incendios_ws/install/interfaces_tutorial/share/interfaces_tutorial/cmake/interfaces_tutorialConfig.cmake
[17.065s] -- Symlinking: /home/jairls/robot_incendios_ws/install/interfaces_tutorial/share/interfaces_tutorial/cmake/interfaces_tutorialConfig-version.cmake
[17.074s] -- Symlinking: /home/jairls/robot_incendios_ws/install/interfaces_tutorial/share/interfaces_tutorial/package.xml
[17.082s] -- Installing: /home/jairls/robot_incendios_ws/install/interfaces_tutorial/lib/libinterfaces_tutorial__rosidl_generator_c.so
[17.082s] -- Set non-toolchain portion of runtime path of "/home/jairls/robot_incendios_ws/install/interfaces_tutorial/lib/libinterfaces_tutorial__rosidl_generator_c.so" to ""
[17.082s] -- Installing: /home/jairls/robot_incendios_ws/install/interfaces_tutorial/lib/libinterfaces_tutorial__rosidl_typesupport_fastrtps_c.so
[17.083s] -- Set non-toolchain portion of runtime path of "/home/jairls/robot_incendios_ws/install/interfaces_tutorial/lib/libinterfaces_tutorial__rosidl_typesupport_fastrtps_c.so" to ""
[17.083s] -- Installing: /home/jairls/robot_incendios_ws/install/interfaces_tutorial/lib/libinterfaces_tutorial__rosidl_typesupport_fastrtps_cpp.so
[17.083s] -- Set non-toolchain portion of runtime path of "/home/jairls/robot_incendios_ws/install/interfaces_tutorial/lib/libinterfaces_tutorial__rosidl_typesupport_fastrtps_cpp.so" to ""
[17.084s] -- Installing: /home/jairls/robot_incendios_ws/install/interfaces_tutorial/lib/libinterfaces_tutorial__rosidl_typesupport_introspection_c.so
[17.084s] -- Set non-toolchain portion of runtime path of "/home/jairls/robot_incendios_ws/install/interfaces_tutorial/lib/libinterfaces_tutorial__rosidl_typesupport_introspection_c.so" to ""
[17.084s] -- Installing: /home/jairls/robot_incendios_ws/install/interfaces_tutorial/lib/libinterfaces_tutorial__rosidl_typesupport_c.so
[17.084s] -- Set non-toolchain portion of runtime path of "/home/jairls/robot_incendios_ws/install/interfaces_tutorial/lib/libinterfaces_tutorial__rosidl_typesupport_c.so" to ""
[17.084s] -- Installing: /home/jairls/robot_incendios_ws/install/interfaces_tutorial/lib/libinterfaces_tutorial__rosidl_typesupport_introspection_cpp.so
[17.084s] -- Set non-toolchain portion of runtime path of "/home/jairls/robot_incendios_ws/install/interfaces_tutorial/lib/libinterfaces_tutorial__rosidl_typesupport_introspection_cpp.so" to ""
[17.084s] -- Installing: /home/jairls/robot_incendios_ws/install/interfaces_tutorial/lib/libinterfaces_tutorial__rosidl_typesupport_cpp.so
[17.085s] -- Set non-toolchain portion of runtime path of "/home/jairls/robot_incendios_ws/install/interfaces_tutorial/lib/libinterfaces_tutorial__rosidl_typesupport_cpp.so" to ""
[17.159s] Listing '/home/jairls/robot_incendios_ws/install/interfaces_tutorial/lib/python3.12/site-packages/interfaces_tutorial'...
[17.159s] Compiling '/home/jairls/robot_incendios_ws/install/interfaces_tutorial/lib/python3.12/site-packages/interfaces_tutorial/__init__.py'...
[17.160s] Listing '/home/jairls/robot_incendios_ws/install/interfaces_tutorial/lib/python3.12/site-packages/interfaces_tutorial/action'...
[17.160s] Compiling '/home/jairls/robot_incendios_ws/install/interfaces_tutorial/lib/python3.12/site-packages/interfaces_tutorial/action/__init__.py'...
[17.160s] Compiling '/home/jairls/robot_incendios_ws/install/interfaces_tutorial/lib/python3.12/site-packages/interfaces_tutorial/action/_counter.py'...
[17.160s] Listing '/home/jairls/robot_incendios_ws/install/interfaces_tutorial/lib/python3.12/site-packages/interfaces_tutorial/msg'...
[17.161s] Compiling '/home/jairls/robot_incendios_ws/install/interfaces_tutorial/lib/python3.12/site-packages/interfaces_tutorial/msg/__init__.py'...
[17.161s] Compiling '/home/jairls/robot_incendios_ws/install/interfaces_tutorial/lib/python3.12/site-packages/interfaces_tutorial/msg/_num.py'...
[17.161s] Compiling '/home/jairls/robot_incendios_ws/install/interfaces_tutorial/lib/python3.12/site-packages/interfaces_tutorial/msg/_sphere.py'...
[17.161s] Listing '/home/jairls/robot_incendios_ws/install/interfaces_tutorial/lib/python3.12/site-packages/interfaces_tutorial/srv'...
[17.161s] Compiling '/home/jairls/robot_incendios_ws/install/interfaces_tutorial/lib/python3.12/site-packages/interfaces_tutorial/srv/__init__.py'...
[17.161s] Compiling '/home/jairls/robot_incendios_ws/install/interfaces_tutorial/lib/python3.12/site-packages/interfaces_tutorial/srv/_add_two_ints.py'...
[17.169s] -- Installing: /home/jairls/robot_incendios_ws/install/interfaces_tutorial/lib/libinterfaces_tutorial__rosidl_generator_py.so
[17.170s] -- Set non-toolchain portion of runtime path of "/home/jairls/robot_incendios_ws/install/interfaces_tutorial/lib/libinterfaces_tutorial__rosidl_generator_py.so" to ""
[17.170s] -- Installing: /home/jairls/robot_incendios_ws/install/interfaces_tutorial/share/interfaces_tutorial/cmake/export_interfaces_tutorial__rosidl_generator_cExport.cmake
[17.170s] -- Installing: /home/jairls/robot_incendios_ws/install/interfaces_tutorial/share/interfaces_tutorial/cmake/export_interfaces_tutorial__rosidl_generator_cExport-noconfig.cmake
[17.171s] -- Installing: /home/jairls/robot_incendios_ws/install/interfaces_tutorial/share/interfaces_tutorial/cmake/export_interfaces_tutorial__rosidl_typesupport_fastrtps_cExport.cmake
[17.171s] -- Installing: /home/jairls/robot_incendios_ws/install/interfaces_tutorial/share/interfaces_tutorial/cmake/export_interfaces_tutorial__rosidl_typesupport_fastrtps_cExport-noconfig.cmake
[17.171s] -- Installing: /home/jairls/robot_incendios_ws/install/interfaces_tutorial/share/interfaces_tutorial/cmake/export_interfaces_tutorial__rosidl_generator_cppExport.cmake
[17.171s] -- Installing: /home/jairls/robot_incendios_ws/install/interfaces_tutorial/share/interfaces_tutorial/cmake/export_interfaces_tutorial__rosidl_typesupport_fastrtps_cppExport.cmake
[17.172s] -- Installing: /home/jairls/robot_incendios_ws/install/interfaces_tutorial/share/interfaces_tutorial/cmake/export_interfaces_tutorial__rosidl_typesupport_fastrtps_cppExport-noconfig.cmake
[17.172s] -- Installing: /home/jairls/robot_incendios_ws/install/interfaces_tutorial/share/interfaces_tutorial/cmake/interfaces_tutorial__rosidl_typesupport_introspection_cExport.cmake
[17.172s] -- Installing: /home/jairls/robot_incendios_ws/install/interfaces_tutorial/share/interfaces_tutorial/cmake/interfaces_tutorial__rosidl_typesupport_introspection_cExport-noconfig.cmake
[17.173s] -- Installing: /home/jairls/robot_incendios_ws/install/interfaces_tutorial/share/interfaces_tutorial/cmake/interfaces_tutorial__rosidl_typesupport_cExport.cmake
[17.173s] -- Installing: /home/jairls/robot_incendios_ws/install/interfaces_tutorial/share/interfaces_tutorial/cmake/interfaces_tutorial__rosidl_typesupport_cExport-noconfig.cmake
[17.173s] -- Installing: /home/jairls/robot_incendios_ws/install/interfaces_tutorial/share/interfaces_tutorial/cmake/interfaces_tutorial__rosidl_typesupport_introspection_cppExport.cmake
[17.173s] -- Installing: /home/jairls/robot_incendios_ws/install/interfaces_tutorial/share/interfaces_tutorial/cmake/interfaces_tutorial__rosidl_typesupport_introspection_cppExport-noconfig.cmake
[17.173s] -- Installing: /home/jairls/robot_incendios_ws/install/interfaces_tutorial/share/interfaces_tutorial/cmake/interfaces_tutorial__rosidl_typesupport_cppExport.cmake
[17.173s] -- Installing: /home/jairls/robot_incendios_ws/install/interfaces_tutorial/share/interfaces_tutorial/cmake/interfaces_tutorial__rosidl_typesupport_cppExport-noconfig.cmake
[17.173s] -- Installing: /home/jairls/robot_incendios_ws/install/interfaces_tutorial/share/interfaces_tutorial/cmake/export_interfaces_tutorial__rosidl_generator_pyExport.cmake
[17.173s] -- Installing: /home/jairls/robot_incendios_ws/install/interfaces_tutorial/share/interfaces_tutorial/cmake/export_interfaces_tutorial__rosidl_generator_pyExport-noconfig.cmake
[17.176s] Invoked command in '/home/jairls/robot_incendios_ws/build/interfaces_tutorial' returned '0': CMAKE_PREFIX_PATH=${CMAKE_PREFIX_PATH}:/home/jairls/robot_incendios_ws/install/simulacion_RI:/home/jairls/robot_incendios_ws/install/robot_incendios:/opt/ros/jazzy /usr/bin/cmake --install /home/jairls/robot_incendios_ws/build/interfaces_tutorial
