[0.015s] Invoking command in '/home/jairls/robot_incendios_ws/build/simulacion_ri': CMAKE_PREFIX_PATH=${CMAKE_PREFIX_PATH}:/home/jairls/robot_incendios_ws/install/srvcli_package:/home/jairls/robot_incendios_ws/install/simulacion_RI:/home/jairls/robot_incendios_ws/install/rosmasterx3_sim:/home/jairls/robot_incendios_ws/install/robot_incendios:/home/jairls/robot_incendios_ws/install/pubsub_package:/home/jairls/robot_incendios_ws/install/parameters_tutorial:/home/jairls/robot_incendios_ws/install/my_second_package:/home/jairls/robot_incendios_ws/install/my_first_package:/home/jairls/robot_incendios_ws/install/mecanum_robot_sim:/home/jairls/robot_incendios_ws/install/lifecycle_nodes:/home/jairls/robot_incendios_ws/install/diff_drive_sim_gazebo:/home/jairls/robot_incendios_ws/install/diff_drive_sim:/home/jairls/robot_incendios_ws/install/action_package:/opt/ros/jazzy /usr/bin/cmake --build /home/jairls/robot_incendios_ws/build/simulacion_ri -- -j12 -l12
[0.076s] Built target ament_cmake_python_copy_simulacion_ri_setup
[0.078s] Built target ament_cmake_python_copy_simulacion_ri
[0.302s] running egg_info
[0.318s] writing simulacion_ri.egg-info/PKG-INFO
[0.319s] writing dependency_links to simulacion_ri.egg-info/dependency_links.txt
[0.319s] writing top-level names to simulacion_ri.egg-info/top_level.txt
[0.374s] reading manifest file 'simulacion_ri.egg-info/SOURCES.txt'
[0.376s] writing manifest file 'simulacion_ri.egg-info/SOURCES.txt'
[0.418s] Built target ament_cmake_python_build_simulacion_ri_egg
[0.441s] Invoked command in '/home/jairls/robot_incendios_ws/build/simulacion_ri' returned '0': CMAKE_PREFIX_PATH=${CMAKE_PREFIX_PATH}:/home/jairls/robot_incendios_ws/install/srvcli_package:/home/jairls/robot_incendios_ws/install/simulacion_RI:/home/jairls/robot_incendios_ws/install/rosmasterx3_sim:/home/jairls/robot_incendios_ws/install/robot_incendios:/home/jairls/robot_incendios_ws/install/pubsub_package:/home/jairls/robot_incendios_ws/install/parameters_tutorial:/home/jairls/robot_incendios_ws/install/my_second_package:/home/jairls/robot_incendios_ws/install/my_first_package:/home/jairls/robot_incendios_ws/install/mecanum_robot_sim:/home/jairls/robot_incendios_ws/install/lifecycle_nodes:/home/jairls/robot_incendios_ws/install/diff_drive_sim_gazebo:/home/jairls/robot_incendios_ws/install/diff_drive_sim:/home/jairls/robot_incendios_ws/install/action_package:/opt/ros/jazzy /usr/bin/cmake --build /home/jairls/robot_incendios_ws/build/simulacion_ri -- -j12 -l12
[0.463s] Invoking command in '/home/jairls/robot_incendios_ws/build/simulacion_ri': CMAKE_PREFIX_PATH=${CMAKE_PREFIX_PATH}:/home/jairls/robot_incendios_ws/install/srvcli_package:/home/jairls/robot_incendios_ws/install/simulacion_RI:/home/jairls/robot_incendios_ws/install/rosmasterx3_sim:/home/jairls/robot_incendios_ws/install/robot_incendios:/home/jairls/robot_incendios_ws/install/pubsub_package:/home/jairls/robot_incendios_ws/install/parameters_tutorial:/home/jairls/robot_incendios_ws/install/my_second_package:/home/jairls/robot_incendios_ws/install/my_first_package:/home/jairls/robot_incendios_ws/install/mecanum_robot_sim:/home/jairls/robot_incendios_ws/install/lifecycle_nodes:/home/jairls/robot_incendios_ws/install/diff_drive_sim_gazebo:/home/jairls/robot_incendios_ws/install/diff_drive_sim:/home/jairls/robot_incendios_ws/install/action_package:/opt/ros/jazzy /usr/bin/cmake --install /home/jairls/robot_incendios_ws/build/simulacion_ri
[0.478s] -- Install configuration: ""
[0.478s] -- Up-to-date: /home/jairls/robot_incendios_ws/install/simulacion_ri/share/simulacion_ri/environment/pythonpath.sh
[0.479s] -- Up-to-date: /home/jairls/robot_incendios_ws/install/simulacion_ri/share/simulacion_ri/environment/pythonpath.dsv
[0.479s] -- Up-to-date: /home/jairls/robot_incendios_ws/install/simulacion_ri/lib/python3.12/site-packages/simulacion_ri-1.0.0-py3.12.egg-info
[0.479s] -- Installing: /home/jairls/robot_incendios_ws/install/simulacion_ri/lib/python3.12/site-packages/simulacion_ri-1.0.0-py3.12.egg-info/top_level.txt
[0.480s] -- Installing: /home/jairls/robot_incendios_ws/install/simulacion_ri/lib/python3.12/site-packages/simulacion_ri-1.0.0-py3.12.egg-info/dependency_links.txt
[0.480s] -- Installing: /home/jairls/robot_incendios_ws/install/simulacion_ri/lib/python3.12/site-packages/simulacion_ri-1.0.0-py3.12.egg-info/PKG-INFO
[0.480s] -- Installing: /home/jairls/robot_incendios_ws/install/simulacion_ri/lib/python3.12/site-packages/simulacion_ri-1.0.0-py3.12.egg-info/SOURCES.txt
[0.480s] -- Up-to-date: /home/jairls/robot_incendios_ws/install/simulacion_ri/lib/python3.12/site-packages/simulacion_ri
[0.480s] -- Up-to-date: /home/jairls/robot_incendios_ws/install/simulacion_ri/lib/python3.12/site-packages/simulacion_ri/lidar_tf_publisher.py
[0.480s] -- Up-to-date: /home/jairls/robot_incendios_ws/install/simulacion_ri/lib/python3.12/site-packages/simulacion_ri/__init__.py
[0.480s] -- Up-to-date: /home/jairls/robot_incendios_ws/install/simulacion_ri/lib/python3.12/site-packages/simulacion_ri/robot.py
[0.533s] Listing '/home/jairls/robot_incendios_ws/install/simulacion_ri/lib/python3.12/site-packages/simulacion_ri'...
[0.541s] -- Up-to-date: /home/jairls/robot_incendios_ws/install/simulacion_ri/lib/simulacion_ri/lidar_tf
[0.541s] -- Up-to-date: /home/jairls/robot_incendios_ws/install/simulacion_ri/share/simulacion_ri/config
[0.542s] -- Up-to-date: /home/jairls/robot_incendios_ws/install/simulacion_ri/share/simulacion_ri/config/slam_toolbox_params.yaml
[0.542s] -- Up-to-date: /home/jairls/robot_incendios_ws/install/simulacion_ri/share/simulacion_ri/config/robot.rviz
[0.542s] -- Up-to-date: /home/jairls/robot_incendios_ws/install/simulacion_ri/share/simulacion_ri/config/joint_names_Ensamblaje_V1.yaml
[0.542s] -- Installing: /home/jairls/robot_incendios_ws/install/simulacion_ri/share/simulacion_ri/config/mapper_params_online_async.yaml
[0.543s] -- Up-to-date: /home/jairls/robot_incendios_ws/install/simulacion_ri/share/simulacion_ri/launch
[0.543s] -- Installing: /home/jairls/robot_incendios_ws/install/simulacion_ri/share/simulacion_ri/launch/gazebo.launch.py
[0.543s] -- Installing: /home/jairls/robot_incendios_ws/install/simulacion_ri/share/simulacion_ri/launch/slam.launch.py
[0.544s] -- Up-to-date: /home/jairls/robot_incendios_ws/install/simulacion_ri/share/simulacion_ri/launch/display.launch
[0.544s] -- Up-to-date: /home/jairls/robot_incendios_ws/install/simulacion_ri/share/simulacion_ri/launch/gazebo.launch
[0.544s] -- Up-to-date: /home/jairls/robot_incendios_ws/install/simulacion_ri/share/simulacion_ri/launch/display.launch.py
[0.544s] -- Up-to-date: /home/jairls/robot_incendios_ws/install/simulacion_ri/share/simulacion_ri/meshes
[0.545s] -- Up-to-date: /home/jairls/robot_incendios_ws/install/simulacion_ri/share/simulacion_ri/meshes/rueda_trasera_derecha_link.STL
[0.545s] -- Up-to-date: /home/jairls/robot_incendios_ws/install/simulacion_ri/share/simulacion_ri/meshes/lidar_link.STL
[0.545s] -- Up-to-date: /home/jairls/robot_incendios_ws/install/simulacion_ri/share/simulacion_ri/meshes/rueda_trasera_izquierda_link.STL
[0.545s] -- Up-to-date: /home/jairls/robot_incendios_ws/install/simulacion_ri/share/simulacion_ri/meshes/rueda_delante_izquierda_link.STL
[0.546s] -- Up-to-date: /home/jairls/robot_incendios_ws/install/simulacion_ri/share/simulacion_ri/meshes/base_link.STL
[0.547s] -- Up-to-date: /home/jairls/robot_incendios_ws/install/simulacion_ri/share/simulacion_ri/meshes/rueda_delante_derecha_link.STL
[0.548s] -- Up-to-date: /home/jairls/robot_incendios_ws/install/simulacion_ri/share/simulacion_ri/urdf
[0.548s] -- Up-to-date: /home/jairls/robot_incendios_ws/install/simulacion_ri/share/simulacion_ri/urdf/Ensamblaje_URDF_Final.urdf
[0.549s] -- Up-to-date: /home/jairls/robot_incendios_ws/install/simulacion_ri/share/simulacion_ri/urdf/Ensamblaje_URDF_Final.csv
[0.549s] -- Up-to-date: /home/jairls/robot_incendios_ws/install/simulacion_ri/share/simulacion_ri/textures
[0.549s] -- Up-to-date: /home/jairls/robot_incendios_ws/install/simulacion_ri/share/ament_index/resource_index/package_run_dependencies/simulacion_ri
[0.549s] -- Up-to-date: /home/jairls/robot_incendios_ws/install/simulacion_ri/share/ament_index/resource_index/parent_prefix_path/simulacion_ri
[0.549s] -- Up-to-date: /home/jairls/robot_incendios_ws/install/simulacion_ri/share/simulacion_ri/environment/ament_prefix_path.sh
[0.549s] -- Up-to-date: /home/jairls/robot_incendios_ws/install/simulacion_ri/share/simulacion_ri/environment/ament_prefix_path.dsv
[0.549s] -- Up-to-date: /home/jairls/robot_incendios_ws/install/simulacion_ri/share/simulacion_ri/environment/path.sh
[0.549s] -- Up-to-date: /home/jairls/robot_incendios_ws/install/simulacion_ri/share/simulacion_ri/environment/path.dsv
[0.550s] -- Up-to-date: /home/jairls/robot_incendios_ws/install/simulacion_ri/share/simulacion_ri/local_setup.bash
[0.550s] -- Up-to-date: /home/jairls/robot_incendios_ws/install/simulacion_ri/share/simulacion_ri/local_setup.sh
[0.550s] -- Up-to-date: /home/jairls/robot_incendios_ws/install/simulacion_ri/share/simulacion_ri/local_setup.zsh
[0.550s] -- Up-to-date: /home/jairls/robot_incendios_ws/install/simulacion_ri/share/simulacion_ri/local_setup.dsv
[0.550s] -- Installing: /home/jairls/robot_incendios_ws/install/simulacion_ri/share/simulacion_ri/package.dsv
[0.550s] -- Up-to-date: /home/jairls/robot_incendios_ws/install/simulacion_ri/share/ament_index/resource_index/packages/simulacion_ri
[0.550s] -- Up-to-date: /home/jairls/robot_incendios_ws/install/simulacion_ri/share/simulacion_ri/cmake/simulacion_riConfig.cmake
[0.550s] -- Up-to-date: /home/jairls/robot_incendios_ws/install/simulacion_ri/share/simulacion_ri/cmake/simulacion_riConfig-version.cmake
[0.551s] -- Up-to-date: /home/jairls/robot_incendios_ws/install/simulacion_ri/share/simulacion_ri/package.xml
[0.551s] Invoked command in '/home/jairls/robot_incendios_ws/build/simulacion_ri' returned '0': CMAKE_PREFIX_PATH=${CMAKE_PREFIX_PATH}:/home/jairls/robot_incendios_ws/install/srvcli_package:/home/jairls/robot_incendios_ws/install/simulacion_RI:/home/jairls/robot_incendios_ws/install/rosmasterx3_sim:/home/jairls/robot_incendios_ws/install/robot_incendios:/home/jairls/robot_incendios_ws/install/pubsub_package:/home/jairls/robot_incendios_ws/install/parameters_tutorial:/home/jairls/robot_incendios_ws/install/my_second_package:/home/jairls/robot_incendios_ws/install/my_first_package:/home/jairls/robot_incendios_ws/install/mecanum_robot_sim:/home/jairls/robot_incendios_ws/install/lifecycle_nodes:/home/jairls/robot_incendios_ws/install/diff_drive_sim_gazebo:/home/jairls/robot_incendios_ws/install/diff_drive_sim:/home/jairls/robot_incendios_ws/install/action_package:/opt/ros/jazzy /usr/bin/cmake --install /home/jairls/robot_incendios_ws/build/simulacion_ri
