running egg_info
creating ../../build/simulacion_ri/simulacion_ri.egg-info
writing ../../build/simulacion_ri/simulacion_ri.egg-info/PKG-INFO
writing dependency_links to ../../build/simulacion_ri/simulacion_ri.egg-info/dependency_links.txt
writing entry points to ../../build/simulacion_ri/simulacion_ri.egg-info/entry_points.txt
writing requirements to ../../build/simulacion_ri/simulacion_ri.egg-info/requires.txt
writing top-level names to ../../build/simulacion_ri/simulacion_ri.egg-info/top_level.txt
writing manifest file '../../build/simulacion_ri/simulacion_ri.egg-info/SOURCES.txt'
reading manifest file '../../build/simulacion_ri/simulacion_ri.egg-info/SOURCES.txt'
writing manifest file '../../build/simulacion_ri/simulacion_ri.egg-info/SOURCES.txt'
running build
running build_py
creating /home/jairls/robot_incendios_ws/build/simulacion_ri/build
creating /home/jairls/robot_incendios_ws/build/simulacion_ri/build/lib
creating /home/jairls/robot_incendios_ws/build/simulacion_ri/build/lib/simulacion_ri
copying simulacion_ri/__init__.py -> /home/jairls/robot_incendios_ws/build/simulacion_ri/build/lib/simulacion_ri
copying simulacion_ri/robot.py -> /home/jairls/robot_incendios_ws/build/simulacion_ri/build/lib/simulacion_ri
running install
running install_lib
creating /home/jairls/robot_incendios_ws/install/simulacion_ri/lib/python3.12/site-packages/simulacion_ri
copying /home/jairls/robot_incendios_ws/build/simulacion_ri/build/lib/simulacion_ri/__init__.py -> /home/jairls/robot_incendios_ws/install/simulacion_ri/lib/python3.12/site-packages/simulacion_ri
copying /home/jairls/robot_incendios_ws/build/simulacion_ri/build/lib/simulacion_ri/robot.py -> /home/jairls/robot_incendios_ws/install/simulacion_ri/lib/python3.12/site-packages/simulacion_ri
byte-compiling /home/jairls/robot_incendios_ws/install/simulacion_ri/lib/python3.12/site-packages/simulacion_ri/__init__.py to __init__.cpython-312.pyc
byte-compiling /home/jairls/robot_incendios_ws/install/simulacion_ri/lib/python3.12/site-packages/simulacion_ri/robot.py to robot.cpython-312.pyc
running install_data
creating /home/jairls/robot_incendios_ws/install/simulacion_ri/share/ament_index
creating /home/jairls/robot_incendios_ws/install/simulacion_ri/share/ament_index/resource_index
creating /home/jairls/robot_incendios_ws/install/simulacion_ri/share/ament_index/resource_index/packages
copying resource/simulacion_ri -> /home/jairls/robot_incendios_ws/install/simulacion_ri/share/ament_index/resource_index/packages
copying package.xml -> /home/jairls/robot_incendios_ws/install/simulacion_ri/share/simulacion_ri
running install_egg_info
Copying ../../build/simulacion_ri/simulacion_ri.egg-info to /home/jairls/robot_incendios_ws/install/simulacion_ri/lib/python3.12/site-packages/simulacion_ri-0.0.0-py3.12.egg-info
running install_scripts
Installing robot script to /home/jairls/robot_incendios_ws/install/simulacion_ri/lib/simulacion_ri
writing list of installed files to '/home/jairls/robot_incendios_ws/build/simulacion_ri/install.log'
