[1.738s] Invoking command in '/home/jairls/robot_incendios_ws/scr/simulacion_ri': PYTHONPATH=/home/jairls/robot_incendios_ws/build/simulacion_ri/prefix_override:/usr/lib/python3/dist-packages/colcon_core/task/python/colcon_distutils_commands:/home/jairls/robot_incendios_ws/install/simulacion_ri/lib/python3.12/site-packages:${PYTHONPATH} /usr/bin/python3 -W ignore:setup.py install is deprecated -W ignore:easy_install command is deprecated setup.py egg_info --egg-base ../../build/simulacion_ri build --build-base /home/jairls/robot_incendios_ws/build/simulacion_ri/build install --record /home/jairls/robot_incendios_ws/build/simulacion_ri/install.log --single-version-externally-managed install_data
[2.258s] running egg_info
[2.258s] creating ../../build/simulacion_ri/simulacion_ri.egg-info
[2.303s] writing ../../build/simulacion_ri/simulacion_ri.egg-info/PKG-INFO
[2.304s] writing dependency_links to ../../build/simulacion_ri/simulacion_ri.egg-info/dependency_links.txt
[2.306s] writing entry points to ../../build/simulacion_ri/simulacion_ri.egg-info/entry_points.txt
[2.307s] writing requirements to ../../build/simulacion_ri/simulacion_ri.egg-info/requires.txt
[2.309s] writing top-level names to ../../build/simulacion_ri/simulacion_ri.egg-info/top_level.txt
[2.310s] writing manifest file '../../build/simulacion_ri/simulacion_ri.egg-info/SOURCES.txt'
[2.424s] reading manifest file '../../build/simulacion_ri/simulacion_ri.egg-info/SOURCES.txt'
[2.425s] writing manifest file '../../build/simulacion_ri/simulacion_ri.egg-info/SOURCES.txt'
[2.426s] running build
[2.426s] running build_py
[2.426s] creating /home/jairls/robot_incendios_ws/build/simulacion_ri/build
[2.427s] creating /home/jairls/robot_incendios_ws/build/simulacion_ri/build/lib
[2.428s] creating /home/jairls/robot_incendios_ws/build/simulacion_ri/build/lib/simulacion_ri
[2.429s] copying simulacion_ri/__init__.py -> /home/jairls/robot_incendios_ws/build/simulacion_ri/build/lib/simulacion_ri
[2.429s] copying simulacion_ri/robot.py -> /home/jairls/robot_incendios_ws/build/simulacion_ri/build/lib/simulacion_ri
[2.430s] running install
[2.448s] running install_lib
[2.487s] creating /home/jairls/robot_incendios_ws/install/simulacion_ri/lib/python3.12/site-packages/simulacion_ri
[2.488s] copying /home/jairls/robot_incendios_ws/build/simulacion_ri/build/lib/simulacion_ri/__init__.py -> /home/jairls/robot_incendios_ws/install/simulacion_ri/lib/python3.12/site-packages/simulacion_ri
[2.489s] copying /home/jairls/robot_incendios_ws/build/simulacion_ri/build/lib/simulacion_ri/robot.py -> /home/jairls/robot_incendios_ws/install/simulacion_ri/lib/python3.12/site-packages/simulacion_ri
[2.489s] byte-compiling /home/jairls/robot_incendios_ws/install/simulacion_ri/lib/python3.12/site-packages/simulacion_ri/__init__.py to __init__.cpython-312.pyc
[2.491s] byte-compiling /home/jairls/robot_incendios_ws/install/simulacion_ri/lib/python3.12/site-packages/simulacion_ri/robot.py to robot.cpython-312.pyc
[2.492s] running install_data
[2.494s] creating /home/jairls/robot_incendios_ws/install/simulacion_ri/share/ament_index
[2.498s] creating /home/jairls/robot_incendios_ws/install/simulacion_ri/share/ament_index/resource_index
[2.501s] creating /home/jairls/robot_incendios_ws/install/simulacion_ri/share/ament_index/resource_index/packages
[2.501s] copying resource/simulacion_ri -> /home/jairls/robot_incendios_ws/install/simulacion_ri/share/ament_index/resource_index/packages
[2.501s] copying package.xml -> /home/jairls/robot_incendios_ws/install/simulacion_ri/share/simulacion_ri
[2.502s] running install_egg_info
[2.542s] Copying ../../build/simulacion_ri/simulacion_ri.egg-info to /home/jairls/robot_incendios_ws/install/simulacion_ri/lib/python3.12/site-packages/simulacion_ri-0.0.0-py3.12.egg-info
[2.545s] running install_scripts
[2.770s] Installing robot script to /home/jairls/robot_incendios_ws/install/simulacion_ri/lib/simulacion_ri
[2.771s] writing list of installed files to '/home/jairls/robot_incendios_ws/build/simulacion_ri/install.log'
[2.834s] Invoked command in '/home/jairls/robot_incendios_ws/scr/simulacion_ri' returned '0': PYTHONPATH=/home/jairls/robot_incendios_ws/build/simulacion_ri/prefix_override:/usr/lib/python3/dist-packages/colcon_core/task/python/colcon_distutils_commands:/home/jairls/robot_incendios_ws/install/simulacion_ri/lib/python3.12/site-packages:${PYTHONPATH} /usr/bin/python3 -W ignore:setup.py install is deprecated -W ignore:easy_install command is deprecated setup.py egg_info --egg-base ../../build/simulacion_ri build --build-base /home/jairls/robot_incendios_ws/build/simulacion_ri/build install --record /home/jairls/robot_incendios_ws/build/simulacion_ri/install.log --single-version-externally-managed install_data
