[1.594s] Invoking command in '/home/jairls/robot_incendios_ws/scr/robot_incendios': PYTHONPATH=/home/jairls/robot_incendios_ws/build/robot_incendios/prefix_override:/usr/lib/python3/dist-packages/colcon_core/task/python/colcon_distutils_commands:/home/jairls/robot_incendios_ws/install/robot_incendios/lib/python3.12/site-packages:${PYTHONPATH} /usr/bin/python3 -W ignore:setup.py install is deprecated -W ignore:easy_install command is deprecated setup.py egg_info --egg-base ../../build/robot_incendios build --build-base /home/jairls/robot_incendios_ws/build/robot_incendios/build install --record /home/jairls/robot_incendios_ws/build/robot_incendios/install.log --single-version-externally-managed install_data
[2.164s] running egg_info
[2.202s] writing ../../build/robot_incendios/robot_incendios.egg-info/PKG-INFO
[2.202s] writing dependency_links to ../../build/robot_incendios/robot_incendios.egg-info/dependency_links.txt
[2.202s] writing entry points to ../../build/robot_incendios/robot_incendios.egg-info/entry_points.txt
[2.203s] writing requirements to ../../build/robot_incendios/robot_incendios.egg-info/requires.txt
[2.204s] writing top-level names to ../../build/robot_incendios/robot_incendios.egg-info/top_level.txt
[2.331s] reading manifest file '../../build/robot_incendios/robot_incendios.egg-info/SOURCES.txt'
[2.331s] writing manifest file '../../build/robot_incendios/robot_incendios.egg-info/SOURCES.txt'
[2.332s] running build
[2.333s] running build_py
[2.335s] running install
[2.350s] running install_lib
[2.385s] running install_data
[2.386s] running install_egg_info
[2.424s] removing '/home/jairls/robot_incendios_ws/install/robot_incendios/lib/python3.12/site-packages/robot_incendios-0.0.0-py3.12.egg-info' (and everything under it)
[2.425s] Copying ../../build/robot_incendios/robot_incendios.egg-info to /home/jairls/robot_incendios_ws/install/robot_incendios/lib/python3.12/site-packages/robot_incendios-0.0.0-py3.12.egg-info
[2.427s] running install_scripts
[2.686s] Installing LiDAR script to /home/jairls/robot_incendios_ws/install/robot_incendios/lib/robot_incendios
[2.687s] writing list of installed files to '/home/jairls/robot_incendios_ws/build/robot_incendios/install.log'
[2.744s] Invoked command in '/home/jairls/robot_incendios_ws/scr/robot_incendios' returned '0': PYTHONPATH=/home/jairls/robot_incendios_ws/build/robot_incendios/prefix_override:/usr/lib/python3/dist-packages/colcon_core/task/python/colcon_distutils_commands:/home/jairls/robot_incendios_ws/install/robot_incendios/lib/python3.12/site-packages:${PYTHONPATH} /usr/bin/python3 -W ignore:setup.py install is deprecated -W ignore:easy_install command is deprecated setup.py egg_info --egg-base ../../build/robot_incendios build --build-base /home/jairls/robot_incendios_ws/build/robot_incendios/build install --record /home/jairls/robot_incendios_ws/build/robot_incendios/install.log --single-version-externally-managed install_data
