-- Install configuration: ""
-- Execute custom install script
-- Up-to-date symlink: /home/jairls/robot_incendios_ws/install/simulacion_ri/share/simulacion_ri/config/joint_names_Ensamblaje_V1.yaml
-- Symlinking: /home/jairls/robot_incendios_ws/install/simulacion_ri/share/simulacion_ri/config/mapper_params_online_async.yaml
-- Up-to-date symlink: /home/jairls/robot_incendios_ws/install/simulacion_ri/share/simulacion_ri/config/robot.rviz
-- Up-to-date symlink: /home/jairls/robot_incendios_ws/install/simulacion_ri/share/simulacion_ri/config/slam_toolbox_params.yaml
-- Up-to-date symlink: /home/jairls/robot_incendios_ws/install/simulacion_ri/share/simulacion_ri/launch/display.launch
-- Up-to-date symlink: /home/jairls/robot_incendios_ws/install/simulacion_ri/share/simulacion_ri/launch/display.launch.py
-- Up-to-date symlink: /home/jairls/robot_incendios_ws/install/simulacion_ri/share/simulacion_ri/launch/gazebo.launch
-- Up-to-date symlink: /home/jairls/robot_incendios_ws/install/simulacion_ri/share/simulacion_ri/launch/gazebo.launch.py
-- Up-to-date symlink: /home/jairls/robot_incendios_ws/install/simulacion_ri/share/simulacion_ri/launch/slam.launch.py
-- Up-to-date symlink: /home/jairls/robot_incendios_ws/install/simulacion_ri/share/simulacion_ri/meshes/base_link.STL
-- Up-to-date symlink: /home/jairls/robot_incendios_ws/install/simulacion_ri/share/simulacion_ri/meshes/lidar_link.STL
-- Up-to-date symlink: /home/jairls/robot_incendios_ws/install/simulacion_ri/share/simulacion_ri/meshes/rueda_delante_derecha_link.STL
-- Up-to-date symlink: /home/jairls/robot_incendios_ws/install/simulacion_ri/share/simulacion_ri/meshes/rueda_delante_izquierda_link.STL
-- Up-to-date symlink: /home/jairls/robot_incendios_ws/install/simulacion_ri/share/simulacion_ri/meshes/rueda_trasera_derecha_link.STL
-- Up-to-date symlink: /home/jairls/robot_incendios_ws/install/simulacion_ri/share/simulacion_ri/meshes/rueda_trasera_izquierda_link.STL
-- Up-to-date symlink: /home/jairls/robot_incendios_ws/install/simulacion_ri/share/simulacion_ri/urdf/Ensamblaje_URDF_Final.csv
-- Up-to-date symlink: /home/jairls/robot_incendios_ws/install/simulacion_ri/share/simulacion_ri/urdf/Ensamblaje_URDF_Final.urdf
-- Up-to-date symlink: /home/jairls/robot_incendios_ws/install/simulacion_ri/share/ament_index/resource_index/package_run_dependencies/simulacion_ri
-- Up-to-date symlink: /home/jairls/robot_incendios_ws/install/simulacion_ri/share/ament_index/resource_index/parent_prefix_path/simulacion_ri
-- Up-to-date symlink: /home/jairls/robot_incendios_ws/install/simulacion_ri/share/simulacion_ri/environment/ament_prefix_path.sh
-- Up-to-date symlink: /home/jairls/robot_incendios_ws/install/simulacion_ri/share/simulacion_ri/environment/ament_prefix_path.dsv
-- Up-to-date symlink: /home/jairls/robot_incendios_ws/install/simulacion_ri/share/simulacion_ri/environment/path.sh
-- Up-to-date symlink: /home/jairls/robot_incendios_ws/install/simulacion_ri/share/simulacion_ri/environment/path.dsv
-- Up-to-date symlink: /home/jairls/robot_incendios_ws/install/simulacion_ri/share/simulacion_ri/local_setup.bash
-- Up-to-date symlink: /home/jairls/robot_incendios_ws/install/simulacion_ri/share/simulacion_ri/local_setup.sh
-- Up-to-date symlink: /home/jairls/robot_incendios_ws/install/simulacion_ri/share/simulacion_ri/local_setup.zsh
-- Up-to-date symlink: /home/jairls/robot_incendios_ws/install/simulacion_ri/share/simulacion_ri/local_setup.dsv
-- Symlinking: /home/jairls/robot_incendios_ws/install/simulacion_ri/share/simulacion_ri/package.dsv
-- Up-to-date symlink: /home/jairls/robot_incendios_ws/install/simulacion_ri/share/ament_index/resource_index/packages/simulacion_ri
-- Up-to-date symlink: /home/jairls/robot_incendios_ws/install/simulacion_ri/share/simulacion_ri/cmake/simulacion_riConfig.cmake
-- Up-to-date symlink: /home/jairls/robot_incendios_ws/install/simulacion_ri/share/simulacion_ri/cmake/simulacion_riConfig-version.cmake
-- Up-to-date symlink: /home/jairls/robot_incendios_ws/install/simulacion_ri/share/simulacion_ri/package.xml
