running develop
running egg_info
creating diff_drive_sim.egg-info
writing diff_drive_sim.egg-info/PKG-INFO
writing dependency_links to diff_drive_sim.egg-info/dependency_links.txt
writing entry points to diff_drive_sim.egg-info/entry_points.txt
writing requirements to diff_drive_sim.egg-info/requires.txt
writing top-level names to diff_drive_sim.egg-info/top_level.txt
writing manifest file 'diff_drive_sim.egg-info/SOURCES.txt'
reading manifest file 'diff_drive_sim.egg-info/SOURCES.txt'
writing manifest file 'diff_drive_sim.egg-info/SOURCES.txt'
running build_ext
Creating /home/jairls/robot_incendios_ws/install/diff_drive_sim/lib/python3.12/site-packages/diff-drive-sim.egg-link (link to .)
Installing ekf_node script to /home/jairls/robot_incendios_ws/install/diff_drive_sim/lib/diff_drive_sim
Installing obstacle_avoider script to /home/jairls/robot_incendios_ws/install/diff_drive_sim/lib/diff_drive_sim
Installing odometry_publisher script to /home/jairls/robot_incendios_ws/install/diff_drive_sim/lib/diff_drive_sim
Installing robot_driver script to /home/jairls/robot_incendios_ws/install/diff_drive_sim/lib/diff_drive_sim

Installed /home/jairls/robot_incendios_ws/build/diff_drive_sim
running symlink_data
creating /home/jairls/robot_incendios_ws/install/diff_drive_sim/share/ament_index
creating /home/jairls/robot_incendios_ws/install/diff_drive_sim/share/ament_index/resource_index
creating /home/jairls/robot_incendios_ws/install/diff_drive_sim/share/ament_index/resource_index/packages
symbolically linking /home/jairls/robot_incendios_ws/build/diff_drive_sim/resource/diff_drive_sim -> /home/jairls/robot_incendios_ws/install/diff_drive_sim/share/ament_index/resource_index/packages
creating /home/jairls/robot_incendios_ws/install/diff_drive_sim/share/diff_drive_sim/launch
symbolically linking /home/jairls/robot_incendios_ws/build/diff_drive_sim/launch/robot_launch.py -> /home/jairls/robot_incendios_ws/install/diff_drive_sim/share/diff_drive_sim/launch
symbolically linking /home/jairls/robot_incendios_ws/build/diff_drive_sim/launch/robot_dist_sensors_launch.py -> /home/jairls/robot_incendios_ws/install/diff_drive_sim/share/diff_drive_sim/launch
symbolically linking /home/jairls/robot_incendios_ws/build/diff_drive_sim/launch/robot_rviz_launch.py -> /home/jairls/robot_incendios_ws/install/diff_drive_sim/share/diff_drive_sim/launch
symbolically linking /home/jairls/robot_incendios_ws/build/diff_drive_sim/launch/robot_lidar_launch.py -> /home/jairls/robot_incendios_ws/install/diff_drive_sim/share/diff_drive_sim/launch
symbolically linking /home/jairls/robot_incendios_ws/build/diff_drive_sim/launch/robot_odometry_launch.py -> /home/jairls/robot_incendios_ws/install/diff_drive_sim/share/diff_drive_sim/launch
symbolically linking /home/jairls/robot_incendios_ws/build/diff_drive_sim/launch/robot_sensor_fusion_launch.py -> /home/jairls/robot_incendios_ws/install/diff_drive_sim/share/diff_drive_sim/launch
symbolically linking /home/jairls/robot_incendios_ws/build/diff_drive_sim/launch/robot_slam_launch.py -> /home/jairls/robot_incendios_ws/install/diff_drive_sim/share/diff_drive_sim/launch
symbolically linking /home/jairls/robot_incendios_ws/build/diff_drive_sim/launch/robot_navigation_launch.py -> /home/jairls/robot_incendios_ws/install/diff_drive_sim/share/diff_drive_sim/launch
creating /home/jairls/robot_incendios_ws/install/diff_drive_sim/share/diff_drive_sim/worlds
symbolically linking /home/jairls/robot_incendios_ws/build/diff_drive_sim/worlds/diff_drive.wbt -> /home/jairls/robot_incendios_ws/install/diff_drive_sim/share/diff_drive_sim/worlds
symbolically linking /home/jairls/robot_incendios_ws/build/diff_drive_sim/worlds/diff_drive_dist_sensors.wbt -> /home/jairls/robot_incendios_ws/install/diff_drive_sim/share/diff_drive_sim/worlds
symbolically linking /home/jairls/robot_incendios_ws/build/diff_drive_sim/worlds/diff_drive_lidar.wbt -> /home/jairls/robot_incendios_ws/install/diff_drive_sim/share/diff_drive_sim/worlds
symbolically linking /home/jairls/robot_incendios_ws/build/diff_drive_sim/worlds/diff_drive_sensor_fusion.wbt -> /home/jairls/robot_incendios_ws/install/diff_drive_sim/share/diff_drive_sim/worlds
symbolically linking /home/jairls/robot_incendios_ws/build/diff_drive_sim/worlds/diff_drive_navigation.wbt -> /home/jairls/robot_incendios_ws/install/diff_drive_sim/share/diff_drive_sim/worlds
creating /home/jairls/robot_incendios_ws/install/diff_drive_sim/share/diff_drive_sim/resource
symbolically linking /home/jairls/robot_incendios_ws/build/diff_drive_sim/resource/robot.urdf -> /home/jairls/robot_incendios_ws/install/diff_drive_sim/share/diff_drive_sim/resource
symbolically linking /home/jairls/robot_incendios_ws/build/diff_drive_sim/resource/robot_dist_sensors.urdf -> /home/jairls/robot_incendios_ws/install/diff_drive_sim/share/diff_drive_sim/resource
symbolically linking /home/jairls/robot_incendios_ws/build/diff_drive_sim/resource/diff_drive.urdf -> /home/jairls/robot_incendios_ws/install/diff_drive_sim/share/diff_drive_sim/resource
symbolically linking /home/jairls/robot_incendios_ws/build/diff_drive_sim/resource/diff_drive_lidar.urdf -> /home/jairls/robot_incendios_ws/install/diff_drive_sim/share/diff_drive_sim/resource
symbolically linking /home/jairls/robot_incendios_ws/build/diff_drive_sim/resource/diff_drive_imu_lidar.urdf -> /home/jairls/robot_incendios_ws/install/diff_drive_sim/share/diff_drive_sim/resource
symbolically linking /home/jairls/robot_incendios_ws/build/diff_drive_sim/resource/urdf_view.rviz -> /home/jairls/robot_incendios_ws/install/diff_drive_sim/share/diff_drive_sim/resource
symbolically linking /home/jairls/robot_incendios_ws/build/diff_drive_sim/resource/lidar_scan.rviz -> /home/jairls/robot_incendios_ws/install/diff_drive_sim/share/diff_drive_sim/resource
symbolically linking /home/jairls/robot_incendios_ws/build/diff_drive_sim/resource/odometry.rviz -> /home/jairls/robot_incendios_ws/install/diff_drive_sim/share/diff_drive_sim/resource
symbolically linking /home/jairls/robot_incendios_ws/build/diff_drive_sim/resource/slam.rviz -> /home/jairls/robot_incendios_ws/install/diff_drive_sim/share/diff_drive_sim/resource
symbolically linking /home/jairls/robot_incendios_ws/build/diff_drive_sim/resource/navigation.rviz -> /home/jairls/robot_incendios_ws/install/diff_drive_sim/share/diff_drive_sim/resource
symbolically linking /home/jairls/robot_incendios_ws/build/diff_drive_sim/resource/slam_toolbox_params.yaml -> /home/jairls/robot_incendios_ws/install/diff_drive_sim/share/diff_drive_sim/resource
symbolically linking /home/jairls/robot_incendios_ws/build/diff_drive_sim/resource/slam_toolbox_params_nav.yaml -> /home/jairls/robot_incendios_ws/install/diff_drive_sim/share/diff_drive_sim/resource
symbolically linking /home/jairls/robot_incendios_ws/build/diff_drive_sim/package.xml -> /home/jairls/robot_incendios_ws/install/diff_drive_sim/share/diff_drive_sim
