[4.370s] Invoking command in '/home/jairls/robot_incendios_ws/build/diff_drive_sim': PYTHONPATH=/home/jairls/robot_incendios_ws/build/diff_drive_sim/prefix_override:/usr/lib/python3/dist-packages/colcon_core/task/python/colcon_distutils_commands:/home/jairls/robot_incendios_ws/install/diff_drive_sim/lib/python3.12/site-packages:${PYTHONPATH} /usr/bin/python3 -W ignore:setup.py install is deprecated -W ignore:easy_install command is deprecated setup.py develop --editable --build-directory /home/jairls/robot_incendios_ws/build/diff_drive_sim/build --no-deps symlink_data
[5.094s] running develop
[5.463s] running egg_info
[5.464s] creating diff_drive_sim.egg-info
[5.502s] writing diff_drive_sim.egg-info/PKG-INFO
[5.504s] writing dependency_links to diff_drive_sim.egg-info/dependency_links.txt
[5.509s] writing entry points to diff_drive_sim.egg-info/entry_points.txt
[5.509s] writing requirements to diff_drive_sim.egg-info/requires.txt
[5.509s] writing top-level names to diff_drive_sim.egg-info/top_level.txt
[5.509s] writing manifest file 'diff_drive_sim.egg-info/SOURCES.txt'
[5.588s] reading manifest file 'diff_drive_sim.egg-info/SOURCES.txt'
[5.589s] writing manifest file 'diff_drive_sim.egg-info/SOURCES.txt'
[5.625s] running build_ext
[5.626s] Creating /home/jairls/robot_incendios_ws/install/diff_drive_sim/lib/python3.12/site-packages/diff-drive-sim.egg-link (link to .)
[5.627s] Installing ekf_node script to /home/jairls/robot_incendios_ws/install/diff_drive_sim/lib/diff_drive_sim
[5.628s] Installing obstacle_avoider script to /home/jairls/robot_incendios_ws/install/diff_drive_sim/lib/diff_drive_sim
[5.628s] Installing odometry_publisher script to /home/jairls/robot_incendios_ws/install/diff_drive_sim/lib/diff_drive_sim
[5.632s] Installing robot_driver script to /home/jairls/robot_incendios_ws/install/diff_drive_sim/lib/diff_drive_sim
[5.632s] 
[5.632s] Installed /home/jairls/robot_incendios_ws/build/diff_drive_sim
[5.632s] running symlink_data
[5.632s] creating /home/jairls/robot_incendios_ws/install/diff_drive_sim/share/ament_index
[5.633s] creating /home/jairls/robot_incendios_ws/install/diff_drive_sim/share/ament_index/resource_index
[5.633s] creating /home/jairls/robot_incendios_ws/install/diff_drive_sim/share/ament_index/resource_index/packages
[5.634s] symbolically linking /home/jairls/robot_incendios_ws/build/diff_drive_sim/resource/diff_drive_sim -> /home/jairls/robot_incendios_ws/install/diff_drive_sim/share/ament_index/resource_index/packages
[5.634s] creating /home/jairls/robot_incendios_ws/install/diff_drive_sim/share/diff_drive_sim/launch
[5.634s] symbolically linking /home/jairls/robot_incendios_ws/build/diff_drive_sim/launch/robot_launch.py -> /home/jairls/robot_incendios_ws/install/diff_drive_sim/share/diff_drive_sim/launch
[5.634s] symbolically linking /home/jairls/robot_incendios_ws/build/diff_drive_sim/launch/robot_dist_sensors_launch.py -> /home/jairls/robot_incendios_ws/install/diff_drive_sim/share/diff_drive_sim/launch
[5.634s] symbolically linking /home/jairls/robot_incendios_ws/build/diff_drive_sim/launch/robot_rviz_launch.py -> /home/jairls/robot_incendios_ws/install/diff_drive_sim/share/diff_drive_sim/launch
[5.634s] symbolically linking /home/jairls/robot_incendios_ws/build/diff_drive_sim/launch/robot_lidar_launch.py -> /home/jairls/robot_incendios_ws/install/diff_drive_sim/share/diff_drive_sim/launch
[5.635s] symbolically linking /home/jairls/robot_incendios_ws/build/diff_drive_sim/launch/robot_odometry_launch.py -> /home/jairls/robot_incendios_ws/install/diff_drive_sim/share/diff_drive_sim/launch
[5.635s] symbolically linking /home/jairls/robot_incendios_ws/build/diff_drive_sim/launch/robot_sensor_fusion_launch.py -> /home/jairls/robot_incendios_ws/install/diff_drive_sim/share/diff_drive_sim/launch
[5.635s] symbolically linking /home/jairls/robot_incendios_ws/build/diff_drive_sim/launch/robot_slam_launch.py -> /home/jairls/robot_incendios_ws/install/diff_drive_sim/share/diff_drive_sim/launch
[5.637s] symbolically linking /home/jairls/robot_incendios_ws/build/diff_drive_sim/launch/robot_navigation_launch.py -> /home/jairls/robot_incendios_ws/install/diff_drive_sim/share/diff_drive_sim/launch
[5.638s] creating /home/jairls/robot_incendios_ws/install/diff_drive_sim/share/diff_drive_sim/worlds
[5.638s] symbolically linking /home/jairls/robot_incendios_ws/build/diff_drive_sim/worlds/diff_drive.wbt -> /home/jairls/robot_incendios_ws/install/diff_drive_sim/share/diff_drive_sim/worlds
[5.639s] symbolically linking /home/jairls/robot_incendios_ws/build/diff_drive_sim/worlds/diff_drive_dist_sensors.wbt -> /home/jairls/robot_incendios_ws/install/diff_drive_sim/share/diff_drive_sim/worlds
[5.639s] symbolically linking /home/jairls/robot_incendios_ws/build/diff_drive_sim/worlds/diff_drive_lidar.wbt -> /home/jairls/robot_incendios_ws/install/diff_drive_sim/share/diff_drive_sim/worlds
[5.640s] symbolically linking /home/jairls/robot_incendios_ws/build/diff_drive_sim/worlds/diff_drive_sensor_fusion.wbt -> /home/jairls/robot_incendios_ws/install/diff_drive_sim/share/diff_drive_sim/worlds
[5.640s] symbolically linking /home/jairls/robot_incendios_ws/build/diff_drive_sim/worlds/diff_drive_navigation.wbt -> /home/jairls/robot_incendios_ws/install/diff_drive_sim/share/diff_drive_sim/worlds
[5.640s] creating /home/jairls/robot_incendios_ws/install/diff_drive_sim/share/diff_drive_sim/resource
[5.649s] symbolically linking /home/jairls/robot_incendios_ws/build/diff_drive_sim/resource/robot.urdf -> /home/jairls/robot_incendios_ws/install/diff_drive_sim/share/diff_drive_sim/resource
[5.650s] symbolically linking /home/jairls/robot_incendios_ws/build/diff_drive_sim/resource/robot_dist_sensors.urdf -> /home/jairls/robot_incendios_ws/install/diff_drive_sim/share/diff_drive_sim/resource
[5.650s] symbolically linking /home/jairls/robot_incendios_ws/build/diff_drive_sim/resource/diff_drive.urdf -> /home/jairls/robot_incendios_ws/install/diff_drive_sim/share/diff_drive_sim/resource
[5.652s] symbolically linking /home/jairls/robot_incendios_ws/build/diff_drive_sim/resource/diff_drive_lidar.urdf -> /home/jairls/robot_incendios_ws/install/diff_drive_sim/share/diff_drive_sim/resource
[5.652s] symbolically linking /home/jairls/robot_incendios_ws/build/diff_drive_sim/resource/diff_drive_imu_lidar.urdf -> /home/jairls/robot_incendios_ws/install/diff_drive_sim/share/diff_drive_sim/resource
[5.657s] symbolically linking /home/jairls/robot_incendios_ws/build/diff_drive_sim/resource/urdf_view.rviz -> /home/jairls/robot_incendios_ws/install/diff_drive_sim/share/diff_drive_sim/resource
[5.658s] symbolically linking /home/jairls/robot_incendios_ws/build/diff_drive_sim/resource/lidar_scan.rviz -> /home/jairls/robot_incendios_ws/install/diff_drive_sim/share/diff_drive_sim/resource
[5.658s] symbolically linking /home/jairls/robot_incendios_ws/build/diff_drive_sim/resource/odometry.rviz -> /home/jairls/robot_incendios_ws/install/diff_drive_sim/share/diff_drive_sim/resource
[5.659s] symbolically linking /home/jairls/robot_incendios_ws/build/diff_drive_sim/resource/slam.rviz -> /home/jairls/robot_incendios_ws/install/diff_drive_sim/share/diff_drive_sim/resource
[5.660s] symbolically linking /home/jairls/robot_incendios_ws/build/diff_drive_sim/resource/navigation.rviz -> /home/jairls/robot_incendios_ws/install/diff_drive_sim/share/diff_drive_sim/resource
[5.660s] symbolically linking /home/jairls/robot_incendios_ws/build/diff_drive_sim/resource/slam_toolbox_params.yaml -> /home/jairls/robot_incendios_ws/install/diff_drive_sim/share/diff_drive_sim/resource
[5.661s] symbolically linking /home/jairls/robot_incendios_ws/build/diff_drive_sim/resource/slam_toolbox_params_nav.yaml -> /home/jairls/robot_incendios_ws/install/diff_drive_sim/share/diff_drive_sim/resource
[5.666s] symbolically linking /home/jairls/robot_incendios_ws/build/diff_drive_sim/package.xml -> /home/jairls/robot_incendios_ws/install/diff_drive_sim/share/diff_drive_sim
[5.955s] Invoked command in '/home/jairls/robot_incendios_ws/build/diff_drive_sim' returned '0': PYTHONPATH=/home/jairls/robot_incendios_ws/build/diff_drive_sim/prefix_override:/usr/lib/python3/dist-packages/colcon_core/task/python/colcon_distutils_commands:/home/jairls/robot_incendios_ws/install/diff_drive_sim/lib/python3.12/site-packages:${PYTHONPATH} /usr/bin/python3 -W ignore:setup.py install is deprecated -W ignore:easy_install command is deprecated setup.py develop --editable --build-directory /home/jairls/robot_incendios_ws/build/diff_drive_sim/build --no-deps symlink_data
