running develop
running egg_info
creating pubsub_package.egg-info
writing pubsub_package.egg-info/PKG-INFO
writing dependency_links to pubsub_package.egg-info/dependency_links.txt
writing entry points to pubsub_package.egg-info/entry_points.txt
writing requirements to pubsub_package.egg-info/requires.txt
writing top-level names to pubsub_package.egg-info/top_level.txt
writing manifest file 'pubsub_package.egg-info/SOURCES.txt'
reading manifest file 'pubsub_package.egg-info/SOURCES.txt'
writing manifest file 'pubsub_package.egg-info/SOURCES.txt'
running build_ext
Creating /home/jairls/robot_incendios_ws/install/pubsub_package/lib/python3.12/site-packages/pubsub-package.egg-link (link to .)
Installing listener script to /home/jairls/robot_incendios_ws/install/pubsub_package/lib/pubsub_package
Installing listener_ci script to /home/jairls/robot_incendios_ws/install/pubsub_package/lib/pubsub_package
Installing talker script to /home/jairls/robot_incendios_ws/install/pubsub_package/lib/pubsub_package
Installing talker_ci script to /home/jairls/robot_incendios_ws/install/pubsub_package/lib/pubsub_package

Installed /home/jairls/robot_incendios_ws/build/pubsub_package
running symlink_data
creating /home/jairls/robot_incendios_ws/install/pubsub_package/share/ament_index
creating /home/jairls/robot_incendios_ws/install/pubsub_package/share/ament_index/resource_index
creating /home/jairls/robot_incendios_ws/install/pubsub_package/share/ament_index/resource_index/packages
symbolically linking /home/jairls/robot_incendios_ws/build/pubsub_package/resource/pubsub_package -> /home/jairls/robot_incendios_ws/install/pubsub_package/share/ament_index/resource_index/packages
symbolically linking /home/jairls/robot_incendios_ws/build/pubsub_package/package.xml -> /home/jairls/robot_incendios_ws/install/pubsub_package/share/pubsub_package
