[1.361s] Invoking command in '/home/jairls/robot_incendios_ws/build/pubsub_package': AMENT_PREFIX_PATH=/home/jairls/robot_incendios_ws/install/interfaces_tutorial:${AMENT_PREFIX_PATH} CMAKE_PREFIX_PATH=/home/jairls/robot_incendios_ws/install/interfaces_tutorial:${CMAKE_PREFIX_PATH} LD_LIBRARY_PATH=/home/jairls/robot_incendios_ws/install/interfaces_tutorial/lib:${LD_LIBRARY_PATH} PYTHONPATH=/home/jairls/robot_incendios_ws/build/pubsub_package/prefix_override:/usr/lib/python3/dist-packages/colcon_core/task/python/colcon_distutils_commands:/home/jairls/robot_incendios_ws/install/pubsub_package/lib/python3.12/site-packages:/home/jairls/robot_incendios_ws/install/interfaces_tutorial/lib/python3.12/site-packages:${PYTHONPATH} /usr/bin/python3 -W ignore:setup.py install is deprecated -W ignore:easy_install command is deprecated setup.py develop --editable --build-directory /home/jairls/robot_incendios_ws/build/pubsub_package/build --no-deps symlink_data
[1.713s] running develop
[1.867s] running egg_info
[1.867s] creating pubsub_package.egg-info
[1.885s] writing pubsub_package.egg-info/PKG-INFO
[1.885s] writing dependency_links to pubsub_package.egg-info/dependency_links.txt
[1.886s] writing entry points to pubsub_package.egg-info/entry_points.txt
[1.886s] writing requirements to pubsub_package.egg-info/requires.txt
[1.886s] writing top-level names to pubsub_package.egg-info/top_level.txt
[1.886s] writing manifest file 'pubsub_package.egg-info/SOURCES.txt'
[1.916s] reading manifest file 'pubsub_package.egg-info/SOURCES.txt'
[1.917s] writing manifest file 'pubsub_package.egg-info/SOURCES.txt'
[1.933s] running build_ext
[1.933s] Creating /home/jairls/robot_incendios_ws/install/pubsub_package/lib/python3.12/site-packages/pubsub-package.egg-link (link to .)
[1.933s] Installing listener script to /home/jairls/robot_incendios_ws/install/pubsub_package/lib/pubsub_package
[1.934s] Installing listener_ci script to /home/jairls/robot_incendios_ws/install/pubsub_package/lib/pubsub_package
[1.934s] Installing talker script to /home/jairls/robot_incendios_ws/install/pubsub_package/lib/pubsub_package
[1.934s] Installing talker_ci script to /home/jairls/robot_incendios_ws/install/pubsub_package/lib/pubsub_package
[1.934s] 
[1.935s] Installed /home/jairls/robot_incendios_ws/build/pubsub_package
[1.935s] running symlink_data
[1.935s] creating /home/jairls/robot_incendios_ws/install/pubsub_package/share/ament_index
[1.935s] creating /home/jairls/robot_incendios_ws/install/pubsub_package/share/ament_index/resource_index
[1.935s] creating /home/jairls/robot_incendios_ws/install/pubsub_package/share/ament_index/resource_index/packages
[1.936s] symbolically linking /home/jairls/robot_incendios_ws/build/pubsub_package/resource/pubsub_package -> /home/jairls/robot_incendios_ws/install/pubsub_package/share/ament_index/resource_index/packages
[1.936s] symbolically linking /home/jairls/robot_incendios_ws/build/pubsub_package/package.xml -> /home/jairls/robot_incendios_ws/install/pubsub_package/share/pubsub_package
[1.966s] Invoked command in '/home/jairls/robot_incendios_ws/build/pubsub_package' returned '0': AMENT_PREFIX_PATH=/home/jairls/robot_incendios_ws/install/interfaces_tutorial:${AMENT_PREFIX_PATH} CMAKE_PREFIX_PATH=/home/jairls/robot_incendios_ws/install/interfaces_tutorial:${CMAKE_PREFIX_PATH} LD_LIBRARY_PATH=/home/jairls/robot_incendios_ws/install/interfaces_tutorial/lib:${LD_LIBRARY_PATH} PYTHONPATH=/home/jairls/robot_incendios_ws/build/pubsub_package/prefix_override:/usr/lib/python3/dist-packages/colcon_core/task/python/colcon_distutils_commands:/home/jairls/robot_incendios_ws/install/pubsub_package/lib/python3.12/site-packages:/home/jairls/robot_incendios_ws/install/interfaces_tutorial/lib/python3.12/site-packages:${PYTHONPATH} /usr/bin/python3 -W ignore:setup.py install is deprecated -W ignore:easy_install command is deprecated setup.py develop --editable --build-directory /home/jairls/robot_incendios_ws/build/pubsub_package/build --no-deps symlink_data
