running develop
running egg_info
creating diff_drive_sim_gazebo.egg-info
writing diff_drive_sim_gazebo.egg-info/PKG-INFO
writing dependency_links to diff_drive_sim_gazebo.egg-info/dependency_links.txt
writing requirements to diff_drive_sim_gazebo.egg-info/requires.txt
writing top-level names to diff_drive_sim_gazebo.egg-info/top_level.txt
writing manifest file 'diff_drive_sim_gazebo.egg-info/SOURCES.txt'
reading manifest file 'diff_drive_sim_gazebo.egg-info/SOURCES.txt'
writing manifest file 'diff_drive_sim_gazebo.egg-info/SOURCES.txt'
running build_ext
Creating /home/jairls/robot_incendios_ws/install/diff_drive_sim_gazebo/lib/python3.12/site-packages/diff-drive-sim-gazebo.egg-link (link to .)

Installed /home/jairls/robot_incendios_ws/build/diff_drive_sim_gazebo
running symlink_data
creating /home/jairls/robot_incendios_ws/install/diff_drive_sim_gazebo/share/ament_index
creating /home/jairls/robot_incendios_ws/install/diff_drive_sim_gazebo/share/ament_index/resource_index
creating /home/jairls/robot_incendios_ws/install/diff_drive_sim_gazebo/share/ament_index/resource_index/packages
symbolically linking /home/jairls/robot_incendios_ws/build/diff_drive_sim_gazebo/resource/diff_drive_sim_gazebo -> /home/jairls/robot_incendios_ws/install/diff_drive_sim_gazebo/share/ament_index/resource_index/packages
symbolically linking /home/jairls/robot_incendios_ws/build/diff_drive_sim_gazebo/package.xml -> /home/jairls/robot_incendios_ws/install/diff_drive_sim_gazebo/share/diff_drive_sim_gazebo
creating /home/jairls/robot_incendios_ws/install/diff_drive_sim_gazebo/share/diff_drive_sim_gazebo/worlds
symbolically linking /home/jairls/robot_incendios_ws/build/diff_drive_sim_gazebo/worlds/diff_drive.sdf -> /home/jairls/robot_incendios_ws/install/diff_drive_sim_gazebo/share/diff_drive_sim_gazebo/worlds
symbolically linking /home/jairls/robot_incendios_ws/build/diff_drive_sim_gazebo/worlds/diff_drive_empty.sdf -> /home/jairls/robot_incendios_ws/install/diff_drive_sim_gazebo/share/diff_drive_sim_gazebo/worlds
creating /home/jairls/robot_incendios_ws/install/diff_drive_sim_gazebo/share/diff_drive_sim_gazebo/launch
symbolically linking /home/jairls/robot_incendios_ws/build/diff_drive_sim_gazebo/launch/diff_drive_launch.py -> /home/jairls/robot_incendios_ws/install/diff_drive_sim_gazebo/share/diff_drive_sim_gazebo/launch
symbolically linking /home/jairls/robot_incendios_ws/build/diff_drive_sim_gazebo/launch/diff_drive_urdf_launch.py -> /home/jairls/robot_incendios_ws/install/diff_drive_sim_gazebo/share/diff_drive_sim_gazebo/launch
creating /home/jairls/robot_incendios_ws/install/diff_drive_sim_gazebo/share/diff_drive_sim_gazebo/resource
symbolically linking /home/jairls/robot_incendios_ws/build/diff_drive_sim_gazebo/resource/diff_drive.rviz -> /home/jairls/robot_incendios_ws/install/diff_drive_sim_gazebo/share/diff_drive_sim_gazebo/resource
symbolically linking /home/jairls/robot_incendios_ws/build/diff_drive_sim_gazebo/resource/diff_drive_urdf.rviz -> /home/jairls/robot_incendios_ws/install/diff_drive_sim_gazebo/share/diff_drive_sim_gazebo/resource
symbolically linking /home/jairls/robot_incendios_ws/build/diff_drive_sim_gazebo/resource/diff_drive.urdf -> /home/jairls/robot_incendios_ws/install/diff_drive_sim_gazebo/share/diff_drive_sim_gazebo/resource
