running develop
running egg_info
creating rosmasterx3_sim.egg-info
writing rosmasterx3_sim.egg-info/PKG-INFO
writing dependency_links to rosmasterx3_sim.egg-info/dependency_links.txt
writing entry points to rosmasterx3_sim.egg-info/entry_points.txt
writing requirements to rosmasterx3_sim.egg-info/requires.txt
writing top-level names to rosmasterx3_sim.egg-info/top_level.txt
writing manifest file 'rosmasterx3_sim.egg-info/SOURCES.txt'
reading manifest file 'rosmasterx3_sim.egg-info/SOURCES.txt'
writing manifest file 'rosmasterx3_sim.egg-info/SOURCES.txt'
running build_ext
Creating /home/jairls/robot_incendios_ws/install/rosmasterx3_sim/lib/python3.12/site-packages/rosmasterx3-sim.egg-link (link to .)
Installing leader_follower_controller script to /home/jairls/robot_incendios_ws/install/rosmasterx3_sim/lib/rosmasterx3_sim

Installed /home/jairls/robot_incendios_ws/build/rosmasterx3_sim
running symlink_data
creating /home/jairls/robot_incendios_ws/install/rosmasterx3_sim/share/ament_index
creating /home/jairls/robot_incendios_ws/install/rosmasterx3_sim/share/ament_index/resource_index
creating /home/jairls/robot_incendios_ws/install/rosmasterx3_sim/share/ament_index/resource_index/packages
symbolically linking /home/jairls/robot_incendios_ws/build/rosmasterx3_sim/resource/rosmasterx3_sim -> /home/jairls/robot_incendios_ws/install/rosmasterx3_sim/share/ament_index/resource_index/packages
symbolically linking /home/jairls/robot_incendios_ws/build/rosmasterx3_sim/package.xml -> /home/jairls/robot_incendios_ws/install/rosmasterx3_sim/share/rosmasterx3_sim
creating /home/jairls/robot_incendios_ws/install/rosmasterx3_sim/share/rosmasterx3_sim/meshes
symbolically linking /home/jairls/robot_incendios_ws/build/rosmasterx3_sim/meshes/base_link_X3_mod.STL -> /home/jairls/robot_incendios_ws/install/rosmasterx3_sim/share/rosmasterx3_sim/meshes
symbolically linking /home/jairls/robot_incendios_ws/build/rosmasterx3_sim/meshes/laser_link.STL -> /home/jairls/robot_incendios_ws/install/rosmasterx3_sim/share/rosmasterx3_sim/meshes
symbolically linking /home/jairls/robot_incendios_ws/build/rosmasterx3_sim/meshes/camera_link.STL -> /home/jairls/robot_incendios_ws/install/rosmasterx3_sim/share/rosmasterx3_sim/meshes
symbolically linking /home/jairls/robot_incendios_ws/build/rosmasterx3_sim/meshes/front_right_wheel_X3.STL -> /home/jairls/robot_incendios_ws/install/rosmasterx3_sim/share/rosmasterx3_sim/meshes
symbolically linking /home/jairls/robot_incendios_ws/build/rosmasterx3_sim/meshes/front_left_wheel_X3.STL -> /home/jairls/robot_incendios_ws/install/rosmasterx3_sim/share/rosmasterx3_sim/meshes
symbolically linking /home/jairls/robot_incendios_ws/build/rosmasterx3_sim/meshes/back_right_wheel_X3.STL -> /home/jairls/robot_incendios_ws/install/rosmasterx3_sim/share/rosmasterx3_sim/meshes
symbolically linking /home/jairls/robot_incendios_ws/build/rosmasterx3_sim/meshes/back_left_wheel_X3.STL -> /home/jairls/robot_incendios_ws/install/rosmasterx3_sim/share/rosmasterx3_sim/meshes
creating /home/jairls/robot_incendios_ws/install/rosmasterx3_sim/share/rosmasterx3_sim/worlds
symbolically linking /home/jairls/robot_incendios_ws/build/rosmasterx3_sim/worlds/rosmasterx3.wbt -> /home/jairls/robot_incendios_ws/install/rosmasterx3_sim/share/rosmasterx3_sim/worlds
symbolically linking /home/jairls/robot_incendios_ws/build/rosmasterx3_sim/worlds/multi_robot.wbt -> /home/jairls/robot_incendios_ws/install/rosmasterx3_sim/share/rosmasterx3_sim/worlds
creating /home/jairls/robot_incendios_ws/install/rosmasterx3_sim/share/rosmasterx3_sim/launch
symbolically linking /home/jairls/robot_incendios_ws/build/rosmasterx3_sim/launch/rosmaster_launch.py -> /home/jairls/robot_incendios_ws/install/rosmasterx3_sim/share/rosmasterx3_sim/launch
symbolically linking /home/jairls/robot_incendios_ws/build/rosmasterx3_sim/launch/multi_robot_launch.py -> /home/jairls/robot_incendios_ws/install/rosmasterx3_sim/share/rosmasterx3_sim/launch
symbolically linking /home/jairls/robot_incendios_ws/build/rosmasterx3_sim/launch/mrs_launch.py -> /home/jairls/robot_incendios_ws/install/rosmasterx3_sim/share/rosmasterx3_sim/launch
creating /home/jairls/robot_incendios_ws/install/rosmasterx3_sim/share/rosmasterx3_sim/resource
symbolically linking /home/jairls/robot_incendios_ws/build/rosmasterx3_sim/resource/rosmasterx3.urdf -> /home/jairls/robot_incendios_ws/install/rosmasterx3_sim/share/rosmasterx3_sim/resource
symbolically linking /home/jairls/robot_incendios_ws/build/rosmasterx3_sim/resource/slam_toolbox_params.yaml -> /home/jairls/robot_incendios_ws/install/rosmasterx3_sim/share/rosmasterx3_sim/resource
symbolically linking /home/jairls/robot_incendios_ws/build/rosmasterx3_sim/resource/rviz_config.rviz -> /home/jairls/robot_incendios_ws/install/rosmasterx3_sim/share/rosmasterx3_sim/resource
symbolically linking /home/jairls/robot_incendios_ws/build/rosmasterx3_sim/resource/rosmasterx3_multi_robot.urdf -> /home/jairls/robot_incendios_ws/install/rosmasterx3_sim/share/rosmasterx3_sim/resource
symbolically linking /home/jairls/robot_incendios_ws/build/rosmasterx3_sim/resource/rviz_mrs_config.rviz -> /home/jairls/robot_incendios_ws/install/rosmasterx3_sim/share/rosmasterx3_sim/resource
