[0.192s] DEBUG:colcon:Command line arguments: ['/usr/bin/colcon', 'build', '--packages-select', 'simulacion_ri']
[0.192s] DEBUG:colcon:Parsed command line arguments: Namespace(log_base=None, log_level=None, verb_name='build', build_base='build', install_base='install', merge_install=False, symlink_install=False, test_result_base=None, continue_on_error=False, executor='parallel', parallel_workers=12, event_handlers=None, ignore_user_meta=False, metas=['./colcon.meta'], base_paths=['.'], packages_ignore=None, packages_ignore_regex=None, paths=None, packages_up_to=None, packages_up_to_regex=None, packages_above=None, packages_above_and_dependencies=None, packages_above_depth=None, packages_select_by_dep=None, packages_skip_by_dep=None, packages_skip_up_to=None, packages_select_build_failed=False, packages_skip_build_finished=False, packages_select_test_failures=False, packages_skip_test_passed=False, packages_select=['simulacion_ri'], packages_skip=None, packages_select_regex=None, packages_skip_regex=None, packages_start=None, packages_end=None, allow_overriding=[], cmake_args=None, cmake_target=None, cmake_target_skip_unavailable=False, cmake_clean_cache=False, cmake_clean_first=False, cmake_force_configure=False, ament_cmake_args=None, catkin_cmake_args=None, catkin_skip_building_tests=False, mixin_files=None, mixin=None, verb_parser=<colcon_mixin.mixin.mixin_argument.MixinArgumentDecorator object at 0x777ae1abe6c0>, verb_extension=<colcon_core.verb.build.BuildVerb object at 0x777ae1abe4b0>, main=<bound method BuildVerb.main of <colcon_core.verb.build.BuildVerb object at 0x777ae1abe4b0>>, mixin_verb=('build',))
[0.227s] Level 1:colcon.colcon_core.package_discovery:discover_packages(colcon_meta) check parameters
[0.227s] Level 1:colcon.colcon_core.package_discovery:discover_packages(recursive) check parameters
[0.227s] Level 1:colcon.colcon_core.package_discovery:discover_packages(ignore) check parameters
[0.227s] Level 1:colcon.colcon_core.package_discovery:discover_packages(path) check parameters
[0.227s] Level 1:colcon.colcon_core.package_discovery:discover_packages(colcon_meta) discover
[0.227s] Level 1:colcon.colcon_core.package_discovery:discover_packages(recursive) discover
[0.227s] INFO:colcon.colcon_core.package_discovery:Crawling recursively for packages in '/home/jairls/robot_incendios_ws'
[0.227s] Level 1:colcon.colcon_core.package_identification:_identify(.) by extensions ['ignore', 'ignore_ament_install']
[0.227s] Level 1:colcon.colcon_core.package_identification:_identify(.) by extension 'ignore'
[0.227s] Level 1:colcon.colcon_core.package_identification:_identify(.) by extension 'ignore_ament_install'
[0.227s] Level 1:colcon.colcon_core.package_identification:_identify(.) by extensions ['colcon_pkg']
[0.227s] Level 1:colcon.colcon_core.package_identification:_identify(.) by extension 'colcon_pkg'
[0.227s] Level 1:colcon.colcon_core.package_identification:_identify(.) by extensions ['colcon_meta']
[0.228s] Level 1:colcon.colcon_core.package_identification:_identify(.) by extension 'colcon_meta'
[0.228s] Level 1:colcon.colcon_core.package_identification:_identify(.) by extensions ['ros']
[0.228s] Level 1:colcon.colcon_core.package_identification:_identify(.) by extension 'ros'
[0.252s] Level 1:colcon.colcon_core.package_identification:_identify(.) by extensions ['cmake', 'python']
[0.252s] Level 1:colcon.colcon_core.package_identification:_identify(.) by extension 'cmake'
[0.252s] Level 1:colcon.colcon_core.package_identification:_identify(.) by extension 'python'
[0.252s] Level 1:colcon.colcon_core.package_identification:_identify(.) by extensions ['python_setup_py']
[0.252s] Level 1:colcon.colcon_core.package_identification:_identify(.) by extension 'python_setup_py'
[0.252s] Level 1:colcon.colcon_core.package_identification:_identify(build) by extensions ['ignore', 'ignore_ament_install']
[0.252s] Level 1:colcon.colcon_core.package_identification:_identify(build) by extension 'ignore'
[0.252s] Level 1:colcon.colcon_core.package_identification:_identify(build) ignored
[0.253s] Level 1:colcon.colcon_core.package_identification:_identify(install) by extensions ['ignore', 'ignore_ament_install']
[0.253s] Level 1:colcon.colcon_core.package_identification:_identify(install) by extension 'ignore'
[0.253s] Level 1:colcon.colcon_core.package_identification:_identify(install) ignored
[0.253s] Level 1:colcon.colcon_core.package_identification:_identify(log) by extensions ['ignore', 'ignore_ament_install']
[0.253s] Level 1:colcon.colcon_core.package_identification:_identify(log) by extension 'ignore'
[0.253s] Level 1:colcon.colcon_core.package_identification:_identify(log) ignored
[0.253s] Level 1:colcon.colcon_core.package_identification:_identify(scr) by extensions ['ignore', 'ignore_ament_install']
[0.253s] Level 1:colcon.colcon_core.package_identification:_identify(scr) by extension 'ignore'
[0.253s] Level 1:colcon.colcon_core.package_identification:_identify(scr) by extension 'ignore_ament_install'
[0.253s] Level 1:colcon.colcon_core.package_identification:_identify(scr) by extensions ['colcon_pkg']
[0.253s] Level 1:colcon.colcon_core.package_identification:_identify(scr) by extension 'colcon_pkg'
[0.253s] Level 1:colcon.colcon_core.package_identification:_identify(scr) by extensions ['colcon_meta']
[0.253s] Level 1:colcon.colcon_core.package_identification:_identify(scr) by extension 'colcon_meta'
[0.253s] Level 1:colcon.colcon_core.package_identification:_identify(scr) by extensions ['ros']
[0.253s] Level 1:colcon.colcon_core.package_identification:_identify(scr) by extension 'ros'
[0.253s] Level 1:colcon.colcon_core.package_identification:_identify(scr) by extensions ['cmake', 'python']
[0.253s] Level 1:colcon.colcon_core.package_identification:_identify(scr) by extension 'cmake'
[0.253s] Level 1:colcon.colcon_core.package_identification:_identify(scr) by extension 'python'
[0.253s] Level 1:colcon.colcon_core.package_identification:_identify(scr) by extensions ['python_setup_py']
[0.253s] Level 1:colcon.colcon_core.package_identification:_identify(scr) by extension 'python_setup_py'
[0.253s] Level 1:colcon.colcon_core.package_identification:_identify(scr/robot_incendios) by extensions ['ignore', 'ignore_ament_install']
[0.253s] Level 1:colcon.colcon_core.package_identification:_identify(scr/robot_incendios) by extension 'ignore'
[0.253s] Level 1:colcon.colcon_core.package_identification:_identify(scr/robot_incendios) by extension 'ignore_ament_install'
[0.254s] Level 1:colcon.colcon_core.package_identification:_identify(scr/robot_incendios) by extensions ['colcon_pkg']
[0.254s] Level 1:colcon.colcon_core.package_identification:_identify(scr/robot_incendios) by extension 'colcon_pkg'
[0.254s] Level 1:colcon.colcon_core.package_identification:_identify(scr/robot_incendios) by extensions ['colcon_meta']
[0.254s] Level 1:colcon.colcon_core.package_identification:_identify(scr/robot_incendios) by extension 'colcon_meta'
[0.254s] Level 1:colcon.colcon_core.package_identification:_identify(scr/robot_incendios) by extensions ['ros']
[0.254s] Level 1:colcon.colcon_core.package_identification:_identify(scr/robot_incendios) by extension 'ros'
[0.256s] DEBUG:colcon.colcon_core.package_identification:Package 'scr/robot_incendios' with type 'ros.ament_python' and name 'robot_incendios'
[0.256s] Level 1:colcon.colcon_core.package_identification:_identify(scr/ros2-tutorials-ws) by extensions ['ignore', 'ignore_ament_install']
[0.256s] Level 1:colcon.colcon_core.package_identification:_identify(scr/ros2-tutorials-ws) by extension 'ignore'
[0.256s] Level 1:colcon.colcon_core.package_identification:_identify(scr/ros2-tutorials-ws) by extension 'ignore_ament_install'
[0.256s] Level 1:colcon.colcon_core.package_identification:_identify(scr/ros2-tutorials-ws) by extensions ['colcon_pkg']
[0.256s] Level 1:colcon.colcon_core.package_identification:_identify(scr/ros2-tutorials-ws) by extension 'colcon_pkg'
[0.256s] Level 1:colcon.colcon_core.package_identification:_identify(scr/ros2-tutorials-ws) by extensions ['colcon_meta']
[0.256s] Level 1:colcon.colcon_core.package_identification:_identify(scr/ros2-tutorials-ws) by extension 'colcon_meta'
[0.256s] Level 1:colcon.colcon_core.package_identification:_identify(scr/ros2-tutorials-ws) by extensions ['ros']
[0.256s] Level 1:colcon.colcon_core.package_identification:_identify(scr/ros2-tutorials-ws) by extension 'ros'
[0.256s] Level 1:colcon.colcon_core.package_identification:_identify(scr/ros2-tutorials-ws) by extensions ['cmake', 'python']
[0.256s] Level 1:colcon.colcon_core.package_identification:_identify(scr/ros2-tutorials-ws) by extension 'cmake'
[0.256s] Level 1:colcon.colcon_core.package_identification:_identify(scr/ros2-tutorials-ws) by extension 'python'
[0.256s] Level 1:colcon.colcon_core.package_identification:_identify(scr/ros2-tutorials-ws) by extensions ['python_setup_py']
[0.256s] Level 1:colcon.colcon_core.package_identification:_identify(scr/ros2-tutorials-ws) by extension 'python_setup_py'
[0.256s] Level 1:colcon.colcon_core.package_identification:_identify(scr/ros2-tutorials-ws/src) by extensions ['ignore', 'ignore_ament_install']
[0.256s] Level 1:colcon.colcon_core.package_identification:_identify(scr/ros2-tutorials-ws/src) by extension 'ignore'
[0.256s] Level 1:colcon.colcon_core.package_identification:_identify(scr/ros2-tutorials-ws/src) by extension 'ignore_ament_install'
[0.256s] Level 1:colcon.colcon_core.package_identification:_identify(scr/ros2-tutorials-ws/src) by extensions ['colcon_pkg']
[0.256s] Level 1:colcon.colcon_core.package_identification:_identify(scr/ros2-tutorials-ws/src) by extension 'colcon_pkg'
[0.256s] Level 1:colcon.colcon_core.package_identification:_identify(scr/ros2-tutorials-ws/src) by extensions ['colcon_meta']
[0.256s] Level 1:colcon.colcon_core.package_identification:_identify(scr/ros2-tutorials-ws/src) by extension 'colcon_meta'
[0.256s] Level 1:colcon.colcon_core.package_identification:_identify(scr/ros2-tutorials-ws/src) by extensions ['ros']
[0.256s] Level 1:colcon.colcon_core.package_identification:_identify(scr/ros2-tutorials-ws/src) by extension 'ros'
[0.256s] Level 1:colcon.colcon_core.package_identification:_identify(scr/ros2-tutorials-ws/src) by extensions ['cmake', 'python']
[0.256s] Level 1:colcon.colcon_core.package_identification:_identify(scr/ros2-tutorials-ws/src) by extension 'cmake'
[0.256s] Level 1:colcon.colcon_core.package_identification:_identify(scr/ros2-tutorials-ws/src) by extension 'python'
[0.256s] Level 1:colcon.colcon_core.package_identification:_identify(scr/ros2-tutorials-ws/src) by extensions ['python_setup_py']
[0.257s] Level 1:colcon.colcon_core.package_identification:_identify(scr/ros2-tutorials-ws/src) by extension 'python_setup_py'
[0.257s] Level 1:colcon.colcon_core.package_identification:_identify(scr/ros2-tutorials-ws/src/action_package) by extensions ['ignore', 'ignore_ament_install']
[0.257s] Level 1:colcon.colcon_core.package_identification:_identify(scr/ros2-tutorials-ws/src/action_package) by extension 'ignore'
[0.257s] Level 1:colcon.colcon_core.package_identification:_identify(scr/ros2-tutorials-ws/src/action_package) by extension 'ignore_ament_install'
[0.257s] Level 1:colcon.colcon_core.package_identification:_identify(scr/ros2-tutorials-ws/src/action_package) by extensions ['colcon_pkg']
[0.257s] Level 1:colcon.colcon_core.package_identification:_identify(scr/ros2-tutorials-ws/src/action_package) by extension 'colcon_pkg'
[0.257s] Level 1:colcon.colcon_core.package_identification:_identify(scr/ros2-tutorials-ws/src/action_package) by extensions ['colcon_meta']
[0.257s] Level 1:colcon.colcon_core.package_identification:_identify(scr/ros2-tutorials-ws/src/action_package) by extension 'colcon_meta'
[0.257s] Level 1:colcon.colcon_core.package_identification:_identify(scr/ros2-tutorials-ws/src/action_package) by extensions ['ros']
[0.257s] Level 1:colcon.colcon_core.package_identification:_identify(scr/ros2-tutorials-ws/src/action_package) by extension 'ros'
[0.257s] DEBUG:colcon.colcon_core.package_identification:Package 'scr/ros2-tutorials-ws/src/action_package' with type 'ros.ament_python' and name 'action_package'
[0.257s] Level 1:colcon.colcon_core.package_identification:_identify(scr/ros2-tutorials-ws/src/diff_drive_sim) by extensions ['ignore', 'ignore_ament_install']
[0.257s] Level 1:colcon.colcon_core.package_identification:_identify(scr/ros2-tutorials-ws/src/diff_drive_sim) by extension 'ignore'
[0.257s] Level 1:colcon.colcon_core.package_identification:_identify(scr/ros2-tutorials-ws/src/diff_drive_sim) by extension 'ignore_ament_install'
[0.257s] Level 1:colcon.colcon_core.package_identification:_identify(scr/ros2-tutorials-ws/src/diff_drive_sim) by extensions ['colcon_pkg']
[0.257s] Level 1:colcon.colcon_core.package_identification:_identify(scr/ros2-tutorials-ws/src/diff_drive_sim) by extension 'colcon_pkg'
[0.257s] Level 1:colcon.colcon_core.package_identification:_identify(scr/ros2-tutorials-ws/src/diff_drive_sim) by extensions ['colcon_meta']
[0.257s] Level 1:colcon.colcon_core.package_identification:_identify(scr/ros2-tutorials-ws/src/diff_drive_sim) by extension 'colcon_meta'
[0.257s] Level 1:colcon.colcon_core.package_identification:_identify(scr/ros2-tutorials-ws/src/diff_drive_sim) by extensions ['ros']
[0.257s] Level 1:colcon.colcon_core.package_identification:_identify(scr/ros2-tutorials-ws/src/diff_drive_sim) by extension 'ros'
[0.258s] DEBUG:colcon.colcon_core.package_identification:Package 'scr/ros2-tutorials-ws/src/diff_drive_sim' with type 'ros.ament_python' and name 'diff_drive_sim'
[0.258s] Level 1:colcon.colcon_core.package_identification:_identify(scr/ros2-tutorials-ws/src/diff_drive_sim_gazebo) by extensions ['ignore', 'ignore_ament_install']
[0.258s] Level 1:colcon.colcon_core.package_identification:_identify(scr/ros2-tutorials-ws/src/diff_drive_sim_gazebo) by extension 'ignore'
[0.258s] Level 1:colcon.colcon_core.package_identification:_identify(scr/ros2-tutorials-ws/src/diff_drive_sim_gazebo) by extension 'ignore_ament_install'
[0.258s] Level 1:colcon.colcon_core.package_identification:_identify(scr/ros2-tutorials-ws/src/diff_drive_sim_gazebo) by extensions ['colcon_pkg']
[0.258s] Level 1:colcon.colcon_core.package_identification:_identify(scr/ros2-tutorials-ws/src/diff_drive_sim_gazebo) by extension 'colcon_pkg'
[0.258s] Level 1:colcon.colcon_core.package_identification:_identify(scr/ros2-tutorials-ws/src/diff_drive_sim_gazebo) by extensions ['colcon_meta']
[0.258s] Level 1:colcon.colcon_core.package_identification:_identify(scr/ros2-tutorials-ws/src/diff_drive_sim_gazebo) by extension 'colcon_meta'
[0.258s] Level 1:colcon.colcon_core.package_identification:_identify(scr/ros2-tutorials-ws/src/diff_drive_sim_gazebo) by extensions ['ros']
[0.258s] Level 1:colcon.colcon_core.package_identification:_identify(scr/ros2-tutorials-ws/src/diff_drive_sim_gazebo) by extension 'ros'
[0.258s] DEBUG:colcon.colcon_core.package_identification:Package 'scr/ros2-tutorials-ws/src/diff_drive_sim_gazebo' with type 'ros.ament_python' and name 'diff_drive_sim_gazebo'
[0.258s] Level 1:colcon.colcon_core.package_identification:_identify(scr/ros2-tutorials-ws/src/interfaces_tutorial) by extensions ['ignore', 'ignore_ament_install']
[0.259s] Level 1:colcon.colcon_core.package_identification:_identify(scr/ros2-tutorials-ws/src/interfaces_tutorial) by extension 'ignore'
[0.259s] Level 1:colcon.colcon_core.package_identification:_identify(scr/ros2-tutorials-ws/src/interfaces_tutorial) by extension 'ignore_ament_install'
[0.259s] Level 1:colcon.colcon_core.package_identification:_identify(scr/ros2-tutorials-ws/src/interfaces_tutorial) by extensions ['colcon_pkg']
[0.259s] Level 1:colcon.colcon_core.package_identification:_identify(scr/ros2-tutorials-ws/src/interfaces_tutorial) by extension 'colcon_pkg'
[0.259s] Level 1:colcon.colcon_core.package_identification:_identify(scr/ros2-tutorials-ws/src/interfaces_tutorial) by extensions ['colcon_meta']
[0.259s] Level 1:colcon.colcon_core.package_identification:_identify(scr/ros2-tutorials-ws/src/interfaces_tutorial) by extension 'colcon_meta'
[0.259s] Level 1:colcon.colcon_core.package_identification:_identify(scr/ros2-tutorials-ws/src/interfaces_tutorial) by extensions ['ros']
[0.259s] Level 1:colcon.colcon_core.package_identification:_identify(scr/ros2-tutorials-ws/src/interfaces_tutorial) by extension 'ros'
[0.259s] DEBUG:colcon.colcon_core.package_identification:Package 'scr/ros2-tutorials-ws/src/interfaces_tutorial' with type 'ros.ament_cmake' and name 'interfaces_tutorial'
[0.259s] Level 1:colcon.colcon_core.package_identification:_identify(scr/ros2-tutorials-ws/src/lifecycle_nodes) by extensions ['ignore', 'ignore_ament_install']
[0.259s] Level 1:colcon.colcon_core.package_identification:_identify(scr/ros2-tutorials-ws/src/lifecycle_nodes) by extension 'ignore'
[0.259s] Level 1:colcon.colcon_core.package_identification:_identify(scr/ros2-tutorials-ws/src/lifecycle_nodes) by extension 'ignore_ament_install'
[0.259s] Level 1:colcon.colcon_core.package_identification:_identify(scr/ros2-tutorials-ws/src/lifecycle_nodes) by extensions ['colcon_pkg']
[0.259s] Level 1:colcon.colcon_core.package_identification:_identify(scr/ros2-tutorials-ws/src/lifecycle_nodes) by extension 'colcon_pkg'
[0.259s] Level 1:colcon.colcon_core.package_identification:_identify(scr/ros2-tutorials-ws/src/lifecycle_nodes) by extensions ['colcon_meta']
[0.259s] Level 1:colcon.colcon_core.package_identification:_identify(scr/ros2-tutorials-ws/src/lifecycle_nodes) by extension 'colcon_meta'
[0.259s] Level 1:colcon.colcon_core.package_identification:_identify(scr/ros2-tutorials-ws/src/lifecycle_nodes) by extensions ['ros']
[0.259s] Level 1:colcon.colcon_core.package_identification:_identify(scr/ros2-tutorials-ws/src/lifecycle_nodes) by extension 'ros'
[0.260s] DEBUG:colcon.colcon_core.package_identification:Package 'scr/ros2-tutorials-ws/src/lifecycle_nodes' with type 'ros.ament_python' and name 'lifecycle_nodes'
[0.260s] Level 1:colcon.colcon_core.package_identification:_identify(scr/ros2-tutorials-ws/src/mecanum_robot_sim) by extensions ['ignore', 'ignore_ament_install']
[0.260s] Level 1:colcon.colcon_core.package_identification:_identify(scr/ros2-tutorials-ws/src/mecanum_robot_sim) by extension 'ignore'
[0.260s] Level 1:colcon.colcon_core.package_identification:_identify(scr/ros2-tutorials-ws/src/mecanum_robot_sim) by extension 'ignore_ament_install'
[0.260s] Level 1:colcon.colcon_core.package_identification:_identify(scr/ros2-tutorials-ws/src/mecanum_robot_sim) by extensions ['colcon_pkg']
[0.260s] Level 1:colcon.colcon_core.package_identification:_identify(scr/ros2-tutorials-ws/src/mecanum_robot_sim) by extension 'colcon_pkg'
[0.260s] Level 1:colcon.colcon_core.package_identification:_identify(scr/ros2-tutorials-ws/src/mecanum_robot_sim) by extensions ['colcon_meta']
[0.260s] Level 1:colcon.colcon_core.package_identification:_identify(scr/ros2-tutorials-ws/src/mecanum_robot_sim) by extension 'colcon_meta'
[0.260s] Level 1:colcon.colcon_core.package_identification:_identify(scr/ros2-tutorials-ws/src/mecanum_robot_sim) by extensions ['ros']
[0.260s] Level 1:colcon.colcon_core.package_identification:_identify(scr/ros2-tutorials-ws/src/mecanum_robot_sim) by extension 'ros'
[0.260s] DEBUG:colcon.colcon_core.package_identification:Package 'scr/ros2-tutorials-ws/src/mecanum_robot_sim' with type 'ros.ament_python' and name 'mecanum_robot_sim'
[0.260s] Level 1:colcon.colcon_core.package_identification:_identify(scr/ros2-tutorials-ws/src/my_first_package) by extensions ['ignore', 'ignore_ament_install']
[0.261s] Level 1:colcon.colcon_core.package_identification:_identify(scr/ros2-tutorials-ws/src/my_first_package) by extension 'ignore'
[0.261s] Level 1:colcon.colcon_core.package_identification:_identify(scr/ros2-tutorials-ws/src/my_first_package) by extension 'ignore_ament_install'
[0.261s] Level 1:colcon.colcon_core.package_identification:_identify(scr/ros2-tutorials-ws/src/my_first_package) by extensions ['colcon_pkg']
[0.261s] Level 1:colcon.colcon_core.package_identification:_identify(scr/ros2-tutorials-ws/src/my_first_package) by extension 'colcon_pkg'
[0.261s] Level 1:colcon.colcon_core.package_identification:_identify(scr/ros2-tutorials-ws/src/my_first_package) by extensions ['colcon_meta']
[0.261s] Level 1:colcon.colcon_core.package_identification:_identify(scr/ros2-tutorials-ws/src/my_first_package) by extension 'colcon_meta'
[0.261s] Level 1:colcon.colcon_core.package_identification:_identify(scr/ros2-tutorials-ws/src/my_first_package) by extensions ['ros']
[0.261s] Level 1:colcon.colcon_core.package_identification:_identify(scr/ros2-tutorials-ws/src/my_first_package) by extension 'ros'
[0.261s] DEBUG:colcon.colcon_core.package_identification:Package 'scr/ros2-tutorials-ws/src/my_first_package' with type 'ros.ament_python' and name 'my_first_package'
[0.261s] Level 1:colcon.colcon_core.package_identification:_identify(scr/ros2-tutorials-ws/src/my_second_package) by extensions ['ignore', 'ignore_ament_install']
[0.261s] Level 1:colcon.colcon_core.package_identification:_identify(scr/ros2-tutorials-ws/src/my_second_package) by extension 'ignore'
[0.261s] Level 1:colcon.colcon_core.package_identification:_identify(scr/ros2-tutorials-ws/src/my_second_package) by extension 'ignore_ament_install'
[0.261s] Level 1:colcon.colcon_core.package_identification:_identify(scr/ros2-tutorials-ws/src/my_second_package) by extensions ['colcon_pkg']
[0.261s] Level 1:colcon.colcon_core.package_identification:_identify(scr/ros2-tutorials-ws/src/my_second_package) by extension 'colcon_pkg'
[0.261s] Level 1:colcon.colcon_core.package_identification:_identify(scr/ros2-tutorials-ws/src/my_second_package) by extensions ['colcon_meta']
[0.261s] Level 1:colcon.colcon_core.package_identification:_identify(scr/ros2-tutorials-ws/src/my_second_package) by extension 'colcon_meta'
[0.261s] Level 1:colcon.colcon_core.package_identification:_identify(scr/ros2-tutorials-ws/src/my_second_package) by extensions ['ros']
[0.261s] Level 1:colcon.colcon_core.package_identification:_identify(scr/ros2-tutorials-ws/src/my_second_package) by extension 'ros'
[0.261s] DEBUG:colcon.colcon_core.package_identification:Package 'scr/ros2-tutorials-ws/src/my_second_package' with type 'ros.ament_python' and name 'my_second_package'
[0.262s] Level 1:colcon.colcon_core.package_identification:_identify(scr/ros2-tutorials-ws/src/parameters_tutorial) by extensions ['ignore', 'ignore_ament_install']
[0.262s] Level 1:colcon.colcon_core.package_identification:_identify(scr/ros2-tutorials-ws/src/parameters_tutorial) by extension 'ignore'
[0.262s] Level 1:colcon.colcon_core.package_identification:_identify(scr/ros2-tutorials-ws/src/parameters_tutorial) by extension 'ignore_ament_install'
[0.262s] Level 1:colcon.colcon_core.package_identification:_identify(scr/ros2-tutorials-ws/src/parameters_tutorial) by extensions ['colcon_pkg']
[0.262s] Level 1:colcon.colcon_core.package_identification:_identify(scr/ros2-tutorials-ws/src/parameters_tutorial) by extension 'colcon_pkg'
[0.262s] Level 1:colcon.colcon_core.package_identification:_identify(scr/ros2-tutorials-ws/src/parameters_tutorial) by extensions ['colcon_meta']
[0.262s] Level 1:colcon.colcon_core.package_identification:_identify(scr/ros2-tutorials-ws/src/parameters_tutorial) by extension 'colcon_meta'
[0.262s] Level 1:colcon.colcon_core.package_identification:_identify(scr/ros2-tutorials-ws/src/parameters_tutorial) by extensions ['ros']
[0.262s] Level 1:colcon.colcon_core.package_identification:_identify(scr/ros2-tutorials-ws/src/parameters_tutorial) by extension 'ros'
[0.262s] DEBUG:colcon.colcon_core.package_identification:Package 'scr/ros2-tutorials-ws/src/parameters_tutorial' with type 'ros.ament_python' and name 'parameters_tutorial'
[0.262s] Level 1:colcon.colcon_core.package_identification:_identify(scr/ros2-tutorials-ws/src/pubsub_package) by extensions ['ignore', 'ignore_ament_install']
[0.262s] Level 1:colcon.colcon_core.package_identification:_identify(scr/ros2-tutorials-ws/src/pubsub_package) by extension 'ignore'
[0.262s] Level 1:colcon.colcon_core.package_identification:_identify(scr/ros2-tutorials-ws/src/pubsub_package) by extension 'ignore_ament_install'
[0.262s] Level 1:colcon.colcon_core.package_identification:_identify(scr/ros2-tutorials-ws/src/pubsub_package) by extensions ['colcon_pkg']
[0.262s] Level 1:colcon.colcon_core.package_identification:_identify(scr/ros2-tutorials-ws/src/pubsub_package) by extension 'colcon_pkg'
[0.262s] Level 1:colcon.colcon_core.package_identification:_identify(scr/ros2-tutorials-ws/src/pubsub_package) by extensions ['colcon_meta']
[0.262s] Level 1:colcon.colcon_core.package_identification:_identify(scr/ros2-tutorials-ws/src/pubsub_package) by extension 'colcon_meta'
[0.262s] Level 1:colcon.colcon_core.package_identification:_identify(scr/ros2-tutorials-ws/src/pubsub_package) by extensions ['ros']
[0.262s] Level 1:colcon.colcon_core.package_identification:_identify(scr/ros2-tutorials-ws/src/pubsub_package) by extension 'ros'
[0.263s] DEBUG:colcon.colcon_core.package_identification:Package 'scr/ros2-tutorials-ws/src/pubsub_package' with type 'ros.ament_python' and name 'pubsub_package'
[0.263s] Level 1:colcon.colcon_core.package_identification:_identify(scr/ros2-tutorials-ws/src/rosmasterx3_sim) by extensions ['ignore', 'ignore_ament_install']
[0.263s] Level 1:colcon.colcon_core.package_identification:_identify(scr/ros2-tutorials-ws/src/rosmasterx3_sim) by extension 'ignore'
[0.263s] Level 1:colcon.colcon_core.package_identification:_identify(scr/ros2-tutorials-ws/src/rosmasterx3_sim) by extension 'ignore_ament_install'
[0.263s] Level 1:colcon.colcon_core.package_identification:_identify(scr/ros2-tutorials-ws/src/rosmasterx3_sim) by extensions ['colcon_pkg']
[0.263s] Level 1:colcon.colcon_core.package_identification:_identify(scr/ros2-tutorials-ws/src/rosmasterx3_sim) by extension 'colcon_pkg'
[0.263s] Level 1:colcon.colcon_core.package_identification:_identify(scr/ros2-tutorials-ws/src/rosmasterx3_sim) by extensions ['colcon_meta']
[0.263s] Level 1:colcon.colcon_core.package_identification:_identify(scr/ros2-tutorials-ws/src/rosmasterx3_sim) by extension 'colcon_meta'
[0.263s] Level 1:colcon.colcon_core.package_identification:_identify(scr/ros2-tutorials-ws/src/rosmasterx3_sim) by extensions ['ros']
[0.263s] Level 1:colcon.colcon_core.package_identification:_identify(scr/ros2-tutorials-ws/src/rosmasterx3_sim) by extension 'ros'
[0.263s] DEBUG:colcon.colcon_core.package_identification:Package 'scr/ros2-tutorials-ws/src/rosmasterx3_sim' with type 'ros.ament_python' and name 'rosmasterx3_sim'
[0.263s] Level 1:colcon.colcon_core.package_identification:_identify(scr/ros2-tutorials-ws/src/srvcli_package) by extensions ['ignore', 'ignore_ament_install']
[0.263s] Level 1:colcon.colcon_core.package_identification:_identify(scr/ros2-tutorials-ws/src/srvcli_package) by extension 'ignore'
[0.263s] Level 1:colcon.colcon_core.package_identification:_identify(scr/ros2-tutorials-ws/src/srvcli_package) by extension 'ignore_ament_install'
[0.263s] Level 1:colcon.colcon_core.package_identification:_identify(scr/ros2-tutorials-ws/src/srvcli_package) by extensions ['colcon_pkg']
[0.263s] Level 1:colcon.colcon_core.package_identification:_identify(scr/ros2-tutorials-ws/src/srvcli_package) by extension 'colcon_pkg'
[0.263s] Level 1:colcon.colcon_core.package_identification:_identify(scr/ros2-tutorials-ws/src/srvcli_package) by extensions ['colcon_meta']
[0.263s] Level 1:colcon.colcon_core.package_identification:_identify(scr/ros2-tutorials-ws/src/srvcli_package) by extension 'colcon_meta'
[0.264s] Level 1:colcon.colcon_core.package_identification:_identify(scr/ros2-tutorials-ws/src/srvcli_package) by extensions ['ros']
[0.264s] Level 1:colcon.colcon_core.package_identification:_identify(scr/ros2-tutorials-ws/src/srvcli_package) by extension 'ros'
[0.264s] DEBUG:colcon.colcon_core.package_identification:Package 'scr/ros2-tutorials-ws/src/srvcli_package' with type 'ros.ament_python' and name 'srvcli_package'
[0.264s] Level 1:colcon.colcon_core.package_identification:_identify(scr/simulacion_ri) by extensions ['ignore', 'ignore_ament_install']
[0.264s] Level 1:colcon.colcon_core.package_identification:_identify(scr/simulacion_ri) by extension 'ignore'
[0.264s] Level 1:colcon.colcon_core.package_identification:_identify(scr/simulacion_ri) by extension 'ignore_ament_install'
[0.264s] Level 1:colcon.colcon_core.package_identification:_identify(scr/simulacion_ri) by extensions ['colcon_pkg']
[0.264s] Level 1:colcon.colcon_core.package_identification:_identify(scr/simulacion_ri) by extension 'colcon_pkg'
[0.264s] Level 1:colcon.colcon_core.package_identification:_identify(scr/simulacion_ri) by extensions ['colcon_meta']
[0.264s] Level 1:colcon.colcon_core.package_identification:_identify(scr/simulacion_ri) by extension 'colcon_meta'
[0.264s] Level 1:colcon.colcon_core.package_identification:_identify(scr/simulacion_ri) by extensions ['ros']
[0.264s] Level 1:colcon.colcon_core.package_identification:_identify(scr/simulacion_ri) by extension 'ros'
[0.265s] DEBUG:colcon.colcon_core.package_identification:Package 'scr/simulacion_ri' with type 'ros.ament_cmake' and name 'simulacion_ri'
[0.265s] Level 1:colcon.colcon_core.package_discovery:discover_packages(recursive) using defaults
[0.265s] Level 1:colcon.colcon_core.package_discovery:discover_packages(ignore) discover
[0.265s] Level 1:colcon.colcon_core.package_discovery:discover_packages(ignore) using defaults
[0.265s] Level 1:colcon.colcon_core.package_discovery:discover_packages(path) discover
[0.265s] Level 1:colcon.colcon_core.package_discovery:discover_packages(path) using defaults
[0.284s] INFO:colcon.colcon_core.package_selection:Skipping not selected package 'action_package' in 'scr/ros2-tutorials-ws/src/action_package'
[0.285s] INFO:colcon.colcon_core.package_selection:Skipping not selected package 'diff_drive_sim' in 'scr/ros2-tutorials-ws/src/diff_drive_sim'
[0.285s] INFO:colcon.colcon_core.package_selection:Skipping not selected package 'diff_drive_sim_gazebo' in 'scr/ros2-tutorials-ws/src/diff_drive_sim_gazebo'
[0.285s] INFO:colcon.colcon_core.package_selection:Skipping not selected package 'interfaces_tutorial' in 'scr/ros2-tutorials-ws/src/interfaces_tutorial'
[0.285s] INFO:colcon.colcon_core.package_selection:Skipping not selected package 'lifecycle_nodes' in 'scr/ros2-tutorials-ws/src/lifecycle_nodes'
[0.285s] INFO:colcon.colcon_core.package_selection:Skipping not selected package 'mecanum_robot_sim' in 'scr/ros2-tutorials-ws/src/mecanum_robot_sim'
[0.285s] INFO:colcon.colcon_core.package_selection:Skipping not selected package 'my_first_package' in 'scr/ros2-tutorials-ws/src/my_first_package'
[0.285s] INFO:colcon.colcon_core.package_selection:Skipping not selected package 'my_second_package' in 'scr/ros2-tutorials-ws/src/my_second_package'
[0.285s] INFO:colcon.colcon_core.package_selection:Skipping not selected package 'parameters_tutorial' in 'scr/ros2-tutorials-ws/src/parameters_tutorial'
[0.285s] INFO:colcon.colcon_core.package_selection:Skipping not selected package 'robot_incendios' in 'scr/robot_incendios'
[0.285s] INFO:colcon.colcon_core.package_selection:Skipping not selected package 'rosmasterx3_sim' in 'scr/ros2-tutorials-ws/src/rosmasterx3_sim'
[0.285s] INFO:colcon.colcon_core.package_selection:Skipping not selected package 'pubsub_package' in 'scr/ros2-tutorials-ws/src/pubsub_package'
[0.285s] INFO:colcon.colcon_core.package_selection:Skipping not selected package 'srvcli_package' in 'scr/ros2-tutorials-ws/src/srvcli_package'
[0.285s] Level 1:colcon.colcon_core.package_discovery:discover_packages(prefix_path) check parameters
[0.285s] Level 1:colcon.colcon_core.package_discovery:discover_packages(prefix_path) discover
[0.286s] WARNING:colcon.colcon_ros.prefix_path.ament:The path '/home/jairls/robot_incendios_ws/install/simulacion_RI' in the environment variable AMENT_PREFIX_PATH doesn't exist
[0.287s] DEBUG:colcon.colcon_installed_package_information.package_discovery:Found 14 installed packages in /home/jairls/robot_incendios_ws/install
[0.289s] DEBUG:colcon.colcon_installed_package_information.package_discovery:Found 444 installed packages in /opt/ros/jazzy
[0.289s] Level 1:colcon.colcon_core.package_discovery:discover_packages(prefix_path) using defaults
[0.352s] Level 5:colcon.colcon_core.verb:set package 'simulacion_ri' build argument 'cmake_args' from command line to 'None'
[0.352s] Level 5:colcon.colcon_core.verb:set package 'simulacion_ri' build argument 'cmake_target' from command line to 'None'
[0.352s] Level 5:colcon.colcon_core.verb:set package 'simulacion_ri' build argument 'cmake_target_skip_unavailable' from command line to 'False'
[0.352s] Level 5:colcon.colcon_core.verb:set package 'simulacion_ri' build argument 'cmake_clean_cache' from command line to 'False'
[0.352s] Level 5:colcon.colcon_core.verb:set package 'simulacion_ri' build argument 'cmake_clean_first' from command line to 'False'
[0.352s] Level 5:colcon.colcon_core.verb:set package 'simulacion_ri' build argument 'cmake_force_configure' from command line to 'False'
[0.352s] Level 5:colcon.colcon_core.verb:set package 'simulacion_ri' build argument 'ament_cmake_args' from command line to 'None'
[0.352s] Level 5:colcon.colcon_core.verb:set package 'simulacion_ri' build argument 'catkin_cmake_args' from command line to 'None'
[0.352s] Level 5:colcon.colcon_core.verb:set package 'simulacion_ri' build argument 'catkin_skip_building_tests' from command line to 'False'
[0.352s] DEBUG:colcon.colcon_core.verb:Building package 'simulacion_ri' with the following arguments: {'ament_cmake_args': None, 'build_base': '/home/jairls/robot_incendios_ws/build/simulacion_ri', 'catkin_cmake_args': None, 'catkin_skip_building_tests': False, 'cmake_args': None, 'cmake_clean_cache': False, 'cmake_clean_first': False, 'cmake_force_configure': False, 'cmake_target': None, 'cmake_target_skip_unavailable': False, 'install_base': '/home/jairls/robot_incendios_ws/install/simulacion_ri', 'merge_install': False, 'path': '/home/jairls/robot_incendios_ws/scr/simulacion_ri', 'symlink_install': False, 'test_result_base': None}
[0.352s] INFO:colcon.colcon_core.executor:Executing jobs using 'parallel' executor
[0.354s] DEBUG:colcon.colcon_parallel_executor.executor.parallel:run_until_complete
[0.354s] INFO:colcon.colcon_ros.task.ament_cmake.build:Building ROS package in '/home/jairls/robot_incendios_ws/scr/simulacion_ri' with build type 'ament_cmake'
[0.355s] INFO:colcon.colcon_cmake.task.cmake.build:Building CMake package in '/home/jairls/robot_incendios_ws/scr/simulacion_ri'
[0.356s] INFO:colcon.colcon_core.plugin_system:Skipping extension 'colcon_core.shell.bat': Not used on non-Windows systems
[0.357s] INFO:colcon.colcon_core.shell:Skip shell extension 'powershell' for command environment: Not usable outside of PowerShell
[0.357s] DEBUG:colcon.colcon_core.shell:Skip shell extension 'dsv' for command environment
[0.366s] DEBUG:colcon.colcon_core.event_handler.log_command:Invoking command in '/home/jairls/robot_incendios_ws/build/simulacion_ri': CMAKE_PREFIX_PATH=${CMAKE_PREFIX_PATH}:/home/jairls/robot_incendios_ws/install/srvcli_package:/home/jairls/robot_incendios_ws/install/simulacion_RI:/home/jairls/robot_incendios_ws/install/rosmasterx3_sim:/home/jairls/robot_incendios_ws/install/robot_incendios:/home/jairls/robot_incendios_ws/install/pubsub_package:/home/jairls/robot_incendios_ws/install/parameters_tutorial:/home/jairls/robot_incendios_ws/install/my_second_package:/home/jairls/robot_incendios_ws/install/my_first_package:/home/jairls/robot_incendios_ws/install/mecanum_robot_sim:/home/jairls/robot_incendios_ws/install/lifecycle_nodes:/home/jairls/robot_incendios_ws/install/diff_drive_sim_gazebo:/home/jairls/robot_incendios_ws/install/diff_drive_sim:/home/jairls/robot_incendios_ws/install/action_package:/opt/ros/jazzy /usr/bin/cmake --build /home/jairls/robot_incendios_ws/build/simulacion_ri -- -j12 -l12
[0.763s] DEBUG:colcon.colcon_core.event_handler.log_command:Invoked command in '/home/jairls/robot_incendios_ws/build/simulacion_ri' returned '0': CMAKE_PREFIX_PATH=${CMAKE_PREFIX_PATH}:/home/jairls/robot_incendios_ws/install/srvcli_package:/home/jairls/robot_incendios_ws/install/simulacion_RI:/home/jairls/robot_incendios_ws/install/rosmasterx3_sim:/home/jairls/robot_incendios_ws/install/robot_incendios:/home/jairls/robot_incendios_ws/install/pubsub_package:/home/jairls/robot_incendios_ws/install/parameters_tutorial:/home/jairls/robot_incendios_ws/install/my_second_package:/home/jairls/robot_incendios_ws/install/my_first_package:/home/jairls/robot_incendios_ws/install/mecanum_robot_sim:/home/jairls/robot_incendios_ws/install/lifecycle_nodes:/home/jairls/robot_incendios_ws/install/diff_drive_sim_gazebo:/home/jairls/robot_incendios_ws/install/diff_drive_sim:/home/jairls/robot_incendios_ws/install/action_package:/opt/ros/jazzy /usr/bin/cmake --build /home/jairls/robot_incendios_ws/build/simulacion_ri -- -j12 -l12
[0.771s] DEBUG:colcon.colcon_core.event_handler.log_command:Invoking command in '/home/jairls/robot_incendios_ws/build/simulacion_ri': CMAKE_PREFIX_PATH=${CMAKE_PREFIX_PATH}:/home/jairls/robot_incendios_ws/install/srvcli_package:/home/jairls/robot_incendios_ws/install/simulacion_RI:/home/jairls/robot_incendios_ws/install/rosmasterx3_sim:/home/jairls/robot_incendios_ws/install/robot_incendios:/home/jairls/robot_incendios_ws/install/pubsub_package:/home/jairls/robot_incendios_ws/install/parameters_tutorial:/home/jairls/robot_incendios_ws/install/my_second_package:/home/jairls/robot_incendios_ws/install/my_first_package:/home/jairls/robot_incendios_ws/install/mecanum_robot_sim:/home/jairls/robot_incendios_ws/install/lifecycle_nodes:/home/jairls/robot_incendios_ws/install/diff_drive_sim_gazebo:/home/jairls/robot_incendios_ws/install/diff_drive_sim:/home/jairls/robot_incendios_ws/install/action_package:/opt/ros/jazzy /usr/bin/cmake --install /home/jairls/robot_incendios_ws/build/simulacion_ri
[0.833s] Level 1:colcon.colcon_core.environment:create_environment_scripts_only(simulacion_ri)
[0.833s] DEBUG:colcon.colcon_core.event_handler.log_command:Invoked command in '/home/jairls/robot_incendios_ws/build/simulacion_ri' returned '0': CMAKE_PREFIX_PATH=${CMAKE_PREFIX_PATH}:/home/jairls/robot_incendios_ws/install/srvcli_package:/home/jairls/robot_incendios_ws/install/simulacion_RI:/home/jairls/robot_incendios_ws/install/rosmasterx3_sim:/home/jairls/robot_incendios_ws/install/robot_incendios:/home/jairls/robot_incendios_ws/install/pubsub_package:/home/jairls/robot_incendios_ws/install/parameters_tutorial:/home/jairls/robot_incendios_ws/install/my_second_package:/home/jairls/robot_incendios_ws/install/my_first_package:/home/jairls/robot_incendios_ws/install/mecanum_robot_sim:/home/jairls/robot_incendios_ws/install/lifecycle_nodes:/home/jairls/robot_incendios_ws/install/diff_drive_sim_gazebo:/home/jairls/robot_incendios_ws/install/diff_drive_sim:/home/jairls/robot_incendios_ws/install/action_package:/opt/ros/jazzy /usr/bin/cmake --install /home/jairls/robot_incendios_ws/build/simulacion_ri
[0.835s] Level 1:colcon.colcon_core.environment:checking '/home/jairls/robot_incendios_ws/install/simulacion_ri' for CMake module files
[0.835s] Level 1:colcon.colcon_core.environment:checking '/home/jairls/robot_incendios_ws/install/simulacion_ri' for CMake config files
[0.836s] Level 1:colcon.colcon_core.shell:create_environment_hook('simulacion_ri', 'cmake_prefix_path')
[0.836s] INFO:colcon.colcon_core.shell:Creating environment hook '/home/jairls/robot_incendios_ws/install/simulacion_ri/share/simulacion_ri/hook/cmake_prefix_path.ps1'
[0.836s] INFO:colcon.colcon_core.shell:Creating environment descriptor '/home/jairls/robot_incendios_ws/install/simulacion_ri/share/simulacion_ri/hook/cmake_prefix_path.dsv'
[0.836s] INFO:colcon.colcon_core.shell:Creating environment hook '/home/jairls/robot_incendios_ws/install/simulacion_ri/share/simulacion_ri/hook/cmake_prefix_path.sh'
[0.837s] Level 1:colcon.colcon_core.environment:checking '/home/jairls/robot_incendios_ws/install/simulacion_ri/lib'
[0.837s] Level 1:colcon.colcon_core.environment:checking '/home/jairls/robot_incendios_ws/install/simulacion_ri/bin'
[0.837s] Level 1:colcon.colcon_core.environment:checking '/home/jairls/robot_incendios_ws/install/simulacion_ri/lib/pkgconfig/simulacion_ri.pc'
[0.837s] Level 1:colcon.colcon_core.environment:checking '/home/jairls/robot_incendios_ws/install/simulacion_ri/lib/python3.12/site-packages'
[0.837s] Level 1:colcon.colcon_core.shell:create_environment_hook('simulacion_ri', 'pythonpath')
[0.838s] INFO:colcon.colcon_core.shell:Creating environment hook '/home/jairls/robot_incendios_ws/install/simulacion_ri/share/simulacion_ri/hook/pythonpath.ps1'
[0.838s] INFO:colcon.colcon_core.shell:Creating environment descriptor '/home/jairls/robot_incendios_ws/install/simulacion_ri/share/simulacion_ri/hook/pythonpath.dsv'
[0.838s] INFO:colcon.colcon_core.shell:Creating environment hook '/home/jairls/robot_incendios_ws/install/simulacion_ri/share/simulacion_ri/hook/pythonpath.sh'
[0.839s] Level 1:colcon.colcon_core.environment:checking '/home/jairls/robot_incendios_ws/install/simulacion_ri/bin'
[0.839s] INFO:colcon.colcon_core.shell:Creating package script '/home/jairls/robot_incendios_ws/install/simulacion_ri/share/simulacion_ri/package.ps1'
[0.839s] INFO:colcon.colcon_core.shell:Creating package descriptor '/home/jairls/robot_incendios_ws/install/simulacion_ri/share/simulacion_ri/package.dsv'
[0.840s] INFO:colcon.colcon_core.shell:Creating package script '/home/jairls/robot_incendios_ws/install/simulacion_ri/share/simulacion_ri/package.sh'
[0.840s] INFO:colcon.colcon_core.shell:Creating package script '/home/jairls/robot_incendios_ws/install/simulacion_ri/share/simulacion_ri/package.bash'
[0.841s] INFO:colcon.colcon_core.shell:Creating package script '/home/jairls/robot_incendios_ws/install/simulacion_ri/share/simulacion_ri/package.zsh'
[0.841s] Level 1:colcon.colcon_core.environment:create_file_with_runtime_dependencies(/home/jairls/robot_incendios_ws/install/simulacion_ri/share/colcon-core/packages/simulacion_ri)
[0.842s] Level 1:colcon.colcon_core.environment:create_environment_scripts_only(simulacion_ri)
[0.842s] Level 1:colcon.colcon_core.environment:checking '/home/jairls/robot_incendios_ws/install/simulacion_ri' for CMake module files
[0.842s] Level 1:colcon.colcon_core.environment:checking '/home/jairls/robot_incendios_ws/install/simulacion_ri' for CMake config files
[0.842s] Level 1:colcon.colcon_core.shell:create_environment_hook('simulacion_ri', 'cmake_prefix_path')
[0.842s] INFO:colcon.colcon_core.shell:Creating environment hook '/home/jairls/robot_incendios_ws/install/simulacion_ri/share/simulacion_ri/hook/cmake_prefix_path.ps1'
[0.843s] INFO:colcon.colcon_core.shell:Creating environment descriptor '/home/jairls/robot_incendios_ws/install/simulacion_ri/share/simulacion_ri/hook/cmake_prefix_path.dsv'
[0.843s] INFO:colcon.colcon_core.shell:Creating environment hook '/home/jairls/robot_incendios_ws/install/simulacion_ri/share/simulacion_ri/hook/cmake_prefix_path.sh'
[0.843s] Level 1:colcon.colcon_core.environment:checking '/home/jairls/robot_incendios_ws/install/simulacion_ri/lib'
[0.843s] Level 1:colcon.colcon_core.environment:checking '/home/jairls/robot_incendios_ws/install/simulacion_ri/bin'
[0.843s] Level 1:colcon.colcon_core.environment:checking '/home/jairls/robot_incendios_ws/install/simulacion_ri/lib/pkgconfig/simulacion_ri.pc'
[0.844s] Level 1:colcon.colcon_core.environment:checking '/home/jairls/robot_incendios_ws/install/simulacion_ri/lib/python3.12/site-packages'
[0.844s] Level 1:colcon.colcon_core.shell:create_environment_hook('simulacion_ri', 'pythonpath')
[0.844s] INFO:colcon.colcon_core.shell:Creating environment hook '/home/jairls/robot_incendios_ws/install/simulacion_ri/share/simulacion_ri/hook/pythonpath.ps1'
[0.844s] INFO:colcon.colcon_core.shell:Creating environment descriptor '/home/jairls/robot_incendios_ws/install/simulacion_ri/share/simulacion_ri/hook/pythonpath.dsv'
[0.845s] INFO:colcon.colcon_core.shell:Creating environment hook '/home/jairls/robot_incendios_ws/install/simulacion_ri/share/simulacion_ri/hook/pythonpath.sh'
[0.845s] Level 1:colcon.colcon_core.environment:checking '/home/jairls/robot_incendios_ws/install/simulacion_ri/bin'
[0.845s] INFO:colcon.colcon_core.shell:Creating package script '/home/jairls/robot_incendios_ws/install/simulacion_ri/share/simulacion_ri/package.ps1'
[0.846s] INFO:colcon.colcon_core.shell:Creating package descriptor '/home/jairls/robot_incendios_ws/install/simulacion_ri/share/simulacion_ri/package.dsv'
[0.846s] INFO:colcon.colcon_core.shell:Creating package script '/home/jairls/robot_incendios_ws/install/simulacion_ri/share/simulacion_ri/package.sh'
[0.846s] INFO:colcon.colcon_core.shell:Creating package script '/home/jairls/robot_incendios_ws/install/simulacion_ri/share/simulacion_ri/package.bash'
[0.846s] INFO:colcon.colcon_core.shell:Creating package script '/home/jairls/robot_incendios_ws/install/simulacion_ri/share/simulacion_ri/package.zsh'
[0.847s] Level 1:colcon.colcon_core.environment:create_file_with_runtime_dependencies(/home/jairls/robot_incendios_ws/install/simulacion_ri/share/colcon-core/packages/simulacion_ri)
[0.848s] DEBUG:colcon.colcon_parallel_executor.executor.parallel:closing loop
[0.848s] DEBUG:colcon.colcon_parallel_executor.executor.parallel:loop closed
[0.848s] DEBUG:colcon.colcon_parallel_executor.executor.parallel:run_until_complete finished with '0'
[0.848s] DEBUG:colcon.colcon_core.event_reactor:joining thread
[0.897s] INFO:colcon.colcon_core.plugin_system:Skipping extension 'colcon_notification.desktop_notification.notify_send': Could not find 'notify-send'
[0.897s] INFO:colcon.colcon_core.plugin_system:Skipping extension 'colcon_notification.desktop_notification.terminal_notifier': Not used on non-Darwin systems
[0.897s] INFO:colcon.colcon_core.plugin_system:Skipping extension 'colcon_notification.desktop_notification.win32': Not used on non-Windows systems
[0.897s] INFO:colcon.colcon_notification.desktop_notification:Sending desktop notification using 'notify2'
[0.899s] DEBUG:colcon.colcon_notification.desktop_notification.notify2:Failed to initialize notify2: org.freedesktop.DBus.Error.ServiceUnknown: The name org.freedesktop.Notifications was not provided by any .service files
[0.899s] DEBUG:colcon.colcon_core.event_reactor:joined thread
[0.899s] INFO:colcon.colcon_core.shell:Creating prefix script '/home/jairls/robot_incendios_ws/install/local_setup.ps1'
[0.900s] INFO:colcon.colcon_core.shell:Creating prefix util module '/home/jairls/robot_incendios_ws/install/_local_setup_util_ps1.py'
[0.900s] INFO:colcon.colcon_core.shell:Creating prefix chain script '/home/jairls/robot_incendios_ws/install/setup.ps1'
[0.901s] INFO:colcon.colcon_core.shell:Creating prefix script '/home/jairls/robot_incendios_ws/install/local_setup.sh'
[0.902s] INFO:colcon.colcon_core.shell:Creating prefix util module '/home/jairls/robot_incendios_ws/install/_local_setup_util_sh.py'
[0.902s] INFO:colcon.colcon_core.shell:Creating prefix chain script '/home/jairls/robot_incendios_ws/install/setup.sh'
[0.903s] INFO:colcon.colcon_core.shell:Creating prefix script '/home/jairls/robot_incendios_ws/install/local_setup.bash'
[0.903s] INFO:colcon.colcon_core.shell:Creating prefix chain script '/home/jairls/robot_incendios_ws/install/setup.bash'
[0.904s] INFO:colcon.colcon_core.shell:Creating prefix script '/home/jairls/robot_incendios_ws/install/local_setup.zsh'
[0.904s] INFO:colcon.colcon_core.shell:Creating prefix chain script '/home/jairls/robot_incendios_ws/install/setup.zsh'
