running develop
running egg_info
creating lifecycle_nodes.egg-info
writing lifecycle_nodes.egg-info/PKG-INFO
writing dependency_links to lifecycle_nodes.egg-info/dependency_links.txt
writing entry points to lifecycle_nodes.egg-info/entry_points.txt
writing requirements to lifecycle_nodes.egg-info/requires.txt
writing top-level names to lifecycle_nodes.egg-info/top_level.txt
writing manifest file 'lifecycle_nodes.egg-info/SOURCES.txt'
reading manifest file 'lifecycle_nodes.egg-info/SOURCES.txt'
writing manifest file 'lifecycle_nodes.egg-info/SOURCES.txt'
running build_ext
Creating /home/jairls/robot_incendios_ws/install/lifecycle_nodes/lib/python3.12/site-packages/lifecycle-nodes.egg-link (link to .)
Installing lifecycle_client script to /home/jairls/robot_incendios_ws/install/lifecycle_nodes/lib/lifecycle_nodes
Installing listener script to /home/jairls/robot_incendios_ws/install/lifecycle_nodes/lib/lifecycle_nodes
Installing talker1 script to /home/jairls/robot_incendios_ws/install/lifecycle_nodes/lib/lifecycle_nodes
Installing talker2 script to /home/jairls/robot_incendios_ws/install/lifecycle_nodes/lib/lifecycle_nodes

Installed /home/jairls/robot_incendios_ws/build/lifecycle_nodes
running symlink_data
creating /home/jairls/robot_incendios_ws/install/lifecycle_nodes/share/ament_index
creating /home/jairls/robot_incendios_ws/install/lifecycle_nodes/share/ament_index/resource_index
creating /home/jairls/robot_incendios_ws/install/lifecycle_nodes/share/ament_index/resource_index/packages
symbolically linking /home/jairls/robot_incendios_ws/build/lifecycle_nodes/resource/lifecycle_nodes -> /home/jairls/robot_incendios_ws/install/lifecycle_nodes/share/ament_index/resource_index/packages
symbolically linking /home/jairls/robot_incendios_ws/build/lifecycle_nodes/package.xml -> /home/jairls/robot_incendios_ws/install/lifecycle_nodes/share/lifecycle_nodes
creating /home/jairls/robot_incendios_ws/install/lifecycle_nodes/share/lifecycle_nodes/launch
symbolically linking /home/jairls/robot_incendios_ws/build/lifecycle_nodes/launch/launch.py -> /home/jairls/robot_incendios_ws/install/lifecycle_nodes/share/lifecycle_nodes/launch
