[4.368s] Invoking command in '/home/jairls/robot_incendios_ws/build/my_first_package': PYTHONPATH=/home/jairls/robot_incendios_ws/build/my_first_package/prefix_override:/usr/lib/python3/dist-packages/colcon_core/task/python/colcon_distutils_commands:/home/jairls/robot_incendios_ws/install/my_first_package/lib/python3.12/site-packages:${PYTHONPATH} /usr/bin/python3 -W ignore:setup.py install is deprecated -W ignore:easy_install command is deprecated setup.py develop --editable --build-directory /home/jairls/robot_incendios_ws/build/my_first_package/build --no-deps symlink_data
[5.152s] running develop
[5.557s] running egg_info
[5.561s] creating my_first_package.egg-info
[5.591s] writing my_first_package.egg-info/PKG-INFO
[5.592s] writing dependency_links to my_first_package.egg-info/dependency_links.txt
[5.592s] writing entry points to my_first_package.egg-info/entry_points.txt
[5.592s] writing requirements to my_first_package.egg-info/requires.txt
[5.593s] writing top-level names to my_first_package.egg-info/top_level.txt
[5.593s] writing manifest file 'my_first_package.egg-info/SOURCES.txt'
[5.730s] reading manifest file 'my_first_package.egg-info/SOURCES.txt'
[5.734s] writing manifest file 'my_first_package.egg-info/SOURCES.txt'
[5.803s] running build_ext
[5.807s] Creating /home/jairls/robot_incendios_ws/install/my_first_package/lib/python3.12/site-packages/my-first-package.egg-link (link to .)
[5.808s] Installing my_node script to /home/jairls/robot_incendios_ws/install/my_first_package/lib/my_first_package
[5.808s] 
[5.808s] Installed /home/jairls/robot_incendios_ws/build/my_first_package
[5.808s] running symlink_data
[5.808s] creating /home/jairls/robot_incendios_ws/install/my_first_package/share/ament_index
[5.812s] creating /home/jairls/robot_incendios_ws/install/my_first_package/share/ament_index/resource_index
[5.820s] creating /home/jairls/robot_incendios_ws/install/my_first_package/share/ament_index/resource_index/packages
[5.830s] symbolically linking /home/jairls/robot_incendios_ws/build/my_first_package/resource/my_first_package -> /home/jairls/robot_incendios_ws/install/my_first_package/share/ament_index/resource_index/packages
[5.842s] symbolically linking /home/jairls/robot_incendios_ws/build/my_first_package/package.xml -> /home/jairls/robot_incendios_ws/install/my_first_package/share/my_first_package
[6.127s] Invoked command in '/home/jairls/robot_incendios_ws/build/my_first_package' returned '0': PYTHONPATH=/home/jairls/robot_incendios_ws/build/my_first_package/prefix_override:/usr/lib/python3/dist-packages/colcon_core/task/python/colcon_distutils_commands:/home/jairls/robot_incendios_ws/install/my_first_package/lib/python3.12/site-packages:${PYTHONPATH} /usr/bin/python3 -W ignore:setup.py install is deprecated -W ignore:easy_install command is deprecated setup.py develop --editable --build-directory /home/jairls/robot_incendios_ws/build/my_first_package/build --no-deps symlink_data
