[0.011s] Invoking command in '/home/jairls/robot_incendios_ws/build/simulacion_ri': CMAKE_PREFIX_PATH=${CMAKE_PREFIX_PATH}:/opt/ros/jazzy /usr/bin/cmake /home/jairls/robot_incendios_ws/scr/simulacion_ri -DCMAKE_INSTALL_PREFIX=/home/jairls/robot_incendios_ws/install/simulacion_ri
[0.225s] -- The C compiler identification is GNU 13.3.0
[0.847s] -- The CXX compiler identification is GNU 13.3.0
[1.380s] -- Detecting C compiler ABI info
[1.616s] -- Detecting C compiler ABI info - done
[1.624s] -- Check for working C compiler: /usr/bin/cc - skipped
[1.626s] -- Detecting C compile features
[1.627s] -- Detecting C compile features - done
[1.717s] -- Detecting CXX compiler ABI info
[1.965s] -- Detecting CXX compiler ABI info - done
[1.975s] -- Check for working CXX compiler: /usr/bin/c++ - skipped
[1.975s] -- Detecting CXX compile features
[1.976s] -- Detecting CXX compile features - done
[1.992s] -- Found ament_cmake: 2.5.6 (/opt/ros/jazzy/share/ament_cmake/cmake)
[2.151s] -- Found Python3: /usr/bin/python3 (found version "3.12.3") found components: Interpreter 
[2.381s] -- Configuring done (2.4s)
[2.384s] -- Generating done (0.0s)
[2.386s] -- Build files have been written to: /home/jairls/robot_incendios_ws/build/simulacion_ri
[2.392s] Invoked command in '/home/jairls/robot_incendios_ws/build/simulacion_ri' returned '0': CMAKE_PREFIX_PATH=${CMAKE_PREFIX_PATH}:/opt/ros/jazzy /usr/bin/cmake /home/jairls/robot_incendios_ws/scr/simulacion_ri -DCMAKE_INSTALL_PREFIX=/home/jairls/robot_incendios_ws/install/simulacion_ri
[2.392s] Invoking command in '/home/jairls/robot_incendios_ws/build/simulacion_ri': CMAKE_PREFIX_PATH=${CMAKE_PREFIX_PATH}:/opt/ros/jazzy /usr/bin/cmake --build /home/jairls/robot_incendios_ws/build/simulacion_ri -- -j12 -l12
[2.431s] Invoked command in '/home/jairls/robot_incendios_ws/build/simulacion_ri' returned '0': CMAKE_PREFIX_PATH=${CMAKE_PREFIX_PATH}:/opt/ros/jazzy /usr/bin/cmake --build /home/jairls/robot_incendios_ws/build/simulacion_ri -- -j12 -l12
[2.441s] Invoking command in '/home/jairls/robot_incendios_ws/build/simulacion_ri': CMAKE_PREFIX_PATH=${CMAKE_PREFIX_PATH}:/opt/ros/jazzy /usr/bin/cmake --install /home/jairls/robot_incendios_ws/build/simulacion_ri
[2.447s] -- Install configuration: ""
[2.447s] -- Installing: /home/jairls/robot_incendios_ws/install/simulacion_ri/share/simulacion_ri/config
[2.447s] -- Installing: /home/jairls/robot_incendios_ws/install/simulacion_ri/share/simulacion_ri/config/slam_toolbox_params.yaml
[2.447s] -- Installing: /home/jairls/robot_incendios_ws/install/simulacion_ri/share/simulacion_ri/config/robot.rviz
[2.449s] -- Installing: /home/jairls/robot_incendios_ws/install/simulacion_ri/share/simulacion_ri/config/joint_names_Ensamblaje_V1.yaml
[2.449s] -- Installing: /home/jairls/robot_incendios_ws/install/simulacion_ri/share/simulacion_ri/config/mapper_params_online_async.yaml
[2.450s] -- Installing: /home/jairls/robot_incendios_ws/install/simulacion_ri/share/simulacion_ri/launch
[2.450s] -- Installing: /home/jairls/robot_incendios_ws/install/simulacion_ri/share/simulacion_ri/launch/gazebo.launch.py
[2.450s] -- Installing: /home/jairls/robot_incendios_ws/install/simulacion_ri/share/simulacion_ri/launch/slam.launch.py
[2.450s] -- Installing: /home/jairls/robot_incendios_ws/install/simulacion_ri/share/simulacion_ri/launch/display.launch
[2.450s] -- Installing: /home/jairls/robot_incendios_ws/install/simulacion_ri/share/simulacion_ri/launch/gazebo.launch
[2.450s] -- Installing: /home/jairls/robot_incendios_ws/install/simulacion_ri/share/simulacion_ri/launch/display.launch.py
[2.451s] -- Installing: /home/jairls/robot_incendios_ws/install/simulacion_ri/share/simulacion_ri/meshes
[2.451s] -- Installing: /home/jairls/robot_incendios_ws/install/simulacion_ri/share/simulacion_ri/meshes/rueda_trasera_derecha_link.STL
[2.452s] -- Installing: /home/jairls/robot_incendios_ws/install/simulacion_ri/share/simulacion_ri/meshes/lidar_link.STL
[2.452s] -- Installing: /home/jairls/robot_incendios_ws/install/simulacion_ri/share/simulacion_ri/meshes/rueda_trasera_izquierda_link.STL
[2.453s] -- Installing: /home/jairls/robot_incendios_ws/install/simulacion_ri/share/simulacion_ri/meshes/rueda_delante_izquierda_link.STL
[2.454s] -- Installing: /home/jairls/robot_incendios_ws/install/simulacion_ri/share/simulacion_ri/meshes/base_link.STL
[2.464s] -- Installing: /home/jairls/robot_incendios_ws/install/simulacion_ri/share/simulacion_ri/meshes/rueda_delante_derecha_link.STL
[2.464s] -- Installing: /home/jairls/robot_incendios_ws/install/simulacion_ri/share/simulacion_ri/urdf
[2.465s] -- Installing: /home/jairls/robot_incendios_ws/install/simulacion_ri/share/simulacion_ri/urdf/Ensamblaje_URDF_Final.urdf
[2.465s] -- Installing: /home/jairls/robot_incendios_ws/install/simulacion_ri/share/simulacion_ri/urdf/Ensamblaje_URDF_Final.csv
[2.465s] -- Installing: /home/jairls/robot_incendios_ws/install/simulacion_ri/share/simulacion_ri/textures
[2.466s] -- Installing: /home/jairls/robot_incendios_ws/install/simulacion_ri/share/ament_index/resource_index/package_run_dependencies/simulacion_ri
[2.466s] -- Installing: /home/jairls/robot_incendios_ws/install/simulacion_ri/share/ament_index/resource_index/parent_prefix_path/simulacion_ri
[2.467s] -- Installing: /home/jairls/robot_incendios_ws/install/simulacion_ri/share/simulacion_ri/environment/ament_prefix_path.sh
[2.467s] -- Installing: /home/jairls/robot_incendios_ws/install/simulacion_ri/share/simulacion_ri/environment/ament_prefix_path.dsv
[2.468s] -- Installing: /home/jairls/robot_incendios_ws/install/simulacion_ri/share/simulacion_ri/environment/path.sh
[2.468s] -- Installing: /home/jairls/robot_incendios_ws/install/simulacion_ri/share/simulacion_ri/environment/path.dsv
[2.468s] -- Installing: /home/jairls/robot_incendios_ws/install/simulacion_ri/share/simulacion_ri/local_setup.bash
[2.468s] -- Installing: /home/jairls/robot_incendios_ws/install/simulacion_ri/share/simulacion_ri/local_setup.sh
[2.468s] -- Installing: /home/jairls/robot_incendios_ws/install/simulacion_ri/share/simulacion_ri/local_setup.zsh
[2.468s] -- Installing: /home/jairls/robot_incendios_ws/install/simulacion_ri/share/simulacion_ri/local_setup.dsv
[2.469s] -- Installing: /home/jairls/robot_incendios_ws/install/simulacion_ri/share/simulacion_ri/package.dsv
[2.469s] -- Installing: /home/jairls/robot_incendios_ws/install/simulacion_ri/share/ament_index/resource_index/packages/simulacion_ri
[2.469s] -- Installing: /home/jairls/robot_incendios_ws/install/simulacion_ri/share/simulacion_ri/cmake/simulacion_riConfig.cmake
[2.469s] -- Installing: /home/jairls/robot_incendios_ws/install/simulacion_ri/share/simulacion_ri/cmake/simulacion_riConfig-version.cmake
[2.470s] -- Installing: /home/jairls/robot_incendios_ws/install/simulacion_ri/share/simulacion_ri/package.xml
[2.471s] Invoked command in '/home/jairls/robot_incendios_ws/build/simulacion_ri' returned '0': CMAKE_PREFIX_PATH=${CMAKE_PREFIX_PATH}:/opt/ros/jazzy /usr/bin/cmake --install /home/jairls/robot_incendios_ws/build/simulacion_ri
