[0.430s] DEBUG:colcon:Command line arguments: ['/usr/bin/colcon', 'build']
[0.430s] DEBUG:colcon:Parsed command line arguments: Namespace(log_base=None, log_level=None, verb_name='build', build_base='build', install_base='install', merge_install=False, symlink_install=False, test_result_base=None, continue_on_error=False, executor='parallel', parallel_workers=12, event_handlers=None, ignore_user_meta=False, metas=['./colcon.meta'], base_paths=['.'], packages_ignore=None, packages_ignore_regex=None, paths=None, packages_up_to=None, packages_up_to_regex=None, packages_above=None, packages_above_and_dependencies=None, packages_above_depth=None, packages_select_by_dep=None, packages_skip_by_dep=None, packages_skip_up_to=None, packages_select_build_failed=False, packages_skip_build_finished=False, packages_select_test_failures=False, packages_skip_test_passed=False, packages_select=None, packages_skip=None, packages_select_regex=None, packages_skip_regex=None, packages_start=None, packages_end=None, allow_overriding=[], cmake_args=None, cmake_target=None, cmake_target_skip_unavailable=False, cmake_clean_cache=False, cmake_clean_first=False, cmake_force_configure=False, ament_cmake_args=None, catkin_cmake_args=None, catkin_skip_building_tests=False, mixin_files=None, mixin=None, verb_parser=<colcon_mixin.mixin.mixin_argument.MixinArgumentDecorator object at 0x7b357328eed0>, verb_extension=<colcon_core.verb.build.BuildVerb object at 0x7b357328ebd0>, main=<bound method BuildVerb.main of <colcon_core.verb.build.BuildVerb object at 0x7b357328ebd0>>, mixin_verb=('build',))
[0.483s] Level 1:colcon.colcon_core.package_discovery:discover_packages(colcon_meta) check parameters
[0.483s] Level 1:colcon.colcon_core.package_discovery:discover_packages(recursive) check parameters
[0.483s] Level 1:colcon.colcon_core.package_discovery:discover_packages(ignore) check parameters
[0.483s] Level 1:colcon.colcon_core.package_discovery:discover_packages(path) check parameters
[0.483s] Level 1:colcon.colcon_core.package_discovery:discover_packages(colcon_meta) discover
[0.483s] Level 1:colcon.colcon_core.package_discovery:discover_packages(recursive) discover
[0.483s] INFO:colcon.colcon_core.package_discovery:Crawling recursively for packages in '/home/jairls/robot_incendios_ws'
[0.484s] Level 1:colcon.colcon_core.package_identification:_identify(.) by extensions ['ignore', 'ignore_ament_install']
[0.484s] Level 1:colcon.colcon_core.package_identification:_identify(.) by extension 'ignore'
[0.484s] Level 1:colcon.colcon_core.package_identification:_identify(.) by extension 'ignore_ament_install'
[0.484s] Level 1:colcon.colcon_core.package_identification:_identify(.) by extensions ['colcon_pkg']
[0.484s] Level 1:colcon.colcon_core.package_identification:_identify(.) by extension 'colcon_pkg'
[0.484s] Level 1:colcon.colcon_core.package_identification:_identify(.) by extensions ['colcon_meta']
[0.484s] Level 1:colcon.colcon_core.package_identification:_identify(.) by extension 'colcon_meta'
[0.484s] Level 1:colcon.colcon_core.package_identification:_identify(.) by extensions ['ros']
[0.484s] Level 1:colcon.colcon_core.package_identification:_identify(.) by extension 'ros'
[0.521s] Level 1:colcon.colcon_core.package_identification:_identify(.) by extensions ['cmake', 'python']
[0.521s] Level 1:colcon.colcon_core.package_identification:_identify(.) by extension 'cmake'
[0.521s] Level 1:colcon.colcon_core.package_identification:_identify(.) by extension 'python'
[0.521s] Level 1:colcon.colcon_core.package_identification:_identify(.) by extensions ['python_setup_py']
[0.521s] Level 1:colcon.colcon_core.package_identification:_identify(.) by extension 'python_setup_py'
[0.522s] Level 1:colcon.colcon_core.package_identification:_identify(build) by extensions ['ignore', 'ignore_ament_install']
[0.522s] Level 1:colcon.colcon_core.package_identification:_identify(build) by extension 'ignore'
[0.522s] Level 1:colcon.colcon_core.package_identification:_identify(build) ignored
[0.522s] Level 1:colcon.colcon_core.package_identification:_identify(install) by extensions ['ignore', 'ignore_ament_install']
[0.522s] Level 1:colcon.colcon_core.package_identification:_identify(install) by extension 'ignore'
[0.522s] Level 1:colcon.colcon_core.package_identification:_identify(install) ignored
[0.522s] Level 1:colcon.colcon_core.package_identification:_identify(log) by extensions ['ignore', 'ignore_ament_install']
[0.522s] Level 1:colcon.colcon_core.package_identification:_identify(log) by extension 'ignore'
[0.522s] Level 1:colcon.colcon_core.package_identification:_identify(log) ignored
[0.522s] Level 1:colcon.colcon_core.package_identification:_identify(scr) by extensions ['ignore', 'ignore_ament_install']
[0.523s] Level 1:colcon.colcon_core.package_identification:_identify(scr) by extension 'ignore'
[0.523s] Level 1:colcon.colcon_core.package_identification:_identify(scr) by extension 'ignore_ament_install'
[0.523s] Level 1:colcon.colcon_core.package_identification:_identify(scr) by extensions ['colcon_pkg']
[0.523s] Level 1:colcon.colcon_core.package_identification:_identify(scr) by extension 'colcon_pkg'
[0.523s] Level 1:colcon.colcon_core.package_identification:_identify(scr) by extensions ['colcon_meta']
[0.523s] Level 1:colcon.colcon_core.package_identification:_identify(scr) by extension 'colcon_meta'
[0.523s] Level 1:colcon.colcon_core.package_identification:_identify(scr) by extensions ['ros']
[0.523s] Level 1:colcon.colcon_core.package_identification:_identify(scr) by extension 'ros'
[0.523s] Level 1:colcon.colcon_core.package_identification:_identify(scr) by extensions ['cmake', 'python']
[0.523s] Level 1:colcon.colcon_core.package_identification:_identify(scr) by extension 'cmake'
[0.523s] Level 1:colcon.colcon_core.package_identification:_identify(scr) by extension 'python'
[0.523s] Level 1:colcon.colcon_core.package_identification:_identify(scr) by extensions ['python_setup_py']
[0.523s] Level 1:colcon.colcon_core.package_identification:_identify(scr) by extension 'python_setup_py'
[0.523s] Level 1:colcon.colcon_core.package_identification:_identify(scr/robot_incendios) by extensions ['ignore', 'ignore_ament_install']
[0.523s] Level 1:colcon.colcon_core.package_identification:_identify(scr/robot_incendios) by extension 'ignore'
[0.523s] Level 1:colcon.colcon_core.package_identification:_identify(scr/robot_incendios) by extension 'ignore_ament_install'
[0.523s] Level 1:colcon.colcon_core.package_identification:_identify(scr/robot_incendios) by extensions ['colcon_pkg']
[0.523s] Level 1:colcon.colcon_core.package_identification:_identify(scr/robot_incendios) by extension 'colcon_pkg'
[0.523s] Level 1:colcon.colcon_core.package_identification:_identify(scr/robot_incendios) by extensions ['colcon_meta']
[0.523s] Level 1:colcon.colcon_core.package_identification:_identify(scr/robot_incendios) by extension 'colcon_meta'
[0.523s] Level 1:colcon.colcon_core.package_identification:_identify(scr/robot_incendios) by extensions ['ros']
[0.524s] Level 1:colcon.colcon_core.package_identification:_identify(scr/robot_incendios) by extension 'ros'
[0.527s] DEBUG:colcon.colcon_core.package_identification:Package 'scr/robot_incendios' with type 'ros.ament_python' and name 'robot_incendios'
[0.527s] Level 1:colcon.colcon_core.package_identification:_identify(scr/simulacion_ri) by extensions ['ignore', 'ignore_ament_install']
[0.527s] Level 1:colcon.colcon_core.package_identification:_identify(scr/simulacion_ri) by extension 'ignore'
[0.527s] Level 1:colcon.colcon_core.package_identification:_identify(scr/simulacion_ri) by extension 'ignore_ament_install'
[0.527s] Level 1:colcon.colcon_core.package_identification:_identify(scr/simulacion_ri) by extensions ['colcon_pkg']
[0.527s] Level 1:colcon.colcon_core.package_identification:_identify(scr/simulacion_ri) by extension 'colcon_pkg'
[0.527s] Level 1:colcon.colcon_core.package_identification:_identify(scr/simulacion_ri) by extensions ['colcon_meta']
[0.528s] Level 1:colcon.colcon_core.package_identification:_identify(scr/simulacion_ri) by extension 'colcon_meta'
[0.528s] Level 1:colcon.colcon_core.package_identification:_identify(scr/simulacion_ri) by extensions ['ros']
[0.528s] Level 1:colcon.colcon_core.package_identification:_identify(scr/simulacion_ri) by extension 'ros'
[0.529s] DEBUG:colcon.colcon_core.package_identification:Package 'scr/simulacion_ri' with type 'ros.ament_python' and name 'simulacion_RI'
[0.529s] Level 1:colcon.colcon_core.package_discovery:discover_packages(recursive) using defaults
[0.529s] Level 1:colcon.colcon_core.package_discovery:discover_packages(ignore) discover
[0.529s] Level 1:colcon.colcon_core.package_discovery:discover_packages(ignore) using defaults
[0.529s] Level 1:colcon.colcon_core.package_discovery:discover_packages(path) discover
[0.529s] Level 1:colcon.colcon_core.package_discovery:discover_packages(path) using defaults
[0.554s] Level 1:colcon.colcon_core.package_discovery:discover_packages(prefix_path) check parameters
[0.554s] Level 1:colcon.colcon_core.package_discovery:discover_packages(prefix_path) discover
[0.556s] DEBUG:colcon.colcon_installed_package_information.package_discovery:Found 2 installed packages in /home/jairls/robot_incendios_ws/install
[0.558s] DEBUG:colcon.colcon_installed_package_information.package_discovery:Found 443 installed packages in /opt/ros/jazzy
[0.561s] Level 1:colcon.colcon_core.package_discovery:discover_packages(prefix_path) using defaults
[0.630s] Level 5:colcon.colcon_core.verb:set package 'robot_incendios' build argument 'cmake_args' from command line to 'None'
[0.630s] Level 5:colcon.colcon_core.verb:set package 'robot_incendios' build argument 'cmake_target' from command line to 'None'
[0.630s] Level 5:colcon.colcon_core.verb:set package 'robot_incendios' build argument 'cmake_target_skip_unavailable' from command line to 'False'
[0.630s] Level 5:colcon.colcon_core.verb:set package 'robot_incendios' build argument 'cmake_clean_cache' from command line to 'False'
[0.630s] Level 5:colcon.colcon_core.verb:set package 'robot_incendios' build argument 'cmake_clean_first' from command line to 'False'
[0.630s] Level 5:colcon.colcon_core.verb:set package 'robot_incendios' build argument 'cmake_force_configure' from command line to 'False'
[0.630s] Level 5:colcon.colcon_core.verb:set package 'robot_incendios' build argument 'ament_cmake_args' from command line to 'None'
[0.630s] Level 5:colcon.colcon_core.verb:set package 'robot_incendios' build argument 'catkin_cmake_args' from command line to 'None'
[0.630s] Level 5:colcon.colcon_core.verb:set package 'robot_incendios' build argument 'catkin_skip_building_tests' from command line to 'False'
[0.630s] DEBUG:colcon.colcon_core.verb:Building package 'robot_incendios' with the following arguments: {'ament_cmake_args': None, 'build_base': '/home/jairls/robot_incendios_ws/build/robot_incendios', 'catkin_cmake_args': None, 'catkin_skip_building_tests': False, 'cmake_args': None, 'cmake_clean_cache': False, 'cmake_clean_first': False, 'cmake_force_configure': False, 'cmake_target': None, 'cmake_target_skip_unavailable': False, 'install_base': '/home/jairls/robot_incendios_ws/install/robot_incendios', 'merge_install': False, 'path': '/home/jairls/robot_incendios_ws/scr/robot_incendios', 'symlink_install': False, 'test_result_base': None}
[0.631s] Level 5:colcon.colcon_core.verb:set package 'simulacion_RI' build argument 'cmake_args' from command line to 'None'
[0.631s] Level 5:colcon.colcon_core.verb:set package 'simulacion_RI' build argument 'cmake_target' from command line to 'None'
[0.631s] Level 5:colcon.colcon_core.verb:set package 'simulacion_RI' build argument 'cmake_target_skip_unavailable' from command line to 'False'
[0.631s] Level 5:colcon.colcon_core.verb:set package 'simulacion_RI' build argument 'cmake_clean_cache' from command line to 'False'
[0.632s] Level 5:colcon.colcon_core.verb:set package 'simulacion_RI' build argument 'cmake_clean_first' from command line to 'False'
[0.632s] Level 5:colcon.colcon_core.verb:set package 'simulacion_RI' build argument 'cmake_force_configure' from command line to 'False'
[0.632s] Level 5:colcon.colcon_core.verb:set package 'simulacion_RI' build argument 'ament_cmake_args' from command line to 'None'
[0.633s] Level 5:colcon.colcon_core.verb:set package 'simulacion_RI' build argument 'catkin_cmake_args' from command line to 'None'
[0.633s] Level 5:colcon.colcon_core.verb:set package 'simulacion_RI' build argument 'catkin_skip_building_tests' from command line to 'False'
[0.633s] DEBUG:colcon.colcon_core.verb:Building package 'simulacion_RI' with the following arguments: {'ament_cmake_args': None, 'build_base': '/home/jairls/robot_incendios_ws/build/simulacion_RI', 'catkin_cmake_args': None, 'catkin_skip_building_tests': False, 'cmake_args': None, 'cmake_clean_cache': False, 'cmake_clean_first': False, 'cmake_force_configure': False, 'cmake_target': None, 'cmake_target_skip_unavailable': False, 'install_base': '/home/jairls/robot_incendios_ws/install/simulacion_RI', 'merge_install': False, 'path': '/home/jairls/robot_incendios_ws/scr/simulacion_ri', 'symlink_install': False, 'test_result_base': None}
[0.633s] INFO:colcon.colcon_core.executor:Executing jobs using 'parallel' executor
[0.635s] DEBUG:colcon.colcon_parallel_executor.executor.parallel:run_until_complete
[0.635s] INFO:colcon.colcon_ros.task.ament_python.build:Building ROS package in '/home/jairls/robot_incendios_ws/scr/robot_incendios' with build type 'ament_python'
[0.636s] Level 1:colcon.colcon_core.shell:create_environment_hook('robot_incendios', 'ament_prefix_path')
[0.639s] INFO:colcon.colcon_core.plugin_system:Skipping extension 'colcon_core.shell.bat': Not used on non-Windows systems
[0.640s] INFO:colcon.colcon_core.shell:Creating environment hook '/home/jairls/robot_incendios_ws/install/robot_incendios/share/robot_incendios/hook/ament_prefix_path.ps1'
[0.640s] INFO:colcon.colcon_core.shell:Creating environment descriptor '/home/jairls/robot_incendios_ws/install/robot_incendios/share/robot_incendios/hook/ament_prefix_path.dsv'
[0.641s] INFO:colcon.colcon_core.shell:Creating environment hook '/home/jairls/robot_incendios_ws/install/robot_incendios/share/robot_incendios/hook/ament_prefix_path.sh'
[0.642s] INFO:colcon.colcon_core.shell:Skip shell extension 'powershell' for command environment: Not usable outside of PowerShell
[0.642s] DEBUG:colcon.colcon_core.shell:Skip shell extension 'dsv' for command environment
[0.646s] INFO:colcon.colcon_ros.task.ament_python.build:Building ROS package in '/home/jairls/robot_incendios_ws/scr/simulacion_ri' with build type 'ament_python'
[0.647s] Level 1:colcon.colcon_core.shell:create_environment_hook('simulacion_RI', 'ament_prefix_path')
[0.647s] INFO:colcon.colcon_core.shell:Creating environment hook '/home/jairls/robot_incendios_ws/install/simulacion_RI/share/simulacion_RI/hook/ament_prefix_path.ps1'
[0.651s] INFO:colcon.colcon_core.shell:Creating environment descriptor '/home/jairls/robot_incendios_ws/install/simulacion_RI/share/simulacion_RI/hook/ament_prefix_path.dsv'
[0.653s] INFO:colcon.colcon_core.shell:Creating environment hook '/home/jairls/robot_incendios_ws/install/simulacion_RI/share/simulacion_RI/hook/ament_prefix_path.sh'
[0.654s] INFO:colcon.colcon_core.shell:Skip shell extension 'powershell' for command environment: Not usable outside of PowerShell
[0.654s] DEBUG:colcon.colcon_core.shell:Skip shell extension 'dsv' for command environment
[0.976s] INFO:colcon.colcon_core.task.python.build:Building Python package in '/home/jairls/robot_incendios_ws/scr/robot_incendios'
[0.977s] INFO:colcon.colcon_core.shell:Skip shell extension 'powershell' for command environment: Not usable outside of PowerShell
[0.977s] DEBUG:colcon.colcon_core.shell:Skip shell extension 'dsv' for command environment
[1.311s] INFO:colcon.colcon_core.task.python.build:Building Python package in '/home/jairls/robot_incendios_ws/scr/simulacion_ri'
[1.312s] INFO:colcon.colcon_core.shell:Skip shell extension 'powershell' for command environment: Not usable outside of PowerShell
[1.312s] DEBUG:colcon.colcon_core.shell:Skip shell extension 'dsv' for command environment
[2.280s] DEBUG:colcon.colcon_core.event_handler.log_command:Invoking command in '/home/jairls/robot_incendios_ws/scr/simulacion_ri': PYTHONPATH=/home/jairls/robot_incendios_ws/build/simulacion_RI/prefix_override:/usr/lib/python3/dist-packages/colcon_core/task/python/colcon_distutils_commands:/home/jairls/robot_incendios_ws/install/simulacion_RI/lib/python3.12/site-packages:${PYTHONPATH} /usr/bin/python3 -W ignore:setup.py install is deprecated -W ignore:easy_install command is deprecated setup.py egg_info --egg-base ../../build/simulacion_RI build --build-base /home/jairls/robot_incendios_ws/build/simulacion_RI/build install --record /home/jairls/robot_incendios_ws/build/simulacion_RI/install.log --single-version-externally-managed install_data
[2.300s] DEBUG:colcon.colcon_core.event_handler.log_command:Invoking command in '/home/jairls/robot_incendios_ws/scr/robot_incendios': PYTHONPATH=/home/jairls/robot_incendios_ws/build/robot_incendios/prefix_override:/usr/lib/python3/dist-packages/colcon_core/task/python/colcon_distutils_commands:/home/jairls/robot_incendios_ws/install/robot_incendios/lib/python3.12/site-packages:${PYTHONPATH} /usr/bin/python3 -W ignore:setup.py install is deprecated -W ignore:easy_install command is deprecated setup.py egg_info --egg-base ../../build/robot_incendios build --build-base /home/jairls/robot_incendios_ws/build/robot_incendios/build install --record /home/jairls/robot_incendios_ws/build/robot_incendios/install.log --single-version-externally-managed install_data
[3.142s] DEBUG:colcon.colcon_core.event_handler.log_command:Invoked command in '/home/jairls/robot_incendios_ws/scr/robot_incendios' returned '0': PYTHONPATH=/home/jairls/robot_incendios_ws/build/robot_incendios/prefix_override:/usr/lib/python3/dist-packages/colcon_core/task/python/colcon_distutils_commands:/home/jairls/robot_incendios_ws/install/robot_incendios/lib/python3.12/site-packages:${PYTHONPATH} /usr/bin/python3 -W ignore:setup.py install is deprecated -W ignore:easy_install command is deprecated setup.py egg_info --egg-base ../../build/robot_incendios build --build-base /home/jairls/robot_incendios_ws/build/robot_incendios/build install --record /home/jairls/robot_incendios_ws/build/robot_incendios/install.log --single-version-externally-managed install_data
[3.144s] Level 1:colcon.colcon_core.environment:checking '/home/jairls/robot_incendios_ws/install/robot_incendios' for CMake module files
[3.145s] Level 1:colcon.colcon_core.environment:checking '/home/jairls/robot_incendios_ws/install/robot_incendios' for CMake config files
[3.146s] Level 1:colcon.colcon_core.environment:checking '/home/jairls/robot_incendios_ws/install/robot_incendios/lib'
[3.146s] Level 1:colcon.colcon_core.environment:checking '/home/jairls/robot_incendios_ws/install/robot_incendios/bin'
[3.146s] Level 1:colcon.colcon_core.environment:checking '/home/jairls/robot_incendios_ws/install/robot_incendios/lib/pkgconfig/robot_incendios.pc'
[3.146s] Level 1:colcon.colcon_core.environment:checking '/home/jairls/robot_incendios_ws/install/robot_incendios/lib/python3.12/site-packages'
[3.147s] Level 1:colcon.colcon_core.shell:create_environment_hook('robot_incendios', 'pythonpath')
[3.147s] INFO:colcon.colcon_core.shell:Creating environment hook '/home/jairls/robot_incendios_ws/install/robot_incendios/share/robot_incendios/hook/pythonpath.ps1'
[3.148s] INFO:colcon.colcon_core.shell:Creating environment descriptor '/home/jairls/robot_incendios_ws/install/robot_incendios/share/robot_incendios/hook/pythonpath.dsv'
[3.148s] INFO:colcon.colcon_core.shell:Creating environment hook '/home/jairls/robot_incendios_ws/install/robot_incendios/share/robot_incendios/hook/pythonpath.sh'
[3.149s] Level 1:colcon.colcon_core.environment:checking '/home/jairls/robot_incendios_ws/install/robot_incendios/bin'
[3.149s] Level 1:colcon.colcon_core.environment:create_environment_scripts_only(robot_incendios)
[3.150s] INFO:colcon.colcon_core.shell:Creating package script '/home/jairls/robot_incendios_ws/install/robot_incendios/share/robot_incendios/package.ps1'
[3.151s] INFO:colcon.colcon_core.shell:Creating package descriptor '/home/jairls/robot_incendios_ws/install/robot_incendios/share/robot_incendios/package.dsv'
[3.151s] INFO:colcon.colcon_core.shell:Creating package script '/home/jairls/robot_incendios_ws/install/robot_incendios/share/robot_incendios/package.sh'
[3.152s] INFO:colcon.colcon_core.shell:Creating package script '/home/jairls/robot_incendios_ws/install/robot_incendios/share/robot_incendios/package.bash'
[3.153s] INFO:colcon.colcon_core.shell:Creating package script '/home/jairls/robot_incendios_ws/install/robot_incendios/share/robot_incendios/package.zsh'
[3.153s] Level 1:colcon.colcon_core.environment:create_file_with_runtime_dependencies(/home/jairls/robot_incendios_ws/install/robot_incendios/share/colcon-core/packages/robot_incendios)
[3.154s] Level 1:colcon.colcon_core.environment:checking '/home/jairls/robot_incendios_ws/install/simulacion_RI' for CMake module files
[3.157s] Level 1:colcon.colcon_core.environment:checking '/home/jairls/robot_incendios_ws/install/simulacion_RI' for CMake config files
[3.158s] DEBUG:colcon.colcon_core.event_handler.log_command:Invoked command in '/home/jairls/robot_incendios_ws/scr/simulacion_ri' returned '0': PYTHONPATH=/home/jairls/robot_incendios_ws/build/simulacion_RI/prefix_override:/usr/lib/python3/dist-packages/colcon_core/task/python/colcon_distutils_commands:/home/jairls/robot_incendios_ws/install/simulacion_RI/lib/python3.12/site-packages:${PYTHONPATH} /usr/bin/python3 -W ignore:setup.py install is deprecated -W ignore:easy_install command is deprecated setup.py egg_info --egg-base ../../build/simulacion_RI build --build-base /home/jairls/robot_incendios_ws/build/simulacion_RI/build install --record /home/jairls/robot_incendios_ws/build/simulacion_RI/install.log --single-version-externally-managed install_data
[3.161s] Level 1:colcon.colcon_core.environment:checking '/home/jairls/robot_incendios_ws/install/simulacion_RI/lib'
[3.161s] Level 1:colcon.colcon_core.environment:checking '/home/jairls/robot_incendios_ws/install/simulacion_RI/bin'
[3.161s] Level 1:colcon.colcon_core.environment:checking '/home/jairls/robot_incendios_ws/install/simulacion_RI/lib/pkgconfig/simulacion_RI.pc'
[3.161s] Level 1:colcon.colcon_core.environment:checking '/home/jairls/robot_incendios_ws/install/simulacion_RI/lib/python3.12/site-packages'
[3.161s] Level 1:colcon.colcon_core.shell:create_environment_hook('simulacion_RI', 'pythonpath')
[3.162s] INFO:colcon.colcon_core.shell:Creating environment hook '/home/jairls/robot_incendios_ws/install/simulacion_RI/share/simulacion_RI/hook/pythonpath.ps1'
[3.162s] INFO:colcon.colcon_core.shell:Creating environment descriptor '/home/jairls/robot_incendios_ws/install/simulacion_RI/share/simulacion_RI/hook/pythonpath.dsv'
[3.163s] INFO:colcon.colcon_core.shell:Creating environment hook '/home/jairls/robot_incendios_ws/install/simulacion_RI/share/simulacion_RI/hook/pythonpath.sh'
[3.164s] Level 1:colcon.colcon_core.environment:checking '/home/jairls/robot_incendios_ws/install/simulacion_RI/bin'
[3.164s] Level 1:colcon.colcon_core.environment:create_environment_scripts_only(simulacion_RI)
[3.164s] INFO:colcon.colcon_core.shell:Creating package script '/home/jairls/robot_incendios_ws/install/simulacion_RI/share/simulacion_RI/package.ps1'
[3.165s] INFO:colcon.colcon_core.shell:Creating package descriptor '/home/jairls/robot_incendios_ws/install/simulacion_RI/share/simulacion_RI/package.dsv'
[3.166s] INFO:colcon.colcon_core.shell:Creating package script '/home/jairls/robot_incendios_ws/install/simulacion_RI/share/simulacion_RI/package.sh'
[3.166s] INFO:colcon.colcon_core.shell:Creating package script '/home/jairls/robot_incendios_ws/install/simulacion_RI/share/simulacion_RI/package.bash'
[3.167s] INFO:colcon.colcon_core.shell:Creating package script '/home/jairls/robot_incendios_ws/install/simulacion_RI/share/simulacion_RI/package.zsh'
[3.167s] Level 1:colcon.colcon_core.environment:create_file_with_runtime_dependencies(/home/jairls/robot_incendios_ws/install/simulacion_RI/share/colcon-core/packages/simulacion_RI)
[3.168s] DEBUG:colcon.colcon_parallel_executor.executor.parallel:closing loop
[3.168s] DEBUG:colcon.colcon_parallel_executor.executor.parallel:loop closed
[3.169s] DEBUG:colcon.colcon_parallel_executor.executor.parallel:run_until_complete finished with '0'
[3.169s] DEBUG:colcon.colcon_core.event_reactor:joining thread
[3.289s] INFO:colcon.colcon_core.plugin_system:Skipping extension 'colcon_notification.desktop_notification.notify_send': Could not find 'notify-send'
[3.290s] INFO:colcon.colcon_core.plugin_system:Skipping extension 'colcon_notification.desktop_notification.terminal_notifier': Not used on non-Darwin systems
[3.290s] INFO:colcon.colcon_core.plugin_system:Skipping extension 'colcon_notification.desktop_notification.win32': Not used on non-Windows systems
[3.290s] INFO:colcon.colcon_notification.desktop_notification:Sending desktop notification using 'notify2'
[3.293s] DEBUG:colcon.colcon_notification.desktop_notification.notify2:Failed to initialize notify2: org.freedesktop.DBus.Error.ServiceUnknown: The name org.freedesktop.Notifications was not provided by any .service files
[3.293s] DEBUG:colcon.colcon_core.event_reactor:joined thread
[3.294s] INFO:colcon.colcon_core.shell:Creating prefix script '/home/jairls/robot_incendios_ws/install/local_setup.ps1'
[3.297s] INFO:colcon.colcon_core.shell:Creating prefix util module '/home/jairls/robot_incendios_ws/install/_local_setup_util_ps1.py'
[3.299s] INFO:colcon.colcon_core.shell:Creating prefix chain script '/home/jairls/robot_incendios_ws/install/setup.ps1'
[3.302s] INFO:colcon.colcon_core.shell:Creating prefix script '/home/jairls/robot_incendios_ws/install/local_setup.sh'
[3.303s] INFO:colcon.colcon_core.shell:Creating prefix util module '/home/jairls/robot_incendios_ws/install/_local_setup_util_sh.py'
[3.306s] INFO:colcon.colcon_core.shell:Creating prefix chain script '/home/jairls/robot_incendios_ws/install/setup.sh'
[3.308s] INFO:colcon.colcon_core.shell:Creating prefix script '/home/jairls/robot_incendios_ws/install/local_setup.bash'
[3.310s] INFO:colcon.colcon_core.shell:Creating prefix chain script '/home/jairls/robot_incendios_ws/install/setup.bash'
[3.315s] INFO:colcon.colcon_core.shell:Creating prefix script '/home/jairls/robot_incendios_ws/install/local_setup.zsh'
[3.316s] INFO:colcon.colcon_core.shell:Creating prefix chain script '/home/jairls/robot_incendios_ws/install/setup.zsh'
