running develop
running egg_info
creating srvcli_package.egg-info
writing srvcli_package.egg-info/PKG-INFO
writing dependency_links to srvcli_package.egg-info/dependency_links.txt
writing entry points to srvcli_package.egg-info/entry_points.txt
writing requirements to srvcli_package.egg-info/requires.txt
writing top-level names to srvcli_package.egg-info/top_level.txt
writing manifest file 'srvcli_package.egg-info/SOURCES.txt'
reading manifest file 'srvcli_package.egg-info/SOURCES.txt'
writing manifest file 'srvcli_package.egg-info/SOURCES.txt'
running build_ext
Creating /home/jairls/robot_incendios_ws/install/srvcli_package/lib/python3.12/site-packages/srvcli-package.egg-link (link to .)
Installing client script to /home/jairls/robot_incendios_ws/install/srvcli_package/lib/srvcli_package
Installing service script to /home/jairls/robot_incendios_ws/install/srvcli_package/lib/srvcli_package

Installed /home/jairls/robot_incendios_ws/build/srvcli_package
running symlink_data
creating /home/jairls/robot_incendios_ws/install/srvcli_package/share/ament_index
creating /home/jairls/robot_incendios_ws/install/srvcli_package/share/ament_index/resource_index
creating /home/jairls/robot_incendios_ws/install/srvcli_package/share/ament_index/resource_index/packages
symbolically linking /home/jairls/robot_incendios_ws/build/srvcli_package/resource/srvcli_package -> /home/jairls/robot_incendios_ws/install/srvcli_package/share/ament_index/resource_index/packages
symbolically linking /home/jairls/robot_incendios_ws/build/srvcli_package/package.xml -> /home/jairls/robot_incendios_ws/install/srvcli_package/share/srvcli_package
