[1.614s] Invoking command in '/home/jairls/robot_incendios_ws/build/srvcli_package': AMENT_PREFIX_PATH=/home/jairls/robot_incendios_ws/install/interfaces_tutorial:${AMENT_PREFIX_PATH} CMAKE_PREFIX_PATH=/home/jairls/robot_incendios_ws/install/interfaces_tutorial:${CMAKE_PREFIX_PATH} LD_LIBRARY_PATH=/home/jairls/robot_incendios_ws/install/interfaces_tutorial/lib:${LD_LIBRARY_PATH} PYTHONPATH=/home/jairls/robot_incendios_ws/build/srvcli_package/prefix_override:/usr/lib/python3/dist-packages/colcon_core/task/python/colcon_distutils_commands:/home/jairls/robot_incendios_ws/install/srvcli_package/lib/python3.12/site-packages:/home/jairls/robot_incendios_ws/install/interfaces_tutorial/lib/python3.12/site-packages:${PYTHONPATH} /usr/bin/python3 -W ignore:setup.py install is deprecated -W ignore:easy_install command is deprecated setup.py develop --editable --build-directory /home/jairls/robot_incendios_ws/build/srvcli_package/build --no-deps symlink_data
[1.890s] running develop
[2.044s] running egg_info
[2.044s] creating srvcli_package.egg-info
[2.059s] writing srvcli_package.egg-info/PKG-INFO
[2.059s] writing dependency_links to srvcli_package.egg-info/dependency_links.txt
[2.059s] writing entry points to srvcli_package.egg-info/entry_points.txt
[2.059s] writing requirements to srvcli_package.egg-info/requires.txt
[2.059s] writing top-level names to srvcli_package.egg-info/top_level.txt
[2.059s] writing manifest file 'srvcli_package.egg-info/SOURCES.txt'
[2.088s] reading manifest file 'srvcli_package.egg-info/SOURCES.txt'
[2.088s] writing manifest file 'srvcli_package.egg-info/SOURCES.txt'
[2.105s] running build_ext
[2.105s] Creating /home/jairls/robot_incendios_ws/install/srvcli_package/lib/python3.12/site-packages/srvcli-package.egg-link (link to .)
[2.105s] Installing client script to /home/jairls/robot_incendios_ws/install/srvcli_package/lib/srvcli_package
[2.105s] Installing service script to /home/jairls/robot_incendios_ws/install/srvcli_package/lib/srvcli_package
[2.106s] 
[2.106s] Installed /home/jairls/robot_incendios_ws/build/srvcli_package
[2.106s] running symlink_data
[2.107s] creating /home/jairls/robot_incendios_ws/install/srvcli_package/share/ament_index
[2.107s] creating /home/jairls/robot_incendios_ws/install/srvcli_package/share/ament_index/resource_index
[2.107s] creating /home/jairls/robot_incendios_ws/install/srvcli_package/share/ament_index/resource_index/packages
[2.107s] symbolically linking /home/jairls/robot_incendios_ws/build/srvcli_package/resource/srvcli_package -> /home/jairls/robot_incendios_ws/install/srvcli_package/share/ament_index/resource_index/packages
[2.108s] symbolically linking /home/jairls/robot_incendios_ws/build/srvcli_package/package.xml -> /home/jairls/robot_incendios_ws/install/srvcli_package/share/srvcli_package
[2.133s] Invoked command in '/home/jairls/robot_incendios_ws/build/srvcli_package' returned '0': AMENT_PREFIX_PATH=/home/jairls/robot_incendios_ws/install/interfaces_tutorial:${AMENT_PREFIX_PATH} CMAKE_PREFIX_PATH=/home/jairls/robot_incendios_ws/install/interfaces_tutorial:${CMAKE_PREFIX_PATH} LD_LIBRARY_PATH=/home/jairls/robot_incendios_ws/install/interfaces_tutorial/lib:${LD_LIBRARY_PATH} PYTHONPATH=/home/jairls/robot_incendios_ws/build/srvcli_package/prefix_override:/usr/lib/python3/dist-packages/colcon_core/task/python/colcon_distutils_commands:/home/jairls/robot_incendios_ws/install/srvcli_package/lib/python3.12/site-packages:/home/jairls/robot_incendios_ws/install/interfaces_tutorial/lib/python3.12/site-packages:${PYTHONPATH} /usr/bin/python3 -W ignore:setup.py install is deprecated -W ignore:easy_install command is deprecated setup.py develop --editable --build-directory /home/jairls/robot_incendios_ws/build/srvcli_package/build --no-deps symlink_data
