running develop
running egg_info
creating my_second_package.egg-info
writing my_second_package.egg-info/PKG-INFO
writing dependency_links to my_second_package.egg-info/dependency_links.txt
writing entry points to my_second_package.egg-info/entry_points.txt
writing requirements to my_second_package.egg-info/requires.txt
writing top-level names to my_second_package.egg-info/top_level.txt
writing manifest file 'my_second_package.egg-info/SOURCES.txt'
reading manifest file 'my_second_package.egg-info/SOURCES.txt'
writing manifest file 'my_second_package.egg-info/SOURCES.txt'
running build_ext
Creating /home/jairls/robot_incendios_ws/install/my_second_package/lib/python3.12/site-packages/my-second-package.egg-link (link to .)
Installing my_node script to /home/jairls/robot_incendios_ws/install/my_second_package/lib/my_second_package

Installed /home/jairls/robot_incendios_ws/build/my_second_package
running symlink_data
creating /home/jairls/robot_incendios_ws/install/my_second_package/share/ament_index
creating /home/jairls/robot_incendios_ws/install/my_second_package/share/ament_index/resource_index
creating /home/jairls/robot_incendios_ws/install/my_second_package/share/ament_index/resource_index/packages
symbolically linking /home/jairls/robot_incendios_ws/build/my_second_package/resource/my_second_package -> /home/jairls/robot_incendios_ws/install/my_second_package/share/ament_index/resource_index/packages
symbolically linking /home/jairls/robot_incendios_ws/build/my_second_package/package.xml -> /home/jairls/robot_incendios_ws/install/my_second_package/share/my_second_package
