[4.370s] Invoking command in '/home/jairls/robot_incendios_ws/build/my_second_package': PYTHONPATH=/home/jairls/robot_incendios_ws/build/my_second_package/prefix_override:/usr/lib/python3/dist-packages/colcon_core/task/python/colcon_distutils_commands:/home/jairls/robot_incendios_ws/install/my_second_package/lib/python3.12/site-packages:${PYTHONPATH} /usr/bin/python3 -W ignore:setup.py install is deprecated -W ignore:easy_install command is deprecated setup.py develop --editable --build-directory /home/jairls/robot_incendios_ws/build/my_second_package/build --no-deps symlink_data
[5.184s] running develop
[5.604s] running egg_info
[5.604s] creating my_second_package.egg-info
[5.667s] writing my_second_package.egg-info/PKG-INFO
[5.668s] writing dependency_links to my_second_package.egg-info/dependency_links.txt
[5.669s] writing entry points to my_second_package.egg-info/entry_points.txt
[5.670s] writing requirements to my_second_package.egg-info/requires.txt
[5.672s] writing top-level names to my_second_package.egg-info/top_level.txt
[5.673s] writing manifest file 'my_second_package.egg-info/SOURCES.txt'
[5.797s] reading manifest file 'my_second_package.egg-info/SOURCES.txt'
[5.798s] writing manifest file 'my_second_package.egg-info/SOURCES.txt'
[5.867s] running build_ext
[5.867s] Creating /home/jairls/robot_incendios_ws/install/my_second_package/lib/python3.12/site-packages/my-second-package.egg-link (link to .)
[5.867s] Installing my_node script to /home/jairls/robot_incendios_ws/install/my_second_package/lib/my_second_package
[5.883s] 
[5.883s] Installed /home/jairls/robot_incendios_ws/build/my_second_package
[5.883s] running symlink_data
[5.883s] creating /home/jairls/robot_incendios_ws/install/my_second_package/share/ament_index
[5.883s] creating /home/jairls/robot_incendios_ws/install/my_second_package/share/ament_index/resource_index
[5.884s] creating /home/jairls/robot_incendios_ws/install/my_second_package/share/ament_index/resource_index/packages
[5.884s] symbolically linking /home/jairls/robot_incendios_ws/build/my_second_package/resource/my_second_package -> /home/jairls/robot_incendios_ws/install/my_second_package/share/ament_index/resource_index/packages
[5.884s] symbolically linking /home/jairls/robot_incendios_ws/build/my_second_package/package.xml -> /home/jairls/robot_incendios_ws/install/my_second_package/share/my_second_package
[6.147s] Invoked command in '/home/jairls/robot_incendios_ws/build/my_second_package' returned '0': PYTHONPATH=/home/jairls/robot_incendios_ws/build/my_second_package/prefix_override:/usr/lib/python3/dist-packages/colcon_core/task/python/colcon_distutils_commands:/home/jairls/robot_incendios_ws/install/my_second_package/lib/python3.12/site-packages:${PYTHONPATH} /usr/bin/python3 -W ignore:setup.py install is deprecated -W ignore:easy_install command is deprecated setup.py develop --editable --build-directory /home/jairls/robot_incendios_ws/build/my_second_package/build --no-deps symlink_data
