[0.013s] Invoking command in '/home/jairls/robot_incendios_ws/build/simulacion_ri': CMAKE_PREFIX_PATH=${CMAKE_PREFIX_PATH}:/home/jairls/robot_incendios_ws/install/simulacion_ri:/home/jairls/robot_incendios_ws/install/simulacion_RI:/home/jairls/robot_incendios_ws/install/robot_incendios:/opt/ros/jazzy /usr/bin/cmake /home/jairls/robot_incendios_ws/scr/simulacion_ri -DCMAKE_INSTALL_PREFIX=/home/jairls/robot_incendios_ws/install/simulacion_ri
[0.212s] -- The C compiler identification is GNU 13.3.0
[1.022s] -- The CXX compiler identification is GNU 13.3.0
[1.830s] -- Detecting C compiler ABI info
[2.130s] -- Detecting C compiler ABI info - done
[2.136s] -- Check for working C compiler: /usr/bin/cc - skipped
[2.137s] -- Detecting C compile features
[2.138s] -- Detecting C compile features - done
[2.240s] -- Detecting CXX compiler ABI info
[2.507s] -- Detecting CXX compiler ABI info - done
[2.513s] -- Check for working CXX compiler: /usr/bin/c++ - skipped
[2.513s] -- Detecting CXX compile features
[2.514s] -- Detecting CXX compile features - done
[2.529s] -- Found ament_cmake: 2.5.6 (/opt/ros/jazzy/share/ament_cmake/cmake)
[2.666s] -- Found Python3: /usr/bin/python3 (found version "3.12.3") found components: Interpreter 
[2.873s] [31mCMake Error at /opt/ros/jazzy/share/ament_cmake_core/cmake/core/ament_package_xml.cmake:53 (message):
[2.873s]   ament_package_xml() package name 'simulacion_ri' in '/package.xml' does not
[2.874s]   match current PROJECT_NAME 'Ensamblaje_V1'.  You must call project() with
[2.874s]   the same package name before.
[2.874s] Call Stack (most recent call first):
[2.874s]   /opt/ros/jazzy/share/ament_cmake_core/cmake/core/ament_package.cmake:63 (ament_package_xml)
[2.874s]   CMakeLists.txt:11 (ament_package)
[2.874s] 
[2.874s] [0m
[2.874s] -- Configuring incomplete, errors occurred!
[2.878s] Invoked command in '/home/jairls/robot_incendios_ws/build/simulacion_ri' returned '1': CMAKE_PREFIX_PATH=${CMAKE_PREFIX_PATH}:/home/jairls/robot_incendios_ws/install/simulacion_ri:/home/jairls/robot_incendios_ws/install/simulacion_RI:/home/jairls/robot_incendios_ws/install/robot_incendios:/opt/ros/jazzy /usr/bin/cmake /home/jairls/robot_incendios_ws/scr/simulacion_ri -DCMAKE_INSTALL_PREFIX=/home/jairls/robot_incendios_ws/install/simulacion_ri
